1580136858065236.2 0.762649,1.72333,2.652008,0.0,-0.089095,0.0,0.996023
1580136858666460.2 0.8538,1.782516,2.638861,0.0,-0.216481,0.0,0.976287
1580136859268706.5 0.592983,1.754824,2.505009,0.0,-0.984008,0.0,0.178122
1580136859870143.2 0.675267,1.749673,2.28119,0.0,0.990686,0.0,0.136165
1580136860471912.0 0.723788,1.708251,2.188322,0.0,0.973472,0.0,0.228807
1580136861073497.0 0.734771,1.639947,2.122113,0.0,0.937089,0.0,0.34909
1580136861675107.5 0.430699,1.807644,2.177195,0.0,0.999609,0.0,0.027949
1580136862277236.2 0.176245,1.893131,2.48058,0.0,-0.998851,0.0,0.047927
1580136862879017.0 -0.066854,1.723962,1.996281,0.0,0.928883,0.0,0.370373
1580136863481139.5 -0.174845,1.738734,2.002644,0.0,0.905416,0.0,0.424526
1580136864082623.2 -0.188384,1.744249,2.079481,0.0,0.933203,0.0,0.359351
1580136864684398.8 -0.170838,1.742354,2.102954,0.0,0.952616,0.0,0.304176
1580136865286138.2 -0.25672,1.744048,1.904608,0.0,0.951412,0.0,0.307921
1580136865887610.5 -0.166571,1.727326,1.423354,0.0,0.892446,0.0,0.451155
1580136866489925.0 -0.199865,1.715174,1.224413,0.0,0.926698,0.0,0.375808
1580136867091430.5 -0.16915,1.793164,1.036014,0.0,0.951707,0.0,0.307009
1580136867693334.5 -0.222715,1.793557,0.85891,0.0,0.971717,0.0,0.236147
1580136868294336.0 -0.320161,1.93465,0.810444,0.0,0.981175,0.0,0.193121
1580136868896739.0 -0.33747,1.954515,0.767534,0.0,0.981979,0.0,0.188992
1580136869499184.5 -0.288463,1.982482,0.68227,0.0,0.982078,0.0,0.188476
1580136870100365.8 -0.253632,2.114942,0.63018,0.0,0.983667,0.0,0.179997
1580136870702076.8 -0.247712,2.158805,0.623367,0.0,0.984073,0.0,0.177766
1580136871304110.5 -0.242504,2.222437,0.592973,0.0,0.98434,0.0,0.176278
1580136871905876.8 -0.244368,2.255099,0.61237,0.0,0.984461,0.0,0.175603
1580136872507802.8 -0.255678,2.267788,0.613673,0.0,0.984516,0.0,0.175295
1580136873109350.5 -0.242354,2.350795,0.603073,0.0,0.984648,0.0,0.174553
1580136873710644.0 -0.274852,2.330522,0.577131,0.0,0.984842,0.0,0.173455
1580136874312896.0 -0.492707,2.264184,0.329646,0.0,0.984669,0.0,0.174436
1580136874914384.5 -0.687461,2.19996,-0.103785,0.0,0.984101,0.0,0.177609
1580136875515971.2 -0.964254,2.116987,-0.610366,0.0,0.98305,0.0,0.18334
1580136876117596.2 -1.162111,1.813597,-1.228415,0.0,0.98126,0.0,0.192686
1580136876719753.8 -1.361994,1.634553,-1.520014,0.0,0.979897,0.0,0.199504
1580136877321488.8 -1.713443,1.664667,-1.691068,0.0,0.979403,0.0,0.201916
1580136877923314.8 -2.036599,1.489122,-1.872155,0.0,0.978091,0.0,0.208179
1580136878525215.0 -2.212147,1.156421,-1.908134,0.0,0.977215,0.0,0.21225
1580136879127312.5 -2.288493,1.079194,-1.993953,0.0,0.976749,0.0,0.214386
1580136879728960.5 -2.241817,0.988635,-2.024143,0.0,0.976737,0.0,0.214441
1580136880330381.5 -2.159867,0.96432,-2.031295,0.0,0.976695,0.0,0.214631
1580136880932649.8 -1.688151,1.065972,-1.984401,0.0,0.976335,0.0,0.216266
1580136881534161.5 -1.037095,1.158776,-2.097011,0.0,0.976101,0.0,0.217317
1580136882136800.2 -0.578951,1.156877,-1.956101,0.0,0.975175,0.0,0.221434
1580136882737935.8 -0.341547,1.280575,-1.880345,0.0,0.974458,0.0,0.224571
1580136883339810.0 -0.140257,1.276104,-2.093128,0.0,0.974242,0.0,0.225504
1580136883941620.8 -0.264183,1.302532,-2.405368,0.0,0.974376,0.0,0.224925
1580136884543805.8 -0.278409,1.331669,-2.820142,0.0,0.974376,0.0,0.224924
1580136885146010.5 -0.215984,1.374291,-3.267193,0.0,0.973661,0.0,0.228
1580136885747749.2 -0.113548,1.344577,-3.562747,0.0,0.972903,0.0,0.231213
1580136886349691.2 -0.003744,1.419402,-3.401071,0.0,0.972996,0.0,0.230821
1580136886951425.0 0.138984,1.486372,-2.822281,0.0,0.972743,0.0,0.231888
1580136887553432.8 0.372332,1.43363,-2.249326,0.0,0.972706,0.0,0.232039
1580136888155214.0 0.720362,1.455617,-1.943615,0.0,0.972542,0.0,0.232727
1580136888757559.0 1.122236,1.41394,-1.691387,0.0,0.972355,0.0,0.233509
1580136889358916.2 1.770338,1.424655,-1.497391,0.0,0.971972,0.0,0.235099
1580136889961349.8 2.199236,1.413648,-1.411802,0.0,0.971251,0.0,0.238058
1580136890563068.2 2.757449,1.504029,-1.473604,0.0,0.970897,0.0,0.239499
1580136891164839.2 3.253861,1.615201,-1.442492,0.0,0.970415,0.0,0.241442
1580136891767025.2 3.314279,1.646318,-1.414912,0.0,0.970242,0.0,0.242138
1580136892368495.8 3.18353,1.587379,-1.277889,0.0,0.97019,0.0,0.242344
1580136892970501.8 2.939782,1.696441,-1.121584,0.0,0.970257,0.0,0.242077
1580136893571630.2 2.744286,1.676221,-1.014749,0.0,0.970227,0.0,0.242198
1580136894173888.0 2.667304,1.662234,-1.037332,0.0,0.970245,0.0,0.242125
1580136894775867.0 2.67737,1.67005,-1.088149,0.0,0.970271,0.0,0.242021
1580136895377016.0 2.655912,1.680322,-1.103176,0.0,0.970275,0.0,0.242004
1580136895978984.5 2.66341,1.691136,-1.105261,0.0,0.970291,0.0,0.24194
1580136896581024.2 2.696679,1.707783,-1.138282,0.0,0.970319,0.0,0.241827
1580136897182712.0 2.736351,1.708025,-1.083451,0.0,0.970307,0.0,0.241875
1580136897783928.8 2.760715,1.722632,-1.117782,0.0,0.970321,0.0,0.241819
1580136898386270.8 2.657732,1.68518,-1.125781,0.0,0.970315,0.0,0.241843
1580136898988188.0 2.534503,1.658679,-1.040957,0.0,0.970329,0.0,0.241787
1580136899590142.8 2.32392,1.653533,-0.881251,0.0,0.970323,0.0,0.241814
1580136900191844.2 2.271812,1.64357,-0.820414,0.0,0.970307,0.0,0.241877
1580136900793108.5 2.297041,1.633564,-0.797842,0.0,0.970302,0.0,0.241897
1580136901395342.0 2.319879,1.615258,-0.788935,0.0,0.970309,0.0,0.24187
1580136901997106.5 2.328243,1.58805,-0.752647,0.0,0.970321,0.0,0.24182
1580136902599570.5 2.31085,1.574161,-0.754646,0.0,0.970327,0.0,0.241797
1580136903200852.2 2.303328,1.572009,-0.752826,0.0,0.970328,0.0,0.241794
1580136903801152.0 2.309631,1.570776,-0.75964,0.0,0.970329,0.0,0.24179
1580136904403515.5 2.304317,1.56602,-0.777595,0.0,0.97033,0.0,0.241783
1580136905004907.5 2.302315,1.56745,-0.780212,0.0,0.970331,0.0,0.241782
1580136905606598.0 2.282779,1.541931,-0.786298,0.0,0.970331,0.0,0.241781
1580136906208669.2 2.28193,1.524101,-0.759649,0.0,0.97034,0.0,0.241744
1580136906810042.2 2.294779,1.491412,-0.791246,0.0,0.970324,0.0,0.24181
1580136907412592.0 2.322755,1.475338,-0.758365,0.0,0.970338,0.0,0.24175
1580136908014465.5 2.326386,1.465281,-0.772128,0.0,0.970344,0.0,0.241729
1580136908616143.0 2.354216,1.505401,-0.776152,0.0,0.970346,0.0,0.241719
1580136909217815.8 2.339493,1.496439,-0.807297,0.0,0.970345,0.0,0.241723
1580136909820129.5 2.337985,1.515757,-0.817275,0.0,0.970342,0.0,0.241735
1580136910422536.0 2.333816,1.537133,-0.813365,0.0,0.970337,0.0,0.241755
1580136911024176.0 2.31842,1.562567,-0.839368,0.0,0.970329,0.0,0.241789
1580136911625449.2 2.3161,1.566434,-0.850855,0.0,0.970319,0.0,0.241828
1580136912226970.2 2.304046,1.574766,-0.842006,0.0,0.970315,0.0,0.241846
1580136912829349.0 2.31296,1.581836,-0.82015,0.0,0.97031,0.0,0.241863
1580136913431407.8 2.287715,1.624777,-0.838315,0.0,0.970277,0.0,0.241998
1580136914033498.5 2.29289,1.644897,-0.820074,0.0,0.970259,0.0,0.242067
1580136914634840.5 2.271639,1.638991,-0.793102,0.0,0.970265,0.0,0.242047
1580136915236774.8 2.281828,1.636932,-0.787341,0.0,0.970261,0.0,0.24206
1580136915839285.5 2.272182,1.627716,-0.801216,0.0,0.970262,0.0,0.242058
1580136916441220.5 2.294684,1.60678,-0.801792,0.0,0.970261,0.0,0.242059
1580136917042392.8 2.282315,1.608589,-0.773866,0.0,0.970263,0.0,0.242053
1580136917643568.2 2.279031,1.604878,-0.774857,0.0,0.970254,0.0,0.24209
1580136918246003.2 2.280005,1.603656,-0.775166,0.0,0.970254,0.0,0.242089
1580136918847798.5 2.215792,1.525618,-0.646551,0.0,0.970234,0.0,0.242168
1580136919450100.0 1.977632,1.348175,-0.413052,0.0,0.970146,0.0,0.242523
1580136920051665.5 1.647572,1.331667,-0.279372,0.0,0.970114,0.0,0.242649
1580136920653414.8 1.507401,1.322596,-0.051219,0.0,0.97014,0.0,0.242546
1580136921255051.0 1.461226,1.30891,0.053801,0.0,0.970211,0.0,0.242262
1580136921857169.2 1.429979,1.307363,-0.039656,0.0,0.970266,0.0,0.24204
1580136922459419.2 1.484887,1.271799,-0.167674,0.0,0.970185,0.0,0.242366
1580136923061485.2 1.542516,1.25723,-0.178758,0.0,0.970213,0.0,0.242252
1580136923663873.8 1.580246,1.210638,-0.255099,0.0,0.970189,0.0,0.242349
1580136924265590.8 1.608409,1.180129,-0.290434,0.0,0.970195,0.0,0.242326
1580136924867632.5 1.614919,1.174039,-0.28541,0.0,0.970206,0.0,0.242281
1580136925468917.2 1.617065,1.16961,-0.306509,0.0,0.970201,0.0,0.2423
1580136926070581.0 1.618208,1.168422,-0.312541,0.0,0.9702,0.0,0.242305
1580136926672475.2 1.608865,1.157885,-0.323484,0.0,0.970193,0.0,0.242333
1580136927274451.5 1.617671,1.15736,-0.342144,0.0,0.970188,0.0,0.242354
1580136927876864.8 1.618418,1.141657,-0.334463,0.0,0.970183,0.0,0.242375
1580136928479026.8 1.627962,0.772732,-0.186319,0.0,0.970089,0.0,0.242748
1580136929080623.0 1.567608,0.8691,0.053786,0.0,0.970079,0.0,0.242789
1580136929682254.0 1.294831,0.949569,0.501503,0.0,0.969946,0.0,0.243321
1580136930284243.0 1.268335,1.070264,0.804026,0.0,0.969908,0.0,0.243473
1580136930885371.8 1.364011,1.166971,1.095334,0.0,0.969879,0.0,0.243587
1580136931487418.0 1.495801,1.176836,1.277289,0.0,0.96987,0.0,0.243621
1580136932089779.0 1.508044,1.263483,1.409925,0.0,0.969764,0.0,0.244045
1580136932691353.5 1.365054,1.265607,1.454404,0.0,0.969731,0.0,0.244177
1580136933293026.8 1.23724,1.267152,1.619683,0.0,0.969681,0.0,0.244376
1580136933894574.2 1.19807,1.302,1.715365,0.0,0.969646,0.0,0.244513
1580136934496779.0 1.105551,1.272777,1.756534,0.0,0.969659,0.0,0.244463
1580136935098621.5 0.974192,1.310889,1.648839,0.0,0.969663,0.0,0.244444
1580136935700391.5 1.017613,1.366785,1.575345,0.0,0.96963,0.0,0.244575
1580136936301960.8 0.94508,1.390309,1.585675,0.0,0.96963,0.0,0.244575
1580136936904392.8 0.778516,1.402634,1.506346,0.0,0.969642,0.0,0.24453
1580136937505893.2 0.503318,1.382033,1.375367,0.0,0.96955,0.0,0.244893
1580136938108212.0 -0.020188,1.330406,1.346386,0.0,0.969333,0.0,0.24575
1580136938709583.8 -0.253447,1.279847,1.33205,0.0,0.969253,0.0,0.246066
1580136939311818.5 -0.384941,1.255025,1.654059,0.0,0.969322,0.0,0.245794
1580136939912738.2 -0.38488,1.275269,1.666676,0.0,0.969326,0.0,0.245777
1580136940515031.8 -0.389977,1.218316,1.59692,0.0,0.96931,0.0,0.245841
1580136941116687.8 -0.241915,1.115572,1.236488,0.0,0.969323,0.0,0.245791
1580136941718532.5 0.066558,0.896518,0.869927,0.0,0.96936,0.0,0.245644
1580136942320351.2 0.450882,0.951986,0.877578,0.0,0.96931,0.0,0.245841
1580136942921442.0 0.750083,0.963566,0.958168,0.0,0.969256,0.0,0.246054
1580136943523250.2 0.711911,0.988298,1.02581,0.0,0.969168,0.0,0.2464
1580136944125911.0 0.602981,1.022003,0.981389,0.0,0.969083,0.0,0.246733
1580136944727459.2 0.300445,0.999865,0.423745,0.0,0.969087,0.0,0.246721
1580136945328930.5 0.264436,1.318276,-0.011206,0.0,0.968903,0.0,0.24744
1580136945930809.8 0.320832,1.361058,-0.136421,0.0,0.968848,0.0,0.247657
1580136946533041.8 0.385421,1.438018,-0.196243,0.0,0.968768,0.0,0.24797
1580136947134999.2 0.413209,1.473428,-0.190909,0.0,0.968763,0.0,0.24799
1580136947736210.2 0.353613,1.462262,-0.186755,0.0,0.968767,0.0,0.247974
1580136948338068.8 -0.049902,1.454538,-0.110026,0.0,0.968747,0.0,0.248051
1580136948940413.0 -0.377915,1.513969,-0.271333,0.0,0.968633,0.0,0.248494
1580136949542407.0 -0.581499,1.424863,-0.440194,0.0,0.968545,0.0,0.248838
1580136950143994.0 -0.623478,1.337053,-0.488667,0.0,0.96853,0.0,0.248896
1580136950745329.5 -0.666339,1.275746,-0.5047,0.0,0.968563,0.0,0.248768
1580136951346954.5 -0.693271,1.201955,-0.550324,0.0,0.96859,0.0,0.248664
1580136951948521.5 -0.715532,1.1166,-0.576633,0.0,0.968592,0.0,0.248655
1580136952550638.5 -0.728219,1.063401,-0.556848,0.0,0.968606,0.0,0.248601
1580136953152191.2 -0.73932,1.05312,-0.553355,0.0,0.968606,0.0,0.2486
1580136953754413.8 -0.737681,0.989006,-0.559529,0.0,0.968627,0.0,0.248521
1580136954355976.0 -0.677661,0.965856,-0.550439,0.0,0.968629,0.0,0.248513
1580136954958289.8 -0.423854,0.905102,-0.389131,0.0,0.968613,0.0,0.248575
1580136955560150.0 -0.07501,0.885297,-0.204196,0.0,0.968559,0.0,0.248784
1580136956162011.0 0.368986,0.919207,-0.086397,0.0,0.96848,0.0,0.249089
1580136956763964.0 0.557996,0.898601,0.125995,0.0,0.968399,0.0,0.249405
1580136957365996.2 0.693911,0.989786,0.111303,0.0,0.968401,0.0,0.249399
1580136957967668.5 0.749653,1.007887,0.041734,0.0,0.96843,0.0,0.249284
1580136958569854.2 0.762253,0.994815,0.063361,0.0,0.968422,0.0,0.249317
1580136959171295.2 0.758886,1.00854,0.05556,0.0,0.968422,0.0,0.249317
1580136959773616.8 0.776269,1.007986,0.071672,0.0,0.968422,0.0,0.249315
1580136960375170.2 0.766634,1.002571,0.094542,0.0,0.96841,0.0,0.249361
1580136960977131.2 0.759569,1.005723,0.082464,0.0,0.96841,0.0,0.249364
1580136961578995.8 0.741264,1.004469,0.07874,0.0,0.968413,0.0,0.249351
1580136962181267.5 0.679801,0.979949,0.105086,0.0,0.968408,0.0,0.249372
1580136962782763.8 0.4887,0.972842,-0.160596,0.0,0.9684,0.0,0.249402
1580136963384726.8 0.482561,0.980991,-0.243865,0.0,0.968392,0.0,0.249432
1580136963986663.2 0.81532,1.020465,-0.297347,0.0,0.968364,0.0,0.249544
1580136964588407.0 0.811843,1.063308,-0.250117,0.0,0.96835,0.0,0.249598
1580136965189829.2 0.781923,1.111841,-0.211997,0.0,0.968339,0.0,0.249639
1580136965791693.5 0.794443,1.090844,-0.18696,0.0,0.968342,0.0,0.249627
1580136966395473.5 0.819782,1.052899,-0.163232,0.0,0.968353,0.0,0.249584
1580136966995224.5 0.873455,1.012008,-0.157064,0.0,0.968347,0.0,0.249608
1580136967598898.8 0.871132,1.010479,-0.157774,0.0,0.968346,0.0,0.249612
1580136968199731.5 0.865017,1.007776,-0.16686,0.0,0.96835,0.0,0.249594
1580136968802006.5 0.865116,1.00386,-0.165743,0.0,0.968349,0.0,0.249602
1580136969403468.8 0.851228,0.969071,-0.16555,0.0,0.968357,0.0,0.249568
1580136970004854.8 1.00825,0.717378,-0.124101,0.0,0.96836,0.0,0.249558
1580136970607506.5 1.338844,0.864312,-0.110413,0.0,0.968352,0.0,0.249589
1580136971209303.5 1.197549,0.873036,0.090577,0.0,0.968359,0.0,0.249562
1580136971810762.2 0.86633,0.909488,0.172739,0.0,0.968351,0.0,0.249592
1580136972412388.5 0.500196,0.929927,0.155018,0.0,0.96834,0.0,0.249636
1580136973014726.2 0.379472,0.949287,0.116435,0.0,0.968336,0.0,0.24965
1580136973615105.0 0.387481,0.998143,0.06508,0.0,0.96831,0.0,0.24975
1580136974218954.8 0.362851,1.012048,0.044856,0.0,0.96831,0.0,0.24975
1580136974821021.8 0.346784,1.039195,0.033181,0.0,0.968308,0.0,0.249759
1580136975422099.8 0.347453,1.055839,0.028643,0.0,0.968306,0.0,0.249765
1580136976024182.5 0.327147,1.012147,0.07218,0.0,0.968312,0.0,0.249744
1580136976625977.0 0.304122,0.912988,0.106271,0.0,0.968314,0.0,0.249736
1580136977227849.2 0.416971,0.91022,0.051662,0.0,0.968306,0.0,0.249767
1580136977829986.0 0.610067,0.834534,0.056274,0.0,0.968319,0.0,0.249717
1580136978432404.8 0.835458,0.86262,0.01582,0.0,0.968321,0.0,0.24971
1580136979033129.2 0.993025,0.995072,-0.089607,0.0,0.968312,0.0,0.249745
1580136979635343.0 1.011324,1.055201,-0.155494,0.0,0.968318,0.0,0.249721
1580136980237003.8 0.999457,1.095401,-0.276401,0.0,0.968306,0.0,0.249765
1580136980839275.2 0.924609,1.135946,-0.27722,0.0,0.96831,0.0,0.249753
1580136981439737.2 0.902317,1.151755,-0.261687,0.0,0.968318,0.0,0.24972
1580136982041413.0 0.899953,1.194686,-0.227733,0.0,0.968319,0.0,0.249718
1580136982643237.5 0.895994,1.264205,-0.189107,0.0,0.968309,0.0,0.249756
1580136983243585.8 0.870715,1.251659,-0.171504,0.0,0.968305,0.0,0.249771
1580136983845341.8 0.888813,1.270158,-0.167957,0.0,0.968305,0.0,0.249771
1580136984447557.5 0.883082,1.278305,-0.173456,0.0,0.968299,0.0,0.249793
1580136985049176.8 0.876968,1.279427,-0.165101,0.0,0.968289,0.0,0.249833
1580136985651039.0 0.868722,1.285708,-0.151048,0.0,0.968273,0.0,0.249894
1580136986252758.2 0.869919,1.286099,-0.163632,0.0,0.968273,0.0,0.249895
1580136986854721.0 0.883156,1.27487,-0.17115,0.0,0.968273,0.0,0.249894
1580136987455466.0 0.808981,0.914646,-0.181759,0.0,0.968275,0.0,0.249887
1580136988057310.8 0.385712,0.866076,-0.469048,0.0,0.968279,0.0,0.249871
1580136988659041.8 -0.028501,0.905715,-0.821002,0.0,0.968285,0.0,0.249848
1580136989261387.2 -0.097203,0.910772,-1.292722,0.0,0.968246,0.0,0.250001
1580136989863596.5 -0.165398,0.936205,-1.953541,0.0,0.968172,0.0,0.250287
1580136990464884.8 -0.228009,1.02524,-2.54541,0.0,0.968111,0.0,0.250523
1580136991067179.0 -0.269036,1.120206,-2.933701,0.0,0.968095,0.0,0.250583
1580136991668513.8 -0.075346,1.154117,-3.017663,0.0,0.968056,0.0,0.250733
1580136992270677.5 -0.064539,1.194028,-2.298611,0.0,0.968049,0.0,0.250763
1580136992872633.5 -0.190912,1.207933,-1.67474,0.0,0.96804,0.0,0.250795
1580136993474098.8 -0.461979,1.181378,-1.359785,0.0,0.968001,0.0,0.250948
1580136994076081.8 -0.887792,1.132189,-1.024125,0.0,0.968049,0.0,0.250762
1580136994677272.0 -1.28697,1.051596,-0.71893,0.0,0.968019,0.0,0.250876
1580136995279758.5 -1.441489,1.12973,-0.343998,0.0,0.967905,0.0,0.251317
1580136995881035.2 -1.039019,1.085336,0.087139,0.0,0.967886,0.0,0.251391
1580136996482937.2 -0.610213,1.022048,0.337917,0.0,0.967849,0.0,0.251531
1580136997085255.0 -0.070395,0.912664,0.453033,0.0,0.967842,0.0,0.251558
1580136997687513.8 0.596329,0.914353,0.6118,0.0,0.967961,0.0,0.251099
1580136998288977.5 0.995457,0.952542,0.98965,0.0,0.967841,0.0,0.251564
