1580136857577716.5 1,6.22,45,20.767603
1580136857675024.2 2,6.27,46,20.908454
1580136857760652.5 3,4.99,47,16.651643
1580136857852710.2 0,1.88,48,6.260016
1580136857940853.8 1,7.34,49,24.476663
1580136858031248.8 2,6.48,50,21.628355
1580136858122479.8 3,4.13,51,13.772035
1580136858211899.0 0,1.89,52,6.306966
1580136858302372.0 1,6.65,53,22.191757
1580136858392598.2 2,7.18,54,23.960211
1580136858486705.8 3,4.14,55,13.818985
1580136858570781.5 0,1.76,56,5.884415
1580136858660501.0 1,6.58,57,21.957006
1580136858751866.8 2,6.30,58,21.018004
1580136858841205.8 3,4.39,59,14.632787
1580136858931130.5 0,1.55,60,5.180163
1580136859021529.5 1,5.89,61,19.640800
1580136859112181.2 2,6.60,62,22.019606
1580136859202120.0 3,4.24,63,14.131986
1580136859291515.5 0,1.62,64,5.399264
1580136859383137.0 1,5.89,65,19.640800
1580136859556415.2 3,4.08,67,13.599885
1580136859646847.2 0,1.79,68,5.962665
1580136859736656.5 1,5.83,69,19.453000
1580136859826962.0 2,6.88,70,22.958609
1580136859913640.5 3,4.36,71,14.554537
1580136860007265.2 0,1.76,72,5.884415
1580136860100365.0 1,5.79,73,19.312149
1580136860189822.8 2,6.09,74,20.329402
1580136860279676.2 3,4.10,75,13.678135
1580136860375652.5 0,1.83,76,6.103516
1580136860460410.0 1,5.95,77,19.859901
1580136860549811.0 2,5.95,78,19.844251
1580136860650016.0 3,4.02,79,13.412084
1580136860730520.8 0,1.78,80,5.947015
1580136860822371.0 1,5.86,81,19.562550
1580136860912375.0 2,6.65,82,22.191757
1580136861001964.0 3,4.70,83,15.681340
1580136861091235.8 0,1.78,84,5.931365
1580136861181218.8 1,5.80,85,19.359100
1580136861270993.8 2,5.73,86,19.124349
1580136861363423.8 3,5.16,87,17.230694
1580136861464772.5 0,1.37,88,4.569812
1580136861542697.5 1,5.67,89,18.905248
1580136861696361.0 3,5.29,91,17.637595
1580136861787291.5 0,1.17,92,3.896860
1580136861942539.5 2,5.67,94,18.920898
1580136862031509.8 3,4.42,95,14.757988
1580136862120658.2 0,1.18,96,3.928160
1580136862219184.8 1,5.29,97,17.653245
1580136862384301.2 3,4.50,99,15.008388
1580136862507286.5 0,0.80,0,2.660507
1580136862603784.5 1,5.31,1,17.715845
1580136862688751.8 2,5.78,2,19.280849
1580136862777928.5 3,4.63,3,15.462240
1580136862867989.8 0,0.86,4,2.863957
1580136862960198.5 1,5.36,5,17.872346
1580136863046866.5 2,5.82,6,19.421700
1580136863145318.5 3,4.72,7,15.743940
1580136863242512.0 0,0.73,8,2.441406
1580136863389940.0 2,5.94,10,19.828601
1580136863484816.5 3,4.73,11,15.790890
1580136863572658.5 0,0.72,12,2.394456
1580136863667073.5 1,5.41,13,18.044496
1580136863759887.8 2,5.95,14,19.844251
1580136863847772.5 3,5.00,15,16.698593
1580136863941894.0 0,0.74,16,2.472706
1580136864027843.5 1,5.44,17,18.154046
1580136864117942.8 2,5.98,18,19.938151
1580136864208097.5 3,4.98,19,16.620343
1580136864298044.8 0,0.77,20,2.566607
1580136864450934.0 2,5.98,22,19.938151
1580136864543202.0 3,5.00,23,16.698593
1580136864630613.2 0,0.75,24,2.488356
1580136864720547.0 1,5.35,25,17.856696
1580136864811662.0 2,5.88,26,19.609500
1580136864901681.8 3,4.95,27,16.510792
1580136864990834.0 0,0.68,28,2.253606
1580136865082764.0 1,5.15,29,17.168094
1580136865171233.8 2,5.69,30,18.983499
1580136865261466.0 3,4.86,31,16.213442
1580136865355833.8 0,0.88,32,2.926557
1580136865440619.2 1,5.17,33,17.246344
1580136865532653.5 2,6.24,34,20.830203
1580136865620923.0 3,5.62,35,18.748748
1580136865712442.8 0,1.22,36,4.069010
1580136865801929.8 1,4.84,37,16.150841
1580136865891205.8 2,5.29,38,17.637595
1580136865982888.5 3,4.47,39,14.930138
1580136866163578.5 1,4.72,41,15.759590
1580136866249599.2 2,5.09,42,16.980293
1580136866337738.8 3,4.40,43,14.679738
1580136866432112.5 0,1.48,44,4.945413
1580136866518630.5 1,4.56,45,15.211839
1580136866608899.5 2,5.07,46,16.902043
1580136866700214.2 3,4.22,47,14.069386
1580136866791973.0 0,1.55,48,5.164513
1580136866885314.2 1,4.43,49,14.773638
1580136866976572.2 2,4.92,50,16.432542
1580136867064015.8 3,4.24,51,14.147636
1580136867154085.5 0,1.68,52,5.602714
1580136867244156.8 1,4.24,53,14.131986
1580136867337690.8 2,4.81,54,16.056941
1580136867424283.8 3,4.22,55,14.085036
1580136867514798.0 0,1.79,56,5.962665
1580136867606992.5 1,4.09,57,13.662485
1580136867708699.8 2,5.04,58,16.823793
1580136867789400.8 3,4.23,59,14.100686
1580136867883777.2 0,1.85,60,6.181766
1580136867973407.8 1,4.02,61,13.412084
1580136868060533.2 2,4.91,62,16.385592
1580136868165562.2 3,4.29,63,14.319787
1580136868241021.5 0,1.85,64,6.181766
1580136868330937.8 1,4.13,65,13.787685
1580136868485774.2 3,4.32,67,14.413687
1580136868576415.0 0,1.90,68,6.338266
1580136868674950.5 1,4.51,69,15.039689
1580136868759338.2 2,4.78,70,15.947391
1580136868846902.2 3,4.33,71,14.460637
1580136868939879.5 0,1.99,72,6.651267
1580136869027652.8 1,4.71,73,15.728290
1580136869116668.2 2,4.76,74,15.869141
1580136869207003.5 3,4.30,75,14.335437
1580136869430784.8 1,4.00,77,13.349484
1580136869523525.0 2,4.79,78,15.994341
1580136869695328.2 0,1.92,80,6.416516
1580136869785306.0 1,4.01,81,13.380784
1580136869875685.2 2,4.73,82,15.790890
1580136869965281.5 3,4.14,83,13.803335
1580136870055393.0 0,2.00,84,6.666917
1580136870146042.2 1,4.13,85,13.772035
1580136870237286.5 2,4.75,86,15.837841
1580136870327895.5 3,4.23,87,14.100686
1580136870417308.2 0,1.99,88,6.635617
1580136870512865.2 1,4.09,89,13.646835
1580136870598785.2 2,4.72,90,15.743940
1580136870687821.5 3,4.15,91,13.834635
1580136870777576.2 0,2.02,92,6.729517
1580136870867597.5 1,4.08,93,13.615535
1580136870959800.0 2,4.72,94,15.743940
1580136871049788.0 3,4.18,95,13.959836
1580136871142570.2 0,2.08,96,6.948618
1580136871230870.0 1,4.03,97,13.443384
1580136871384007.2 3,4.15,99,13.834635
1580136871504626.0 0,2.04,0,6.823417
1580136871594487.5 1,4.10,1,13.693785
1580136871685560.2 2,4.72,2,15.759590
1580136871775865.5 3,4.21,3,14.053736
1580136871865256.0 0,2.05,4,6.854718
1580136871955591.8 1,4.03,5,13.443384
1580136872048654.8 2,4.72,6,15.759590
1580136872137669.2 3,4.24,7,14.147636
1580136872226299.5 0,2.04,8,6.823417
1580136872316116.2 1,4.08,9,13.599885
1580136872406941.2 2,4.76,10,15.869141
1580136872496655.0 3,4.13,11,13.787685
1580136872590846.5 0,2.06,12,6.886018
1580136872678459.8 1,4.06,13,13.552935
1580136872768625.5 2,4.75,14,15.853491
1580136872855894.0 3,3058798.51,15,10206114.501953
1580136872952088.2 0,2.13,16,7.105118
1580136873040228.8 1,4.76,17,15.869141
1580136873125927.5 2,4.73,18,15.775240
1580136873218942.0 3,4.25,19,14.194586
1580136873306643.0 0,2.78,20,9.264824
1580136873399702.0 1,4.58,21,15.290089
1580136873491552.0 2,4.67,22,15.571790
1580136873584428.5 3,4.13,23,13.772035
1580136873673690.0 0,1.91,24,6.385216
1580136873762680.2 1,4.03,25,13.443384
1580136873852866.5 2,4.55,26,15.196189
1580136874005666.8 0,2.21,28,7.386819
1580136874096386.5 1,3.91,29,13.052133
1580136874248160.8 3,4.18,31,13.959836
1580136874340973.0 0,2.31,32,7.699820
1580136874435071.5 1,3.62,33,12.081831
1580136874522522.8 2,4.03,34,13.459034
1580136874610485.0 3,4.28,35,14.272837
1580136874713929.2 0,2.71,36,9.045723
1580136874791663.2 1,3.61,37,12.034881
1580136874903909.8 2,3.69,38,12.316582
1580136874973090.5 3,4.21,39,14.038086
1580136875063308.5 0,2.97,40,9.922125
1580136875152146.8 1,3.22,41,10.751578
1580136875305305.0 3,4.28,43,14.272837
1580136875398751.2 0,3.40,44,11.346279
1580136875485767.8 1,2.95,45,9.859525
1580136875576038.8 2,3.23,46,10.782878
1580136875728908.0 0,3.69,48,12.300931
1580136875959909.8 2,2.94,50,9.796925
1580136876042108.0 3,4.39,51,14.632787
1580136876132770.0 0,4.00,52,13.349484
1580136876220196.0 1,2.52,53,8.404072
1580136876311121.0 2,2.93,54,9.781275
1580136876400838.2 3,4.66,55,15.540490
1580136876490907.0 0,4.26,56,14.210236
1580136876580849.5 1,2.41,57,8.028471
1580136876683404.5 2,2.95,58,9.828225
1580136876761753.2 3,4.98,59,16.604693
1580136876851414.0 0,4.44,60,14.804938
1580136877006646.8 2,2.76,62,9.217874
1580136877099023.2 3,5.15,63,17.183744
1580136877274934.2 1,2.07,65,6.901668
1580136877369973.5 2,2.73,66,9.108323
1580136877457382.0 3,5.43,67,18.107096
1580136877546001.8 0,4.63,68,15.446590
1580136877652064.5 1,1.85,69,6.181766
1580136877729603.0 2,2.86,70,9.530874
1580136877816411.5 3,5.53,71,18.467047
1580136877905930.8 0,4.86,72,16.213442
1580136877996081.0 1,2.47,73,8.247571
1580136878092001.0 2,3.73,74,12.457432
1580136878175732.5 3,5.72,75,19.077399
1580136878266380.0 0,4.92,76,16.432542
1580136878363177.0 1,2.23,77,7.449419
1580136878446353.0 2,3.40,78,11.346279
1580136878537336.8 3,5.74,79,19.155649
1580136878631284.2 0,4.92,80,16.401242
1580136878716964.5 1,2.07,81,6.917318
1580136878837546.0 2,3.07,82,10.235126
1580136878900140.5 3,5.74,83,19.155649
1580136879000031.0 0,4.86,84,16.229092
1580136879141645.2 2,3.06,86,10.203826
1580136879232040.5 3,5.75,87,19.186949
1580136879320326.5 0,4.95,88,16.510792
1580136879410410.8 1,2.28,89,7.605919
1580136879584447.0 3,5.76,91,19.233899
1580136879676354.8 0,4.92,92,16.416892
1580136879767798.2 1,2.26,93,7.527669
1580136879857221.5 2,3.08,94,10.282076
1580136879949008.0 3,5.76,95,19.233899
1580136880037161.8 0,4.86,96,16.213442
1580136880127179.2 1,2.26,97,7.543319
1580136880217511.8 2,3.17,98,10.579427
1580136880307921.5 3,5.67,99,18.920898
1580136880428515.8 0,4.73,0,15.790890
1580136880519774.5 1,1.79,1,5.978315
1580136880612684.0 2,2.87,2,9.577825
1580136880700692.0 3,5.22,3,17.402845
1580136880790719.0 0,4.42,4,14.757988
1580136880881102.8 1,2.03,5,6.760817
1580136880973169.8 2,2.43,6,8.106721
1580136881061172.2 3,4.85,7,16.166491
1580136881151849.0 0,4.58,8,15.274439
1580136881328740.8 2,2.26,10,7.527669
1580136881417383.0 3,4.51,11,15.055339
1580136881519096.8 0,4.54,12,15.164889
1580136881598884.8 1,2.89,13,9.640425
1580136881752994.8 3,4.30,15,14.335437
1580136881848586.2 0,4.37,16,14.570187
1580136881997553.0 2,2.25,18,7.512019
1580136882084167.2 3,4.14,19,13.818985
1580136882175991.0 0,4.41,20,14.711038
1580136882268654.5 1,2.85,21,9.515224
1580136882360467.5 2,2.30,22,7.684170
1580136882451779.8 3,4.00,23,13.349484
1580136882541405.8 0,4.24,24,14.131986
1580136882635490.2 1,3.36,25,11.205429
1580136882723209.0 2,2.16,26,7.199018
1580136882812427.2 3,3.92,27,13.083433
1580136882904464.5 0,4.54,28,15.133589
1580136883055882.0 2,2.02,30,6.745167
1580136883149212.5 3,3.82,31,12.739133
1580136883239910.2 0,4.54,32,15.133589
1580136883328162.5 1,3.16,33,10.532477
1580136883417921.2 2,1.89,34,6.306966
1580136883508233.2 3,4.13,35,13.787685
1580136883661197.8 1,3.11,37,10.391627
1580136883753714.2 2,1.74,38,5.806165
1580136883926980.0 0,4.92,40,16.401242
1580136884017285.5 1,3.14,41,10.485527
1580136884110012.5 2,1.51,42,5.054963
1580136884202519.0 3,4.06,43,13.552935
1580136884292676.8 0,5.19,44,17.324594
1580136884382911.8 1,3.22,45,10.735927
1580136884477882.5 2,1.18,46,3.943810
1580136884563406.5 3,4.09,47,13.631185
1580136884653436.8 0,6.73,48,22.442157
1580136884827356.5 2,0.80,50,2.676157
1580136884918986.2 3,4.19,51,13.991136
1580136885095465.5 1,3.33,53,11.127178
1580136885181565.2 2,0.64,54,2.144055
1580136885273844.0 3,4.19,55,13.975486
1580136885362316.8 0,5.86,56,19.546900
1580136885450582.5 1,3.48,57,11.596680
1580136885540492.8 2,0.43,58,1.424154
1580136885714555.8 0,6.01,60,20.063351
1580136885805020.0 1,3.56,61,11.862730
1580136885961701.5 3,4.61,63,15.383989
1580136886052569.0 0,5.99,64,19.985101
1580136886213522.2 2,0.61,66,2.018855
1580136886297618.2 3,3.98,67,13.271234
1580136886518745.8 1,3.43,69,11.455829
1580136886608300.0 2,1.02,70,3.396059
1580136886698260.8 3,3.80,71,12.676532
1580136886793958.8 0,5.77,72,19.265199
1580136886878442.5 1,3.53,73,11.784480
1580136886968249.5 2,1.38,74,4.616762
1580136887067309.5 3,3.55,75,11.831430
1580136887153035.0 0,4.92,76,16.432542
1580136887242461.5 1,3.64,77,12.160081
1580136887340157.5 2,1.71,78,5.696615
1580136887425834.2 3,3.40,79,11.330629
1580136887576759.8 1,3.83,81,12.786083
1580136887663029.8 2,1.96,82,6.541717
1580136887757798.0 3,3.08,83,10.266426
1580136887849397.0 0,4.57,84,15.243139
1580136887936362.5 1,3.89,85,12.989533
1580136888028281.8 2,2.21,86,7.371169
1580136888125463.8 3,2.88,87,9.624775
1580136888208835.5 0,4.39,88,14.664088
1580136888298421.8 1,4.15,89,13.834635
1580136888389448.8 2,2.49,90,8.294521
1580136888478906.2 3,2.67,91,8.904873
1580136888637388.5 1,4.41,93,14.711038
1580136888726425.5 2,2.74,94,9.139623
1580136888810586.5 3,2.39,95,7.981520
1580136888916645.0 0,4.38,96,14.617137
1580136889055850.2 2,2.95,98,9.828225
1580136889149220.8 3,2.02,99,6.745167
1580136889267938.8 0,4.30,0,14.351087
1580136889356722.2 1,5.00,1,16.667293
1580136889446868.8 2,3.18,2,10.626377
1580136889542311.8 3,1.74,3,5.806165
1580136889627647.2 0,4.45,4,14.836238
1580136889718811.2 1,5.98,5,19.938151
1580136889807327.5 2,3.40,6,11.346279
1580136889898899.5 3,1.39,7,4.632412
1580136889988906.2 0,4.71,8,15.728290
1580136890171928.8 2,4.62,10,15.430940
1580136890256409.0 3,1.17,11,3.896860
1580136890346300.2 0,4.88,12,16.276042
1580136890436149.2 1,6.03,13,20.125952
1580136890612206.5 3,0.82,15,2.723107
1580136890701251.2 0,5.00,16,16.667293
1580136890855709.8 2,4.09,18,13.662485
1580136890964456.8 3,0.75,19,2.488356
1580136891040573.2 0,5.32,20,17.762795
1580136891133134.8 1,6.57,21,21.910056
1580136891283562.8 3,0.68,23,2.269256
1580136891374801.8 0,5.26,24,17.543695
1580136891550467.0 2,5.59,26,18.639198
1580136891638299.2 3,0.74,27,2.457056
1580136891727561.0 0,5.25,28,17.512395
1580136891817661.2 1,6.88,29,22.958609
1580136891993725.5 3,0.97,31,3.239558
1580136892084044.5 0,5.19,32,17.308944
1580136892172254.8 1,6.33,33,21.111904
1580136892262968.5 2,5.45,34,18.185347
1580136892353456.8 3,0.91,35,3.051758
1580136892442026.5 0,5.67,36,18.920898
1580136892662533.2 2,4.94,38,16.479492
1580136892753072.0 3,0.54,39,1.815405
1580136892843434.0 0,4.92,40,16.401242
1580136892938136.0 1,6.23,41,20.798903
1580136893027509.8 2,5.02,42,16.745543
1580136893115863.5 3,0.73,43,2.425756
1580136893211856.5 0,4.87,44,16.260392
1580136893296692.8 1,6.20,45,20.689353
1580136893386863.0 2,4.18,46,13.959836
1580136893477121.8 3,0.84,47,2.801357
1580136893568518.0 0,4.87,48,16.244742
1580136893746947.0 1,6.04,49,20.157252
1580136893756974.8 2,4.86,50,16.229092
1580136893838929.5 3,0.94,51,3.130008
1580136893929320.2 0,4.99,52,16.651643
1580136894019113.5 1,6.01,53,20.047701
1580136894192991.5 3,0.98,55,3.270858
1580136894285291.2 0,5.12,56,17.089844
1580136894444277.0 2,4.80,58,16.009991
1580136894526873.0 3,0.94,59,3.145658
1580136894617058.8 0,4.94,60,16.479492
1580136894709387.8 1,5.87,61,19.593850
1580136894864339.8 3,0.98,63,3.270858
1580136895086749.8 1,5.81,65,19.374750
1580136895177755.0 2,4.78,66,15.963041
1580136895272119.2 3,0.97,67,3.239558
1580136895358851.5 0,5.06,68,16.870743
1580136895446917.5 1,5.83,69,19.468650
1580136895536969.0 2,4.32,70,14.413687
1580136895627078.5 3,0.99,71,3.317808
1580136895849402.5 1,5.83,73,19.468650
1580136895940627.8 2,4.08,74,13.615535
1580136896113424.2 0,5.13,76,17.105494
1580136896202864.2 1,5.88,77,19.625150
1580136896376694.0 3,1.00,79,3.349109
1580136896468487.0 0,5.14,80,17.136794
1580136896624668.5 2,4.13,82,13.772035
1580136896715068.0 3,0.99,83,3.302158
1580136896937108.0 1,5.98,85,19.969451
1580136897026977.0 2,4.15,86,13.834635
1580136897180675.5 0,5.13,88,17.105494
1580136897271076.8 1,5.99,89,20.000751
1580136897425422.2 3,1.00,91,3.333459
1580136897515730.0 0,5.16,92,17.230694
1580136897666220.8 2,4.05,94,13.505985
1580136897773584.5 3,1.06,95,3.552559
1580136897853522.0 0,4.90,96,16.354292
1580136897939216.8 1,5.96,97,19.891201
1580136898029272.8 2,4.03,98,13.459034
1580136898120356.0 3,1.10,99,3.677759
1580136898241355.5 0,4.86,0,16.229092
1580136898332223.5 1,6.01,1,20.063351
1580136898505615.8 3,1.15,3,3.834260
1580136898594320.8 0,4.31,4,14.382387
1580136898747580.8 2,3.84,6,12.817383
1580136898840501.8 3,1.81,7,6.040915
1580136898927292.8 0,4.27,8,14.241536
1580136899021325.0 1,5.64,9,18.826998
1580136899113545.0 2,3.89,10,12.973883
1580136899205366.0 3,1.47,11,4.914113
1580136899292573.5 0,4.33,12,14.444987
1580136899387137.0 1,5.70,13,19.014799
1580136899473593.8 2,3.86,14,12.879983
1580136899563207.0 3,1.45,15,4.851512
1580136899653172.0 0,4.26,16,14.210236
1580136899838442.8 2,3.84,18,12.801733
1580136899921032.2 3,1.45,19,4.835862
1580136900014750.5 0,4.26,20,14.210236
1580136900107483.2 1,5.80,21,19.359100
1580136900253037.5 3,1.42,23,4.726312
1580136900343055.8 0,4.22,24,14.085036
1580136900496198.5 2,3.85,26,12.848683
1580136900592216.0 3,1.42,27,4.726312
1580136900677647.2 0,4.27,28,14.257186
1580136900770813.0 1,5.78,29,19.280849
1580136900872362.5 2,3.88,30,12.942583
1580136900949338.5 3,1.41,31,4.695012
1580136901038937.8 0,4.24,32,14.163286
1580136901133313.2 1,5.86,33,19.562550
1580136901221563.2 2,3.86,34,12.879983
1580136901309221.8 3,1.41,35,4.695012
1580136901402162.8 0,4.22,36,14.085036
1580136901491095.5 1,5.88,37,19.625150
1580136901582059.8 2,3.90,38,13.020833
1580136901736139.2 0,4.29,40,14.319787
1580136901826299.5 1,5.87,41,19.593850
1580136901980295.0 3,1.46,43,4.882812
1580136902067942.0 0,4.29,44,14.319787
1580136902243266.8 2,3.85,46,12.848683
1580136902332236.0 3,1.46,47,4.867162
1580136902428109.0 0,4.30,48,14.335437
1580136902647969.5 2,3.87,50,12.926933
1580136902737003.8 3,1.46,51,4.867162
1580136902827748.8 0,4.26,52,14.210236
1580136902927114.0 1,5.82,53,19.421700
1580136903091668.8 3,1.46,55,4.867162
1580136903181392.2 0,4.24,56,14.147636
1580136903271307.5 1,5.73,57,19.108699
1580136903363947.0 2,3.90,58,13.005183
1580136903619832.5 1,5.82,61,19.421700
1580136903713404.2 2,3.83,62,12.786083
1580136903800495.5 3,1.40,63,4.663712
1580136903894687.8 0,4.32,64,14.413687
1580136903984082.8 1,5.78,65,19.296499
1580136904075657.2 2,3.88,66,12.958233
1580136904164942.8 3,1.44,67,4.788912
1580136904251170.2 0,4.39,68,14.648438
1580136904342337.5 1,5.74,69,19.155649
1580136904433253.8 2,3.86,70,12.895633
1580136904520339.5 3,1.38,71,4.616762
1580136904620920.5 0,4.36,72,14.554537
1580136904700902.5 1,5.67,73,18.905248
1580136904790885.5 2,3.85,74,12.833033
1580136904881756.8 3,1.39,75,4.648062
1580136904971161.5 0,4.37,76,14.585837
1580136905058968.0 1,5.66,77,18.889598
1580136905153279.5 2,3.87,78,12.911283
1580136905245209.5 3,1.38,79,4.601112
1580136905330616.2 0,4.35,80,14.507587
1580136905420413.0 1,5.72,81,19.077399
1580136905510632.2 2,3.82,82,12.739133
1580136905602938.2 3,1.47,83,4.898463
1580136905692648.2 0,4.36,84,14.538887
1580136905781098.5 1,5.86,85,19.562550
1580136905871338.8 2,3.80,86,12.692182
1580136905962961.5 3,1.51,87,5.054963
1580136906053989.8 0,4.32,88,14.413687
1580136906140077.8 1,5.97,89,19.922501
1580136906230329.5 2,3.81,90,12.707833
1580136906328551.8 3,1.46,91,4.882812
1580136906410896.8 0,4.45,92,14.851888
1580136906501007.8 1,5.60,93,18.701798
1580136906596231.2 2,3.80,94,12.692182
1580136906683973.0 3,1.38,95,4.616762
1580136906774680.2 0,4.22,96,14.069386
1580136906865049.2 1,5.67,97,18.905248
1580136906950789.5 2,3.77,98,12.582632
1580136907042594.5 3,1.36,99,4.538512
1580136907161269.0 0,4.38,0,14.601487
1580136907251432.8 1,6.06,1,20.204202
1580136907428059.8 3,1.36,3,4.554162
1580136907516664.0 0,4.46,4,14.883188
1580136907670487.5 2,3.83,6,12.786083
1580136907761187.8 3,1.41,7,4.695012
1580136907851555.2 0,4.81,8,16.056941
1580136907941188.2 1,5.75,9,19.171299
1580136908031540.0 2,3.83,10,12.786083
1580136908123209.0 3,1.40,11,4.663712
1580136908212006.8 0,4.25,12,14.194586
1580136908302593.2 1,5.93,13,19.781651
1580136908390446.0 2,3.80,14,12.692182
1580136908482802.2 3,1.34,15,4.460261
1580136908577511.2 0,4.39,16,14.664088
1580136908663234.5 1,5.59,17,18.654848
1580136908753367.2 2,3.78,18,12.598282
1580136908843501.8 3,1.36,19,4.538512
1580136908933627.5 0,4.46,20,14.883188
1580136909023823.5 1,5.59,21,18.639198
1580136909116784.5 2,3.83,22,12.770433
1580136909204804.2 3,1.33,23,4.428961
1580136909296250.2 0,4.44,24,14.820588
1580136909388064.8 1,5.51,25,18.373147
1580136909560399.0 3,1.29,27,4.303761
1580136909650885.0 0,4.47,28,14.930138
1580136909805826.0 2,3.91,30,13.036483
1580136909893848.0 3,1.25,31,4.178561
1580136910068823.5 1,5.54,33,18.482697
1580136910162819.2 2,3.78,34,12.598282
1580136910252097.2 3,1.28,35,4.272461
1580136910347937.2 0,4.56,36,15.211839
1580136910437300.0 1,5.53,37,18.435747
1580136910531965.0 2,3.77,38,12.566982
1580136910620631.0 3,1.26,39,4.194211
1580136910710803.5 0,4.50,40,15.024038
1580136910800553.8 1,5.54,41,18.498347
1580136910891044.5 2,3.81,42,12.707833
1580136910981131.0 3,1.28,43,4.256811
1580136911071652.2 0,4.50,44,15.024038
1580136911165573.0 1,5.53,45,18.435747
1580136911252367.8 2,3.80,46,12.692182
1580136911343889.0 3,1.27,47,4.241161
1580136911462725.0 0,4.53,48,15.102289
1580136911526792.5 1,5.51,49,18.373147
1580136911617263.0 2,3.80,50,12.676532
1580136911709559.2 3,1.31,51,4.382011
1580136911797811.0 0,4.47,52,14.914488
1580136911950633.5 2,3.78,54,12.613932
1580136912041542.8 3,1.32,55,4.397661
1580136912216634.5 1,5.62,57,18.764398
1580136912307835.5 2,3.84,58,12.817383
1580136912397294.2 3,1.34,59,4.460261
1580136912489540.5 0,4.32,60,14.413687
1580136912580972.0 1,5.62,61,18.764398
1580136912688243.2 2,3.96,62,13.224284
1580136912758508.2 3,1.34,63,4.475911
1580136912847910.2 0,4.52,64,15.086639
1580136912941682.5 1,5.44,65,18.138396
1580136913030363.0 2,3.84,66,12.801733
1580136913120215.2 3,1.30,67,4.335061
1580136913213302.8 0,4.53,68,15.117939
1580136913301819.8 1,5.40,69,18.013196
1580136913390971.2 2,3.85,70,12.833033
1580136913487180.2 3,1.28,71,4.272461
1580136913571409.2 0,4.47,72,14.930138
1580136913661701.2 1,5.45,73,18.169697
1580136913751876.8 2,3.93,74,13.099084
1580136913843771.5 3,1.30,75,4.335061
1580136913931200.5 0,4.36,76,14.538887
1580136914083541.2 2,3.75,78,12.520032
1580136914173506.0 3,1.29,79,4.319411
1580136914431274.0 2,3.90,82,13.005183
1580136914521130.0 3,1.31,83,4.382011
1580136914611607.8 0,4.43,84,14.773638
1580136914703800.8 1,5.71,85,19.061749
1580136914876418.5 3,1.32,87,4.413311
1580136914966831.0 0,4.38,88,14.601487
1580136915123060.2 2,3.96,90,13.208634
1580136915210097.8 3,1.35,91,4.491561
1580136915384976.2 1,5.66,93,18.873948
1580136915474024.5 2,3.77,94,12.582632
1580136915649902.8 0,4.35,96,14.523237
1580136915742085.5 1,5.54,97,18.498347
1580136915894735.5 3,1.41,99,4.695012
1580136916097384.0 1,5.92,1,19.750351
1580136916187462.2 2,3.85,2,12.848683
1580136916277553.2 3,1.44,3,4.820212
1580136916367666.0 0,4.16,4,13.865935
1580136916522810.0 2,3.86,6,12.864333
1580136916612754.5 3,1.38,7,4.601112
1580136916700665.8 0,4.32,8,14.413687
1580136916802839.2 1,6.13,9,20.454602
1580136916964685.8 3,1.42,11,4.726312
1580136917056976.2 0,4.21,12,14.038086
1580136917144798.0 1,5.59,13,18.639198
1580136917238767.5 2,3.82,14,12.754783
1580136917390968.0 0,4.31,16,14.382387
1580136917483002.0 1,5.58,17,18.623548
1580136917638090.2 3,1.36,19,4.538512
1580136917725738.5 0,4.36,20,14.538887
1580136917882547.5 2,3.75,22,12.520032
1580136917994310.2 3,1.40,23,4.679362
1580136918063957.5 0,4.33,24,14.444987
1580136918153046.0 1,5.68,25,18.936548
1580136918309780.5 3,1.35,27,4.491561
1580136918395920.5 0,4.41,28,14.711038
1580136918488304.2 1,5.79,29,19.327799
1580136918579975.0 2,3.83,30,12.786083
1580136918673136.2 3,1.56,31,5.195813
1580136918761866.8 0,4.20,32,14.006786
1580136918850926.8 1,5.82,33,19.406050
1580136918948181.5 2,3.93,34,13.099084
1580136919031137.5 3,1.98,35,6.619967
1580136919121568.5 0,3.90,36,13.020833
1580136919220773.8 1,5.60,37,18.686148
1580136919301726.0 2,3.86,38,12.879983
1580136919401942.2 3,2.00,39,6.666917
1580136919492578.5 0,3.64,40,12.144431
1580136919570464.0 1,5.38,41,17.966246
1580136919664571.0 2,3.92,42,13.067783
1580136919752061.2 3,2.06,43,6.870368
1580136919846678.5 0,4.02,44,13.412084
1580136919935022.2 1,5.30,45,17.700195
1580136920021716.0 2,4.03,46,13.443384
1580136920108751.8 3,2.14,47,7.152068
1580136920201795.2 0,4.07,48,13.568585
1580136920295139.2 1,5.37,49,17.903646
1580136920386321.5 2,3.96,50,13.224284
1580136920474798.2 3,2.25,51,7.496369
1580136920567633.0 0,3.82,52,12.739133
1580136920654770.8 1,5.45,53,18.185347
1580136920745978.2 2,4.11,54,13.725085
1580136920835885.0 3,590186.71,55,1969241.552108
1580136920925312.0 0,3.69,56,12.316582
1580136921015590.0 1,5.35,57,17.856696
1580136921107603.8 2,4.36,58,14.554537
1580136921200636.8 3,2.35,59,7.856320
1580136921289535.0 0,3.68,60,12.285281
1580136921476074.2 2,4.36,62,14.538887
1580136921531878.8 3,2.35,63,7.840670
1580136921789089.8 2,3.74,66,12.488732
1580136921881049.8 3,2.27,67,7.574619
1580136921973146.0 0,3.77,68,12.582632
1580136922060637.5 1,5.17,69,17.246344
1580136922152872.8 2,4.23,70,14.116336
1580136922240878.5 3,2.25,71,7.496369
1580136922331041.2 0,3.74,72,12.473082
1580136922421655.8 1,5.23,73,17.465445
1580136922511823.5 2,4.09,74,13.662485
1580136922601879.2 3,2.26,75,7.527669
1580136922701940.2 0,3.76,76,12.551332
1580136922870647.0 2,4.17,78,13.928536
1580136922958845.0 3,2.23,79,7.449419
1580136923050807.2 0,3.79,80,12.629582
1580136923146026.2 1,5.20,81,17.355894
1580136923297686.8 3,2.25,83,7.496369
1580136923388897.8 0,3.78,84,12.613932
1580136923477554.2 1,5.25,85,17.528045
1580136923567541.0 2,4.04,86,13.474684
1580136923668261.5 3,2.29,87,7.652870
1580136923747475.8 0,3.75,88,12.520032
1580136923837640.8 1,5.19,89,17.324594
1580136923930945.8 2,3.87,90,12.911283
1580136924020315.0 3,2.26,91,7.543319
1580136924110571.8 0,3.75,92,12.520032
1580136924202318.2 1,5.18,93,17.277644
1580136924375200.2 3,2.27,95,7.574619
1580136924465379.2 0,3.74,96,12.473082
1580136924560746.0 1,5.35,97,17.841046
1580136924647158.8 2,4.01,98,13.380784
1580136924737142.2 3,2.26,99,7.543319
1580136924868508.5 0,3.76,0,12.535682
1580136924957929.5 1,5.25,1,17.528045
1580136925123378.2 3,2.29,3,7.652870
1580136925201474.0 0,3.74,4,12.488732
1580136925354867.5 2,3.79,6,12.660882
1580136925444915.8 3,2.24,7,7.465069
1580136925535211.5 0,3.77,8,12.566982
1580136925627203.2 1,5.24,9,17.481095
1580136925808868.0 3,2.26,11,7.527669
1580136925890660.0 0,3.77,12,12.582632
1580136926067038.8 2,3.86,14,12.864333
1580136926154662.2 3,2.29,15,7.637220
1580136926244750.8 0,3.79,16,12.629582
1580136926336758.2 1,5.22,17,17.418495
1580136926508714.2 3,2.28,19,7.621570
1580136926605202.2 0,3.76,20,12.535682
1580136926756069.0 2,3.83,22,12.786083
1580136926848484.2 3,2.22,23,7.418119
1580136926936694.8 0,3.80,24,12.692182
1580136927026887.8 1,5.24,25,17.496745
1580136927179852.5 3,2.25,27,7.512019
1580136927271717.5 0,3.72,28,12.426132
1580136927423856.8 2,3.86,30,12.879983
1580136927514108.0 3,2.26,31,7.527669
1580136927668565.5 1,5.18,33,17.277644
1580136927755822.2 2,3.86,34,12.864333
1580136927848134.2 3,2.52,35,8.419722
1580136927961631.0 0,3.64,36,12.160081
1580136928028184.0 1,5.18,37,17.293294
1580136928121757.0 2,4.02,38,13.427734
1580136928211780.5 3,2.58,39,8.591872
1580136928303594.0 0,3.45,40,11.502779
1580136928389981.5 1,5.39,41,17.997546
1580136928574617.0 3,2.34,43,7.793720
1580136928656917.8 0,4.06,44,13.537285
1580136928754620.2 1,5.32,45,17.762795
1580136928840039.2 2,6.09,46,20.313752
1580136928929831.0 3,2.58,47,8.607522
1580136929020666.8 0,3.39,48,11.314979
1580136929110457.8 1,5.34,49,17.825396
1580136929201074.2 2,5.03,50,16.776843
1580136929290706.5 3,2.67,51,8.920523
1580136929401231.0 0,2.71,52,9.045723
1580136929470442.8 1,5.40,53,18.028846
1580136929562413.8 2,4.61,54,15.383989
1580136929651993.8 3,4.35,55,14.507587
1580136929742021.2 0,2.72,56,9.061373
1580136929833524.8 1,5.15,57,17.199394
1580136929921046.8 2,5.34,58,17.825396
1580136930013720.5 3,3.01,59,10.047326
1580136930101447.8 0,2.56,60,8.544922
1580136930194031.8 1,5.31,61,17.731495
1580136930302476.8 2,4.93,62,16.463842
1580136930370393.5 3,3.04,63,10.156876
1580136930460731.0 0,2.51,64,8.388421
1580136930551018.5 1,5.45,65,18.200997
1580136930643270.0 2,5.79,66,19.312149
1580136930731306.2 3,3.16,67,10.532477
1580136930885296.8 1,5.59,69,18.639198
1580136930976144.0 2,6.83,70,22.786458
1580136931068749.8 3,3.15,71,10.501177
1580136931157093.2 0,2.59,72,8.638822
1580136931249228.5 1,5.75,73,19.171299
1580136931338441.0 2,5.51,74,18.373147
1580136931427235.2 3,3.23,75,10.767228
1580136931517577.8 0,2.18,76,7.261619
1580136931608311.8 1,5.98,77,19.953801
1580136931760498.0 3,3.20,79,10.688977
1580136931852809.8 0,2.24,80,7.465069
1580136932026309.2 2,6.61,82,22.050906
1580136932246561.0 3,3.27,83,10.908078
1580136932401787.5 2,7.42,86,24.758363
1580136932491905.0 3,3.45,87,11.518429
1580136932667481.5 1,5.85,89,19.515600
1580136932759054.8 2,5.64,90,18.811348
1580136932911721.0 0,2.22,92,7.402469
1580136933003820.8 1,5.77,93,19.249549
1580136933163793.8 3,3.69,95,12.300931
1580136933247112.0 0,2.13,96,7.105118
1580136933356983.2 1,5.85,97,19.531250
1580136933428718.0 2,6.41,98,21.377955
1580136933521006.5 3,3.34,99,11.158479
1580136933636537.2 0,2.03,0,6.776467
1580136933726880.8 1,5.88,1,19.609500
1580136933885483.2 3,4.60,3,15.337039
1580136933971842.8 0,1.92,4,6.400866
1580136934065586.8 1,5.94,5,19.812951
1580136934152643.2 2,5.78,6,19.280849
1580136934243345.0 3,4.17,7,13.897236
1580136934333001.0 0,2.10,8,6.995568
1580136934422741.5 1,5.83,9,19.468650
1580136934513001.2 2,5.73,10,19.108699
1580136934603136.8 3,3.87,11,12.911283
1580136934778050.8 1,5.89,13,19.656450
1580136934869451.8 2,6.99,14,23.318560
1580136935024777.5 0,2.28,16,7.605919
1580136935113427.8 1,5.79,17,19.327799
1580136935203625.0 2,6.98,18,23.302910
1580136935293535.8 3,3.46,19,11.549730
1580136935383971.2 0,1.89,20,6.306966
1580136935474086.0 1,5.70,21,19.030449
1580136935569957.2 2,7.05,22,23.537660
1580136935656453.5 3,3.79,23,12.629582
1580136935746866.0 0,2.30,24,7.668520
1580136935841264.2 1,5.70,25,19.030449
1580136935931491.0 2,6.93,26,23.115109
1580136936017052.0 3,3.71,27,12.394832
1580136936106954.8 0,1.59,28,5.305364
1580136936197244.0 1,5.89,29,19.640800
1580136936300676.8 2,7.10,30,23.694161
1580136936378295.2 3,3.79,31,12.629582
1580136936554044.5 1,5.64,33,18.826998
1580136936643778.0 2,6.05,34,20.172902
1580136936953268.2 1,5.45,37,18.185347
1580136937039625.2 2,6.17,38,20.595453
1580136937197619.5 0,1.83,40,6.119166
1580136937285642.0 1,5.29,41,17.637595
1580136937436368.0 2,6.31,42,21.049304
1580136937462502.8 3,4.38,43,14.617137
1580136937555320.5 0,1.68,44,5.602714
1580136937655208.8 1,5.01,45,16.729893
1580136937739270.0 2,5.16,46,17.215044
1580136937827082.2 3,4.11,47,13.725085
1580136937915299.5 0,1.48,48,4.929763
1580136938006932.8 1,4.78,49,15.963041
1580136938151464.0 2,5.06,50,16.886393
1580136938185476.0 3,4.42,51,14.757988
1580136938278909.5 0,1.53,52,5.117563
1580136938369228.8 1,4.70,53,15.665690
1580136938462141.8 2,5.07,54,16.933343
1580136938548582.0 3,4.93,55,16.463842
1580136938638158.8 0,1.33,56,4.428961
1580136938731407.2 1,4.84,57,16.135191
1580136938820259.5 2,5.41,58,18.060146
1580136938910954.0 3,4.86,59,16.213442
1580136939001591.0 0,1.05,60,3.489959
1580136939091182.5 1,4.94,61,16.479492
1580136939182131.8 2,5.47,62,18.247947
1580136939334649.2 0,0.99,64,3.302158
1580136939427885.8 1,4.90,65,16.338642
1580136939577993.8 3,5.53,67,18.451397
1580136939672080.8 0,0.98,68,3.255208
1580136939764835.0 1,4.87,69,16.260392
1580136939850648.0 2,5.48,70,18.279247
1580136939940687.8 3,5.02,71,16.745543
1580136940030597.0 0,0.98,72,3.270858
1580136940120928.2 1,4.85,73,16.197791
1580136940211948.2 2,5.47,74,18.247947
1580136940301624.2 3,5.54,75,18.498347
1580136940392448.0 0,1.07,76,3.583859
1580136940483818.5 1,4.75,77,15.853491
1580136940572251.8 2,5.38,78,17.950596
1580136940664623.0 3,5.01,79,16.729893
1580136940758891.8 0,1.38,80,4.616762
1580136940845380.0 1,4.74,81,15.806540
1580136940947323.8 2,5.04,82,16.808143
1580136941030544.8 3,4.89,83,16.322992
1580136941118441.8 0,1.97,84,6.573017
1580136941206316.0 1,4.77,85,15.916091
1580136941296894.5 2,5.00,86,16.698593
1580136941403866.0 3,4.84,87,16.150841
1580136941477668.0 0,1.99,88,6.635617
1580136941568174.2 1,4.80,89,16.025641
1580136941659229.2 2,4.87,90,16.260392
1580136941748988.2 3,3.69,91,12.316582
1580136941901882.5 1,5.00,93,16.698593
1580136942017409.5 2,5.03,94,16.776843
1580136942250861.8 1,5.15,97,17.199394
1580136942343183.2 2,4.93,98,16.463842
1580136942543946.8 0,2.09,0,6.964268
1580136942634625.2 1,5.29,1,17.653245
1580136942788674.5 3,3.48,3,11.627980
1580136942876215.8 0,1.92,4,6.400866
1580136943029245.0 2,5.20,6,17.340244
1580136943120839.0 3,3.55,7,11.847080
1580136943216887.2 0,2.18,8,7.277269
1580136943300269.0 1,5.33,9,17.794096
1580136943392766.0 2,6.57,10,21.925706
1580136943489154.2 3,3.33,11,11.111528
1580136943571059.5 0,1.80,12,6.009615
1580136943663789.5 1,5.39,13,17.981896
1580136943751143.5 2,5.30,14,17.700195
1580136943841123.8 3,3.95,15,13.192984
1580136943933784.0 0,1.97,16,6.573017
1580136944086807.5 2,5.05,18,16.839443
1580136944178391.0 3,4.70,19,15.696990
1580136944395381.2 2,4.59,22,15.321389
1580136944485855.0 3,4.79,23,15.978691
1580136944581015.0 0,2.45,24,8.184971
1580136944667373.2 1,4.92,25,16.416892
1580136944762722.5 2,4.29,26,14.304137
1580136944846052.5 3,3.22,27,10.751578
1580136944937658.5 0,2.68,28,8.936173
1580136945029604.5 1,4.58,29,15.274439
1580136945197814.5 2,4.04,30,13.490335
1580136945205039.0 3,3.28,31,10.939378
1580136945298407.2 0,2.73,32,9.092673
1580136945388535.2 1,4.36,33,14.538887
1580136945492281.8 2,3.89,34,12.973883
1580136945632176.0 0,2.84,36,9.468274
1580136945722130.0 1,4.39,37,14.648438
1580136945814340.5 2,3.87,38,12.911283
1580136945903019.5 3,3.24,39,10.814178
1580136945993876.2 0,2.90,40,9.671725
1580136946083706.5 1,4.27,41,14.257186
1580136946173129.2 2,3.89,42,12.989533
1580136946263193.2 3,3.23,43,10.767228
1580136946358664.2 0,2.87,44,9.562174
1580136946443545.8 1,4.24,45,14.163286
1580136946537586.8 2,3.86,46,12.864333
1580136946627403.2 3,3.26,47,10.861128
1580136946716773.2 0,2.90,48,9.671725
1580136946806883.8 1,4.29,49,14.304137
1580136946903289.2 2,3.88,50,12.958233
1580136946986818.2 3,3.23,51,10.767228
1580136947078450.0 0,2.91,52,9.703025
1580136947178306.8 1,4.26,53,14.225886
1580136947321857.2 3,3.23,55,10.782878
1580136947415310.5 0,2.88,56,9.624775
1580136947506608.0 1,4.18,57,13.944186
1580136947591201.5 2,3.77,58,12.582632
1580136947685328.5 3,3.27,59,10.923728
1580136947771869.8 0,2.78,60,9.280474
1580136947868327.0 1,4.17,61,13.912886
1580136947950399.0 2,3.70,62,12.332232
1580136948040731.2 3,3.53,63,11.784480
1580136948252842.0 0,2.75,64,9.186574
1580136948253319.2 1,3.98,65,13.286884
1580136948311093.5 2,3.76,66,12.551332
1580136948400191.0 3,3.81,67,12.707833
1580136948490835.8 0,2.82,68,9.421324
1580136948580933.0 1,3.79,69,12.645232
1580136948670689.0 2,3.75,70,12.504382
1580136948762448.5 3,3.96,71,13.208634
1580136948852339.0 0,3.08,72,10.266426
1580136949027404.5 2,3.69,74,12.316582
1580136949119932.0 3,4.18,75,13.959836
1580136949210482.0 0,3.13,76,10.454227
1580136949300660.2 1,3.64,77,12.128781
1580136949391629.5 2,3.66,78,12.207031
1580136949482377.0 3,4.20,79,14.006786
1580136949572075.5 0,3.08,80,10.266426
1580136949672095.8 1,3.40,81,11.346279
1580136949751233.5 2,3.86,82,12.879983
1580136949843248.0 3,4.22,83,14.085036
1580136949932121.0 0,3.04,84,10.156876
1580136950023254.0 1,3.48,85,11.596680
1580136950112585.8 2,3.79,86,12.645232
1580136950199432.0 3,4.26,87,14.225886
1580136950295319.2 0,3.11,88,10.360327
1580136950384906.8 1,3.37,89,11.252379
1580136950473877.0 2,3.78,90,12.613932
1580136950563146.8 3,4.30,91,14.351087
1580136950738874.5 1,3.36,93,11.221079
1580136950833810.0 2,3.74,94,12.473082
1580136951005214.2 0,3.17,96,10.563777
1580136951101596.5 1,3.40,97,11.346279
1580136951247643.2 3,4.29,99,14.319787
1580136951375910.8 0,3.16,0,10.532477
1580136951459070.5 1,3.37,1,11.252379
1580136951551048.2 2,3.60,2,12.019231
1580136951643731.5 3,4.32,3,14.398037
1580136951731960.5 0,3.23,4,10.767228
1580136951820500.5 1,3.34,5,11.158479
1580136951910844.2 2,3.62,6,12.081831
1580136952001076.0 3,4.32,7,14.413687
1580136952090829.5 0,3.06,8,10.203826
1580136952261888.0 2,3.64,10,12.144431
1580136952354855.8 3,4.36,11,14.538887
1580136952514541.8 1,3.35,13,11.189779
1580136952625868.0 2,3.61,14,12.034881
1580136952996751.8 2,3.63,18,12.097481
1580136953086470.8 3,4.37,19,14.570187
1580136953176172.8 0,3.10,20,10.329026
1580136953268338.0 1,3.40,21,11.330629
1580136953356124.8 2,3.67,22,12.238331
1580136953445789.2 3,4.28,23,14.272837
1580136953537773.0 0,3.12,24,10.422927
1580136953634625.0 1,3.47,25,11.581030
1580136953720595.5 2,3.68,26,12.285281
1580136953810826.5 3,4.31,27,14.382387
1580136953901408.8 0,3.15,28,10.516827
1580136953991711.0 1,3.40,29,11.330629
1580136954081199.2 2,3.60,30,12.003581
1580136954173752.2 3,4.18,31,13.959836
1580136954262068.0 0,3.03,32,10.109926
1580136954351227.2 1,3.56,33,11.862730
1580136954443707.2 2,3.73,34,12.441782
1580136954539607.0 3,4.09,35,13.662485
1580136954620875.2 0,2.95,36,9.843875
1580136954710857.0 1,3.73,37,12.441782
1580136954800867.2 2,3.77,38,12.566982
1580136954890836.8 3,4.06,39,13.552935
1580136954980849.0 0,2.81,40,9.390024
1580136955071273.0 1,3.95,41,13.177334
1580136955174708.2 2,3.92,42,13.083433
1580136955253167.2 3,3.85,43,12.848683
1580136955340266.5 0,2.65,44,8.857923
1580136955432031.8 1,4.23,45,14.100686
1580136955520872.0 2,3.89,46,12.989533
1580136955610848.0 3,3.57,47,11.909680
1580136955700845.2 0,2.60,48,8.685772
1580136955794606.8 1,4.27,49,14.257186
1580136955888655.2 2,4.08,50,13.599885
1580136955971038.0 3,3.41,51,11.393229
1580136956062972.8 0,2.60,52,8.685772
1580136956150657.8 1,4.54,53,15.149239
1580136956240744.8 2,4.20,54,14.022436
1580136956330537.2 3,3.38,55,11.268029
1580136956424536.5 0,2.53,56,8.451022
1580136956511224.0 1,4.56,57,15.211839
1580136956606535.8 2,4.16,58,13.881586
1580136956691230.5 3,3.31,59,11.048928
1580136956781598.0 0,2.73,60,9.092673
1580136956957937.5 2,4.20,62,14.006786
1580136957047939.2 3,3.20,63,10.673327
1580136957143348.0 0,2.78,64,9.280474
1580136957228197.2 1,4.74,65,15.806540
1580136957402329.5 3,3.23,67,10.782878
1580136957621211.0 0,2.74,68,9.155273
1580136957621753.5 1,4.75,69,15.837841
1580136957671254.5 2,4.17,70,13.897236
1580136957762362.5 3,3.15,71,10.501177
1580136957847118.8 0,2.98,72,9.937775
1580136957940551.8 1,4.73,73,15.790890
1580136958032595.2 2,4.16,74,13.881586
1580136958121445.0 3,3.19,75,10.657677
1580136958210940.0 0,2.95,76,9.859525
1580136958412691.5 2,4.22,78,14.085036
1580136958503766.8 3,3.17,79,10.579427
1580136958595075.0 0,2.95,80,9.828225
1580136958685391.0 1,4.65,81,15.524840
1580136958858287.0 3,3.17,83,10.579427
1580136958950527.8 0,2.97,84,9.906475
1580136959101956.5 2,4.18,86,13.944186
1580136959191964.8 3,3.15,87,10.501177
1580136959282838.0 0,2.93,88,9.765625
1580136959374569.8 1,4.75,89,15.853491
1580136959530492.5 3,3.18,91,10.626377
1580136959621233.5 0,2.94,92,9.812575
1580136959774000.8 2,4.26,94,14.225886
1580136959864084.8 3,3.23,95,10.767228
1580136960040536.8 1,4.70,97,15.665690
1580136960129022.8 2,4.19,98,13.975486
1580136960334342.5 0,2.88,0,9.593475
1580136960420689.8 1,4.67,1,15.587440
1580136960573750.2 3,3.18,3,10.626377
1580136960664107.2 0,2.90,4,9.687375
1580136960837750.0 2,4.09,6,13.662485
1580136960929595.0 3,3.18,7,10.626377
1580136961021228.2 0,2.90,8,9.687375
1580136961109990.2 1,4.69,9,15.650040
1580136961286426.8 3,3.18,11,10.626377
1580136961379125.0 0,2.91,12,9.703025
1580136961530339.2 2,4.22,14,14.069386
1580136961620016.5 3,3.12,15,10.407277
1580136961793957.8 1,4.78,17,15.947391
1580136961884844.0 2,4.14,18,13.818985
1580136961975032.0 3,3.19,19,10.642027
1580136962218022.5 1,4.56,21,15.211839
1580136962287194.0 2,4.12,22,13.756385
1580136962377105.8 3,3.32,23,11.064578
1580136962468249.5 0,2.88,24,9.609125
1580136962557249.0 1,4.30,25,14.335437
1580136962646860.0 2,3.82,26,12.754783
1580136962736920.8 3,3.30,27,11.017628
1580136962836601.0 0,2.96,28,9.890825
1580136962920787.5 1,4.13,29,13.772035
1580136963009464.5 2,3.71,30,12.394832
1580136963099633.2 3,3.33,31,11.095878
1580136963322477.0 1,4.23,33,14.100686
1580136963411591.8 2,3.71,34,12.363532
1580136963504254.5 3,3.18,35,10.626377
1580136963595657.0 0,2.98,36,9.937775
1580136963683551.8 1,4.63,37,15.446590
1580136963772113.5 2,3.71,38,12.379182
1580136963863081.2 3,2.88,39,9.624775
1580136963954717.8 0,2.92,40,9.749975
1580136964042724.2 1,4.76,41,15.884791
1580136964132612.5 2,3.68,42,12.269631
1580136964227061.2 3,2.83,43,9.436974
1580136964377685.8 1,4.78,45,15.947391
1580136964470364.5 2,3.85,46,12.848683
1580136964560074.2 3,2.90,47,9.671725
1580136964652036.5 0,2.89,48,9.640425
1580136964740220.8 1,4.72,49,15.743940
1580136964830710.2 2,3.75,50,12.520032
1580136964923978.2 3,2.88,51,9.609125
1580136965011009.2 0,3.05,52,10.172526
1580136965233178.2 2,3.79,54,12.645232
1580136965323111.8 3,2.90,55,9.671725
1580136965499342.2 1,4.91,57,16.385592
1580136965591755.0 2,3.77,58,12.582632
1580136965833708.5 1,4.92,61,16.401242
1580136965937527.2 2,3.76,62,12.551332
1580136966011267.8 3,2.92,63,9.734325
1580136966101708.8 0,2.94,64,9.796925
1580136966193310.8 1,4.99,65,16.635993
1580136966283158.5 2,3.74,66,12.473082
1580136966395473.5 3,3.02,67,10.062976
1580136966461863.0 0,3.15,68,10.501177
1580136966551587.5 1,5.05,69,16.839443
1580136966643314.5 2,3.73,70,12.457432
1580136966732643.8 3,2.92,71,9.749975
1580136966883336.5 1,4.93,73,16.448192
1580136966974477.5 2,3.76,74,12.551332
1580136967091015.8 3,2.94,75,9.796925
1580136967180528.2 0,3.14,76,10.469877
1580136967270761.8 1,4.84,77,16.150841
1580136967360490.5 2,3.71,78,12.363532
1580136967451444.5 3,2.96,79,9.890825
1580136967540206.8 0,3.16,80,10.548127
1580136967629907.0 1,4.74,81,15.822191
1580136967723593.2 2,3.68,82,12.285281
1580136967810801.0 3,2.98,83,9.937775
1580136967897411.0 0,3.04,84,10.141226
1580136967990898.0 1,4.85,85,16.182141
1580136968081256.0 2,3.69,86,12.316582
1580136968173408.8 3,3.03,87,10.094276
1580136968263805.8 0,3.15,88,10.501177
1580136968354922.8 1,4.88,89,16.276042
1580136968446542.2 2,3.72,90,12.410482
1580136968534508.2 3,3.01,91,10.031676
1580136968624913.0 0,3.14,92,10.469877
1580136968715473.8 1,4.93,93,16.463842
1580136968804956.8 2,3.70,94,12.332232
1580136968896450.2 3,3.08,95,10.266426
1580136968987370.5 0,3.18,96,10.626377
1580136969078644.8 1,4.89,97,16.307342
1580136969168049.2 2,3.75,98,12.504382
1580136969259886.5 3,3.12,99,10.422927
1580136969378699.8 0,3.05,0,10.188176
1580136969470132.5 1,4.67,1,15.587440
1580136969559543.8 2,3.77,2,12.566982
1580136969648103.2 3,2.98,3,9.953425
1580136969740263.0 0,3.17,4,10.563777
1580136969828793.8 1,5.07,5,16.902043
1580136969976616.8 3,2.66,6,8.873573
1580136970069613.0 0,5.07,7,16.933343
1580136970161358.5 1,4.92,8,16.432542
1580136970317213.5 3,2.61,10,8.717072
1580136970407366.5 0,3.51,11,11.721880
1580136970560237.8 2,3.95,13,13.177334
1580136970650270.8 3,2.63,14,8.779672
1580136970751078.5 0,3.12,15,10.407277
1580136970830944.5 1,5.17,16,17.246344
1580136970985371.8 3,2.86,18,9.546524
1580136971073069.5 0,3.54,19,11.815780
1580136971235903.8 2,4.18,21,13.959836
1580136971338870.8 3,3.41,22,11.361929
1580136971409696.0 0,2.98,23,9.953425
1580136971499640.0 1,4.83,24,16.119541
1580136971652054.2 3,3.03,26,10.094276
1580136971759698.5 0,2.79,27,9.311774
1580136971894927.8 2,4.09,29,13.631185
1580136971996697.2 3,3.19,30,10.657677
1580136972079463.0 0,2.73,31,9.108323
1580136972171248.8 1,4.53,32,15.117939
1580136972326283.5 3,3.41,34,11.393229
1580136972418801.5 0,2.65,35,8.857923
1580136972576533.2 2,4.79,37,15.994341
1580136972914486.8 3,3.49,38,11.643630
1580136972915842.2 0,2.65,39,8.857923
1580136972916267.2 1,4.37,40,14.585837
1580136972929786.5 2,4.75,41,15.837841
1580136973021280.0 3,3.34,42,11.158479
1580136973116328.2 0,2.65,43,8.826623
1580136973202343.0 1,4.40,44,14.679738
1580136973310520.8 2,4.08,45,13.599885
1580136973383636.8 3,3.27,46,10.908078
1580136973470274.0 0,2.70,47,8.998773
1580136973560524.5 1,4.35,48,14.507587
1580136973651118.8 2,3.95,49,13.192984
1580136973742665.5 3,3.28,50,10.939378
1580136973835510.8 0,2.70,51,8.998773
1580136973922632.2 1,4.29,52,14.319787
1580136974011645.0 2,4.03,53,13.459034
1580136974103446.2 3,3.66,54,12.207031
1580136974278680.5 1,4.38,56,14.601487
1580136974372684.5 2,4.04,57,13.474684
1580136974627134.2 1,4.30,60,14.351087
1580136974716728.5 2,4.11,61,13.725085
1580136974806911.8 3,3.52,62,11.753180
1580136974896868.5 0,2.73,63,9.092673
1580136974986618.8 1,4.35,64,14.523237
1580136975083739.2 2,3.97,65,13.255584
1580136975168891.2 3,3.43,66,11.440179
1580136975256968.2 0,2.71,67,9.045723
1580136975349952.0 1,4.35,68,14.507587
1580136975441333.0 2,4.14,69,13.803335
1580136975530127.5 3,3.41,70,11.361929
1580136975686154.0 1,4.40,72,14.679738
1580136975783085.8 2,4.43,73,14.773638
1580136975861602.2 3,3.43,74,11.455829
1580136975953360.5 0,2.70,75,8.998773
1580136976047489.0 1,4.43,76,14.789288
1580136976135780.5 2,5.29,77,17.653245
1580136976228670.2 3,3.47,78,11.581030
1580136976324991.2 0,2.66,79,8.873573
1580136976407927.0 1,4.35,80,14.523237
1580136976499121.8 2,4.10,81,13.678135
1580136976590997.2 3,3.27,82,10.908078
1580136976741057.2 1,4.44,84,14.804938
1580136976832236.5 2,5.47,85,18.247947
1580136976985758.5 0,2.74,87,9.139623
1580136977077546.8 1,4.45,88,14.836238
1580136977236478.0 3,3.92,90,13.067783
1580136977323598.0 0,2.75,91,9.170923
1580136977429907.0 1,4.70,92,15.665690
1580136977504879.0 2,3.97,93,13.239934
1580136977594315.5 3,3.61,94,12.034881
1580136977696986.5 0,2.83,95,9.452624
1580136977774943.8 1,4.77,96,15.916091
1580136977867148.5 2,3.97,97,13.239934
1580136977954808.5 3,3.37,98,11.236729
1580136978078112.8 0,2.95,0,9.828225
1580136978168052.2 1,4.88,1,16.291692
1580136978341047.5 3,2.88,3,9.609125
1580136978431923.8 0,3.03,4,10.094276
1580136978522021.8 1,5.07,5,16.933343
1580136978615622.0 2,3.97,6,13.255584
1580136978766974.0 0,3.17,8,10.563777
1580136978856626.0 1,5.10,9,17.027244
1580136979031908.0 3,2.75,11,9.170923
1580136979126727.0 0,3.25,12,10.829828
1580136979211817.2 1,5.06,13,16.870743
1580136979302327.8 2,3.92,14,13.083433
1580136979392258.2 3,2.73,15,9.123973
1580136979485143.0 0,3.10,16,10.329026
1580136979571485.5 1,4.93,17,16.448192
1580136979664765.0 2,3.92,18,13.067783
1580136979755374.0 3,2.71,19,9.045723
1580136979844018.0 0,3.09,20,10.313376
1580136979936183.8 1,4.71,21,15.712640
1580136980086981.2 3,2.68,23,8.936173
1580136980176455.2 0,3.26,24,10.876778
1580136980330115.0 2,3.76,26,12.551332
1580136980427114.5 3,2.78,27,9.264824
1580136980511926.2 0,3.16,28,10.548127
1580136980607439.5 1,4.64,29,15.477890
1580136980754810.2 3,2.79,31,9.311774
1580136980844503.2 0,3.13,32,10.454227
1580136980934895.8 1,4.58,33,15.274439
1580136981023946.8 2,3.76,34,12.551332
1580136981176954.2 0,3.09,36,10.297726
1580136981267080.0 1,4.58,37,15.274439
1580136981356703.2 2,3.79,38,12.645232
1580136981448896.0 3,2.80,39,9.343074
1580136981546119.5 0,3.05,40,10.172526
1580136981634481.5 1,4.63,41,15.462240
1580136981724955.8 2,3.74,42,12.488732
1580136981822097.8 3,2.80,43,9.358724
1580136981905014.8 0,2.96,44,9.890825
1580136981995101.5 1,4.66,45,15.556140
1580136982088820.0 2,3.78,46,12.598282
1580136982238447.5 0,2.86,48,9.530874
1580136982333810.8 1,4.65,49,15.509190
1580136982423077.8 2,3.80,50,12.692182
1580136982511211.8 3,2.80,51,9.358724
1580136982601069.5 0,2.87,52,9.562174
1580136982691968.0 1,4.66,53,15.540490
1580136982781526.5 2,3.79,54,12.629582
1580136982872008.0 3,2.74,55,9.139623
1580136982960125.2 0,2.87,56,9.562174
1580136983134894.0 2,3.81,58,12.707833
1580136983225786.0 3,2.76,59,9.217874
1580136983316619.2 0,2.87,60,9.562174
1580136983406714.8 1,4.67,61,15.587440
1580136983580694.2 3,2.75,63,9.186574
1580136983670164.8 0,2.86,64,9.546524
1580136983824497.2 2,3.80,66,12.676532
1580136983914639.2 3,2.78,67,9.264824
1580136984003732.0 0,2.87,68,9.577825
1580136984098553.8 1,4.64,69,15.493540
1580136984189003.5 2,3.85,70,12.848683
1580136984280224.5 3,2.74,71,9.155273
1580136984370883.8 0,2.84,72,9.468274
1580136984461289.8 1,4.68,73,15.603090
1580136984552679.5 2,3.79,74,12.629582
1580136984642015.8 3,2.74,75,9.155273
1580136984732625.0 0,2.87,76,9.577825
1580136984822852.8 1,4.64,77,15.493540
1580136984919613.2 2,3.78,78,12.598282
1580136984999935.0 3,2.77,79,9.249174
1580136985098963.2 0,2.87,80,9.577825
1580136985186360.5 1,4.65,81,15.509190
1580136985270713.0 2,3.77,82,12.582632
1580136985364048.2 3,2.75,83,9.170923
1580136985451535.8 0,2.80,84,9.343074
1580136985545885.5 1,4.61,85,15.383989
1580136985631975.0 2,3.78,86,12.613932
1580136985722867.2 3,2.75,87,9.186574
1580136985874975.0 1,4.62,89,15.399639
1580136985966137.2 2,3.75,90,12.520032
1580136986139456.8 0,2.88,92,9.609125
1580136986229333.8 1,4.67,93,15.571790
1580136986384122.0 3,2.76,95,9.202224
1580136986472563.5 0,2.92,96,9.734325
1580136986625971.2 2,3.76,98,12.535682
1580136986718508.0 3,2.81,99,9.374374
1580136986932216.2 1,4.65,1,15.509190
1580136987020066.8 2,3.78,2,12.598282
1580136987110460.0 3,2.90,3,9.671725
1580136987336571.5 1,4.74,5,15.822191
1580136987422429.2 2,3.63,6,12.113131
1580136987514633.5 3,3.18,7,10.610727
1580136987605382.2 0,3.37,8,11.236729
1580136987695655.0 1,4.39,9,14.632787
1580136987785333.0 2,3.51,10,11.721880
1580136987875650.0 3,3.86,11,12.864333
1580136987965895.2 0,3.25,12,10.829828
1580136988057906.0 1,3.98,13,13.271234
1580136988148398.2 2,3.26,14,10.876778
1580136988238893.0 3,4.00,15,13.349484
1580136988414018.0 1,3.86,17,12.864333
1580136988504469.2 2,3.08,18,10.282076
1580136988657643.2 0,4.01,20,13.396434
1580136988747948.5 1,3.65,21,12.175731
1580136988838064.5 2,2.83,22,9.436974
1580136988927822.0 3,3.54,23,11.815780
1580136989019356.8 0,3.98,24,13.271234
1580136989108665.8 1,3.56,25,11.894030
1580136989203572.5 2,2.57,26,8.560572
1580136989294889.5 3,3.57,27,11.925331
1580136989380959.8 0,4.23,28,14.100686
1580136989554897.0 2,2.20,30,7.324219
1580136989649478.8 3,3.71,31,12.379182
1580136989737406.8 0,4.40,32,14.679738
1580136989825447.0 1,3.28,33,10.955028
1580136989978925.8 3,3.74,35,12.488732
1580136990070020.5 0,4.84,36,16.135191
1580136990226032.8 2,1.55,38,5.164513
1580136990324662.2 3,3.90,39,13.005183
1580136990410058.8 0,5.86,40,19.546900
1580136990498815.5 1,3.19,41,10.657677
1580136990652381.5 3,4.06,43,13.537285
1580136990742904.5 0,5.79,44,19.327799
1580136990893222.5 2,0.93,46,3.114358
1580136990984214.0 3,5.10,47,17.011594
1580136991160895.0 1,3.35,49,11.189779
1580136991250089.8 2,0.76,50,2.519656
1580136991345970.8 3,4.14,51,13.818985
1580136991430336.0 0,5.68,52,18.936548
1580136991520421.8 1,3.74,53,12.473082
1580136991611217.2 2,1.02,54,3.396059
1580136991700481.0 3,3.93,55,13.099084
1580136991791745.2 0,5.13,56,17.105494
1580136991881114.5 1,3.40,57,11.346279
1580136991973012.0 2,1.48,58,4.945413
1580136992063906.5 3,3.82,59,12.739133
1580136992150891.0 0,4.77,60,15.900441
1580136992254304.0 1,3.34,61,11.158479
1580136992332030.5 2,1.98,62,6.619967
1580136992421456.2 3,3.83,63,12.786083
1580136992574733.2 1,3.19,65,10.642027
1580136992664831.2 2,2.88,66,9.593475
1580136992756665.2 3,3.69,67,12.316582
1580136992847046.0 0,4.29,68,14.304137
1580136993000418.2 2,3.15,70,10.501177
1580136993090593.8 3,3.86,71,12.879983
1580136993180734.0 0,3.97,72,13.255584
1580136993271643.8 1,3.39,73,11.299329
1580136993430678.2 3,4.07,75,13.568585
1580136993520110.2 0,3.82,76,12.739133
1580136993697852.0 2,3.07,78,10.235126
1580136993789219.0 3,4.52,79,15.070989
1580136993960446.5 1,3.12,81,10.422927
1580136994050421.5 2,3.16,82,10.548127
1580136994224175.2 0,3.50,84,11.674930
1580136994314936.2 1,3.38,85,11.283679
1580136994467741.5 3,5.03,87,16.776843
1580136994559391.8 0,3.42,88,11.408879
1580136994653761.0 1,2.83,89,9.452624
1580136994744320.8 2,4.50,90,15.008388
1580136994836605.2 3,5.04,91,16.808143
1580136994929556.5 0,3.18,92,10.626377
1580136995017765.2 1,2.86,93,9.530874
1580136995107144.8 2,4.13,94,13.787685
1580136995200626.8 3,5.01,95,16.714243
1580136995287184.2 0,2.94,96,9.812575
1580136995378125.5 1,3.32,97,11.064578
1580136995551084.2 3,4.95,99,16.526442
1580136995675211.0 0,2.61,0,8.717072
1580136995761754.5 1,3.50,1,11.690580
1580136995852724.5 2,4.28,2,14.272837
1580136995942860.5 3,4.74,3,15.806540
1580136996033002.8 0,2.38,4,7.950220
1580136996123990.2 1,3.91,5,13.036483
1580136996215106.0 2,4.32,6,14.429337
1580136996303335.0 3,4.71,7,15.712640
1580136996394050.2 0,2.29,8,7.637220
1580136996569419.8 2,4.45,10,14.836238
1580136996660005.5 3,4.40,11,14.695388
1580136996836109.8 1,4.77,13,15.916091
1580136996923803.8 2,4.46,14,14.867538
1580136997097912.0 0,2.12,16,7.058168
1580136997187957.5 1,4.91,17,16.369942
1580136997342894.8 3,4.75,19,15.853491
1580136997433725.2 0,2.56,20,8.544922
1580136997526499.0 1,5.18,21,17.277644
1580136997620999.0 2,4.95,22,16.526442
1580136997710830.0 3,4.62,23,15.430940
1580136997802425.5 0,1.80,24,6.009615
1580136997890104.2 1,5.37,25,17.903646
1580136997977533.8 2,5.03,26,16.792493
1580136998074508.8 3,3.92,27,13.083433
1580136998165231.0 0,3.39,28,11.314979
1580136998251021.0 1,5.59,29,18.654848
1580136998341377.2 2,5.50,30,18.341847
1580136998431434.0 3,4.02,31,13.427734
1580136998523730.5 0,1.99,32,6.635617
1580136998700592.8 2,5.47,34,18.263597
1580136998791970.8 3,4.69,35,15.650040
