1580136857659856.2 -0.362,0.722,-0.761,-0.378,0.039,0.017,0.925
1580136857760796.2 -0.362,0.721,-0.761,-0.378,0.038,0.017,0.925
1580136857965045.5 -0.362,0.721,-0.761,-0.378,0.039,0.017,0.925
1580136858096613.0 -0.361,0.722,-0.761,-0.378,0.039,0.017,0.925
1580136858198109.0 -0.361,0.722,-0.761,-0.377,0.039,0.017,0.925
1580136858302513.2 -0.363,0.724,-0.76,-0.373,0.021,0.035,0.927
1580136858404436.0 -0.356,0.748,-0.754,-0.324,0.006,0.063,0.944
1580136858506382.2 -0.333,0.799,-0.757,-0.408,-0.018,0.061,0.911
1580136858638614.5 -0.296,0.904,-0.723,-0.492,0.081,0.05,0.865
1580136858766123.2 -0.243,0.984,-0.688,-0.478,0.095,0.091,0.868
1580136858865276.2 -0.197,1.018,-0.675,-0.499,0.077,0.131,0.853
1580136859011257.0 -0.128,1.064,-0.651,-0.454,0.058,0.124,0.88
1580136859138888.8 -0.07,1.085,-0.624,-0.479,0.07,0.123,0.866
1580136859270657.0 -0.034,1.101,-0.586,-0.466,0.15,0.162,0.857
1580136859400087.8 -0.023,1.113,-0.558,-0.45,0.165,0.218,0.85
1580136859507563.8 -0.024,1.116,-0.548,-0.458,0.192,0.186,0.847
1580136859604829.5 -0.033,1.123,-0.539,-0.466,0.234,0.173,0.836
1580136859735833.5 -0.037,1.13,-0.534,-0.461,0.247,0.16,0.837
1580136859864712.8 -0.041,1.133,-0.529,-0.455,0.247,0.165,0.84
1580136859967636.8 -0.044,1.129,-0.529,-0.474,0.236,0.156,0.834
1580136860111680.0 -0.048,1.131,-0.527,-0.465,0.248,0.15,0.837
1580136860198541.2 -0.051,1.13,-0.53,-0.464,0.206,0.17,0.845
1580136860301235.0 -0.052,1.129,-0.535,-0.469,0.186,0.164,0.848
1580136860401091.2 -0.052,1.126,-0.545,-0.496,0.178,0.176,0.831
1580136860535061.5 -0.046,1.133,-0.551,-0.474,0.159,0.153,0.852
1580136860665839.5 -0.036,1.126,-0.565,-0.496,0.14,0.141,0.846
1580136860797952.8 -0.012,1.122,-0.582,-0.519,0.111,0.098,0.842
1580136860904693.0 0.016,1.113,-0.594,-0.545,0.067,0.068,0.833
1580136861030755.8 0.071,1.102,-0.601,-0.574,0.022,-0.018,0.818
1580136861136310.8 0.128,1.104,-0.597,-0.555,-0.056,-0.043,0.829
1580136861246959.8 0.193,1.103,-0.589,-0.568,-0.112,-0.06,0.814
1580136861365540.0 0.28,1.116,-0.577,-0.56,-0.16,-0.061,0.811
1580136861501520.8 0.368,1.127,-0.579,-0.577,-0.185,-0.055,0.794
1580136861651499.0 0.44,1.139,-0.603,-0.611,-0.218,-0.051,0.759
1580136861741005.8 0.484,1.152,-0.637,-0.603,-0.213,-0.054,0.767
1580136861864726.0 0.543,1.177,-0.716,-0.57,-0.163,-0.037,0.804
1580136862000153.2 0.577,1.208,-0.807,-0.487,-0.071,-0.008,0.871
1580136862135629.0 0.603,1.242,-0.893,-0.418,-0.007,0.018,0.908
1580136862237215.2 0.624,1.268,-0.947,-0.371,0.046,0.021,0.927
1580136862364493.5 0.654,1.293,-1.012,-0.348,0.088,0.015,0.933
1580136862467429.0 0.662,1.313,-1.045,-0.341,0.11,0.02,0.933
1580136862601440.2 0.668,1.343,-1.074,-0.328,0.139,0.039,0.934
1580136862734808.0 0.681,1.368,-1.095,-0.274,0.172,0.014,0.946
1580136862863120.8 0.687,1.384,-1.123,-0.243,0.158,0.004,0.957
1580136862963327.0 0.685,1.402,-1.157,-0.227,0.147,-0.002,0.963
1580136863066246.8 0.682,1.423,-1.187,-0.203,0.149,-0.007,0.968
1580136863206772.5 0.677,1.441,-1.211,-0.186,0.166,-0.008,0.969
1580136863333988.0 0.666,1.451,-1.226,-0.182,0.178,0.001,0.967
1580136863436329.0 0.663,1.467,-1.232,-0.164,0.2,0.011,0.966
1580136863565745.0 0.663,1.477,-1.242,-0.147,0.213,0.013,0.966
1580136863697050.2 0.668,1.477,-1.261,-0.15,0.229,0.006,0.962
1580136863813342.8 0.669,1.473,-1.271,-0.163,0.231,0.003,0.959
1580136863934664.5 0.671,1.462,-1.272,-0.181,0.222,0.026,0.958
1580136864036267.8 0.671,1.454,-1.264,-0.193,0.207,0.053,0.958
1580136864163661.2 0.671,1.457,-1.248,-0.18,0.203,0.064,0.96
1580136864266432.2 0.669,1.461,-1.239,-0.169,0.208,0.061,0.961
1580136864428302.8 0.665,1.463,-1.233,-0.166,0.213,0.055,0.961
1580136864533730.2 0.663,1.463,-1.231,-0.168,0.213,0.053,0.961
1580136864663744.5 0.668,1.463,-1.23,-0.167,0.21,0.044,0.962
1580136864802517.5 0.689,1.466,-1.223,-0.167,0.19,0.038,0.967
1580136864932886.5 0.74,1.475,-1.19,-0.143,0.136,0.043,0.979
1580136865033402.0 0.793,1.481,-1.153,-0.117,0.065,0.054,0.99
1580136865133900.0 0.857,1.479,-1.112,-0.088,0.007,0.045,0.995
1580136865263753.5 0.949,1.478,-1.047,-0.094,-0.088,0.033,0.991
1580136865366778.2 1.031,1.484,-0.979,-0.078,-0.147,0.005,0.986
1580136865468662.5 1.109,1.488,-0.9,-0.055,-0.197,-0.016,0.979
1580136865566585.5 1.176,1.49,-0.828,-0.053,-0.244,-0.013,0.968
1580136865673802.5 1.233,1.488,-0.768,-0.076,-0.297,0.003,0.952
1580136865802457.8 1.285,1.485,-0.709,-0.09,-0.328,0.006,0.941
1580136865917499.8 1.314,1.485,-0.678,-0.095,-0.344,0.012,0.934
1580136866035806.0 1.343,1.486,-0.65,-0.1,-0.366,-0.007,0.925
1580136866138441.2 1.359,1.486,-0.621,-0.088,-0.389,-0.019,0.917
1580136866264616.5 1.376,1.499,-0.573,-0.07,-0.439,-0.017,0.896
1580136866399957.8 1.383,1.521,-0.528,-0.057,-0.487,-0.008,0.872
1580136866501360.5 1.381,1.539,-0.503,-0.049,-0.515,0.01,0.856
1580136866632078.8 1.372,1.563,-0.464,-0.018,-0.548,0.024,0.836
1580136866733888.2 1.369,1.577,-0.437,0.005,-0.57,0.026,0.821
1580136866834752.0 1.367,1.584,-0.413,0.018,-0.591,0.031,0.806
1580136866938425.5 1.369,1.585,-0.393,0.025,-0.611,0.029,0.791
1580136867065160.0 1.374,1.581,-0.366,0.027,-0.637,0.021,0.77
1580136867163997.8 1.378,1.579,-0.352,0.029,-0.652,0.019,0.758
1580136867297080.2 1.384,1.577,-0.338,0.028,-0.668,0.015,0.743
1580136867402914.8 1.387,1.574,-0.328,0.028,-0.677,0.013,0.735
1580136867532665.0 1.393,1.571,-0.323,0.025,-0.685,0.011,0.728
1580136867684115.5 1.396,1.571,-0.318,0.027,-0.69,0.009,0.723
1580136867802106.5 1.401,1.57,-0.319,0.028,-0.692,0.01,0.721
1580136867936716.0 1.409,1.569,-0.324,0.024,-0.696,0.009,0.718
1580136868061730.5 1.417,1.567,-0.329,0.025,-0.698,0.006,0.716
1580136868163115.8 1.426,1.564,-0.333,0.027,-0.699,0.004,0.715
1580136868262058.0 1.438,1.564,-0.34,0.025,-0.698,0.005,0.716
1580136868362706.5 1.448,1.564,-0.345,0.025,-0.697,0.003,0.716
1580136868500795.0 1.459,1.565,-0.353,0.023,-0.692,0.002,0.722
1580136868632101.8 1.466,1.566,-0.361,0.022,-0.689,0.003,0.724
1580136868762850.2 1.468,1.564,-0.361,0.02,-0.693,0.002,0.721
1580136868864992.5 1.469,1.56,-0.352,0.021,-0.7,-0.001,0.714
1580136868965171.8 1.466,1.558,-0.338,0.022,-0.71,-0.005,0.704
1580136869096106.0 1.459,1.558,-0.32,0.02,-0.728,-0.002,0.685
1580136869198770.5 1.453,1.558,-0.302,0.022,-0.743,0,0.669
1580136869303536.8 1.448,1.558,-0.284,0.021,-0.756,0.001,0.654
1580136869433305.0 1.437,1.559,-0.263,0.021,-0.772,0.006,0.635
1580136869561474.0 1.425,1.56,-0.245,0.025,-0.784,0.01,0.62
1580136869663164.5 1.418,1.56,-0.234,0.026,-0.79,0.013,0.613
1580136869799950.5 1.414,1.559,-0.219,0.027,-0.796,0.01,0.605
1580136869930074.0 1.412,1.558,-0.209,0.027,-0.795,0.009,0.606
1580136870031789.2 1.411,1.558,-0.205,0.03,-0.793,0.008,0.608
1580136870162518.0 1.411,1.558,-0.199,0.032,-0.791,0.006,0.611
1580136870263453.0 1.409,1.558,-0.197,0.031,-0.79,0.008,0.612
1580136870396152.0 1.41,1.557,-0.194,0.031,-0.791,0.007,0.611
1580136870529942.2 1.412,1.554,-0.19,0.031,-0.792,0.004,0.61
1580136870635101.8 1.412,1.553,-0.188,0.031,-0.791,0.004,0.61
1580136870761182.8 1.414,1.554,-0.188,0.03,-0.791,0.004,0.61
1580136870897632.0 1.413,1.556,-0.187,0.03,-0.791,0.004,0.612
1580136871000901.5 1.413,1.556,-0.188,0.031,-0.79,0.004,0.612
1580136871127978.0 1.413,1.557,-0.19,0.029,-0.79,0.005,0.613
1580136871231873.8 1.412,1.557,-0.193,0.029,-0.789,0.006,0.613
1580136871334808.2 1.411,1.557,-0.192,0.031,-0.789,0.006,0.613
1580136871462991.5 1.411,1.556,-0.191,0.033,-0.788,0.006,0.614
1580136871596035.5 1.411,1.556,-0.193,0.032,-0.788,0.005,0.615
1580136871693812.2 1.412,1.555,-0.197,0.032,-0.787,0.005,0.616
1580136871800109.5 1.412,1.555,-0.199,0.032,-0.786,0.005,0.617
1580136871933779.2 1.414,1.554,-0.2,0.032,-0.785,0.004,0.618
1580136872063043.8 1.415,1.552,-0.199,0.031,-0.784,0.004,0.62
1580136872161591.5 1.417,1.552,-0.197,0.031,-0.784,0.002,0.62
1580136872263377.5 1.419,1.549,-0.198,0.033,-0.784,0.002,0.62
1580136872399722.0 1.419,1.55,-0.197,0.032,-0.785,0.003,0.619
1580136872531522.8 1.419,1.55,-0.195,0.033,-0.786,0.004,0.617
1580136872663514.5 1.419,1.549,-0.194,0.033,-0.786,0.004,0.617
1580136872761495.8 1.419,1.548,-0.194,0.035,-0.786,0.004,0.617
1580136872862810.0 1.42,1.546,-0.192,0.036,-0.785,0.003,0.618
1580136872963358.2 1.423,1.544,-0.19,0.034,-0.786,0.002,0.618
1580136873065967.2 1.427,1.54,-0.185,0.035,-0.782,-0.001,0.622
1580136873195505.0 1.437,1.539,-0.175,0.036,-0.774,-0.004,0.633
1580136873306132.8 1.448,1.536,-0.17,0.035,-0.767,-0.007,0.641
1580136873431044.0 1.467,1.523,-0.158,0.03,-0.765,-0.017,0.643
1580136873538109.8 1.486,1.509,-0.142,0.03,-0.769,-0.025,0.638
1580136873662790.0 1.527,1.485,-0.12,0.018,-0.779,-0.034,0.626
1580136873797839.2 1.589,1.455,-0.088,0.021,-0.786,-0.05,0.616
1580136873895994.0 1.653,1.44,-0.07,0.012,-0.797,-0.062,0.6
1580136874002831.0 1.722,1.436,-0.049,0.006,-0.808,-0.072,0.585
1580136874129531.8 1.802,1.435,0.001,0.009,-0.818,-0.084,0.568
1580136874235585.8 1.856,1.433,0.042,0.016,-0.824,-0.09,0.559
1580136874334333.2 1.91,1.426,0.087,0.026,-0.827,-0.091,0.554
1580136874473420.2 1.989,1.409,0.156,0.035,-0.826,-0.086,0.556
1580136874598796.2 2.081,1.398,0.232,0.046,-0.813,-0.064,0.577
1580136874702607.5 2.165,1.397,0.297,0.038,-0.796,-0.086,0.598
1580136874833022.0 2.269,1.403,0.365,0.017,-0.805,-0.095,0.586
1580136874962358.2 2.369,1.399,0.421,-0.01,-0.782,-0.077,0.618
1580136875063493.5 2.457,1.384,0.462,-0.029,-0.771,-0.087,0.63
1580136875202995.0 2.571,1.358,0.509,-0.023,-0.781,-0.056,0.622
1580136875305940.2 2.673,1.345,0.559,-0.027,-0.771,-0.087,0.631
1580136875432290.5 2.782,1.334,0.612,-0.07,-0.797,-0.112,0.589
1580136875569471.5 2.885,1.315,0.675,-0.106,-0.792,-0.144,0.584
1580136875697129.0 2.972,1.296,0.746,-0.089,-0.774,-0.16,0.605
1580136875831314.0 3.062,1.276,0.816,-0.105,-0.751,-0.145,0.636
1580136875961605.8 3.157,1.273,0.891,-0.135,-0.694,-0.198,0.679
1580136876099693.0 3.229,1.291,0.946,-0.127,-0.671,-0.18,0.708
1580136876206046.8 3.288,1.294,0.967,-0.134,-0.656,-0.188,0.719
1580136876330443.2 3.384,1.282,0.993,-0.133,-0.646,-0.178,0.73
1580136876462115.0 3.496,1.263,1.001,-0.144,-0.62,-0.16,0.755
1580136876561591.8 3.582,1.26,1,-0.144,-0.617,-0.158,0.757
1580136876694631.0 3.691,1.277,0.996,-0.157,-0.608,-0.156,0.762
1580136876795298.2 3.765,1.286,0.985,-0.187,-0.594,-0.16,0.766
1580136876903911.8 3.827,1.282,0.97,-0.204,-0.578,-0.148,0.776
1580136877030524.2 3.924,1.27,0.956,-0.207,-0.559,-0.128,0.793
1580136877134878.2 3.997,1.266,0.949,-0.209,-0.547,-0.109,0.803
1580136877274560.0 4.103,1.277,0.95,-0.202,-0.511,-0.095,0.83
1580136877401243.0 4.19,1.299,0.948,-0.167,-0.474,-0.075,0.861
1580136877538113.5 4.277,1.301,0.929,-0.171,-0.439,-0.072,0.879
1580136877640514.0 4.328,1.293,0.907,-0.173,-0.433,-0.068,0.882
1580136877761076.0 4.386,1.271,0.871,-0.184,-0.407,-0.075,0.892
1580136877895979.8 4.439,1.264,0.838,-0.211,-0.415,-0.075,0.882
1580136877996122.2 4.467,1.271,0.82,-0.215,-0.406,-0.07,0.886
1580136878105212.0 4.487,1.278,0.805,-0.185,-0.378,-0.071,0.904
1580136878232144.5 4.516,1.282,0.781,-0.206,-0.36,-0.064,0.908
1580136878361116.0 4.538,1.287,0.778,-0.195,-0.34,-0.057,0.918
1580136878462247.8 4.553,1.29,0.775,-0.198,-0.33,-0.048,0.922
1580136878601251.0 4.578,1.291,0.768,-0.2,-0.315,-0.045,0.927
1580136878731916.2 4.599,1.291,0.764,-0.209,-0.313,-0.048,0.925
1580136878861488.0 4.62,1.288,0.756,-0.213,-0.315,-0.058,0.923
1580136878995566.2 4.637,1.285,0.749,-0.209,-0.315,-0.064,0.924
1580136879127565.2 4.65,1.278,0.742,-0.214,-0.316,-0.073,0.922
1580136879228357.8 4.656,1.276,0.738,-0.214,-0.317,-0.077,0.921
1580136879363257.0 4.66,1.273,0.731,-0.217,-0.315,-0.077,0.921
1580136879459470.5 4.662,1.271,0.726,-0.22,-0.315,-0.078,0.92
1580136879596832.5 4.663,1.271,0.725,-0.219,-0.318,-0.076,0.919
1580136879729625.5 4.665,1.271,0.727,-0.217,-0.32,-0.079,0.919
1580136879858862.2 4.665,1.271,0.729,-0.217,-0.322,-0.078,0.918
1580136879996139.8 4.656,1.277,0.734,-0.211,-0.325,-0.07,0.919
1580136880095482.8 4.633,1.285,0.736,-0.205,-0.32,-0.05,0.924
1580136880227905.8 4.571,1.296,0.739,-0.191,-0.298,-0.016,0.935
1580136880329878.0 4.499,1.308,0.741,-0.189,-0.258,0.02,0.947
1580136880457927.0 4.387,1.318,0.766,-0.159,-0.162,0.049,0.973
1580136880596782.8 4.27,1.313,0.814,-0.13,0.024,0.043,0.99
1580136880739305.5 4.128,1.301,0.885,-0.145,0.217,0.102,0.96
1580136880861104.2 3.993,1.297,0.965,-0.146,0.381,0.128,0.904
1580136880993035.2 3.873,1.296,1.051,-0.115,0.504,0.139,0.845
1580136881095336.2 3.794,1.289,1.116,-0.086,0.585,0.141,0.794
1580136881198502.5 3.71,1.274,1.164,-0.081,0.639,0.156,0.748
1580136881333254.8 3.6,1.265,1.219,-0.048,0.676,0.186,0.712
1580136881460053.0 3.507,1.288,1.261,-0.025,0.726,0.189,0.661
1580136881565732.0 3.444,1.305,1.27,-0.012,0.746,0.174,0.643
1580136881696587.2 3.358,1.311,1.305,0.003,0.76,0.151,0.632
1580136881826998.5 3.291,1.295,1.318,0.005,0.788,0.144,0.599
1580136881928536.2 3.243,1.278,1.333,0.014,0.806,0.185,0.562
1580136882031092.2 3.177,1.268,1.358,0.028,0.82,0.223,0.526
1580136882161548.5 3.092,1.26,1.393,0.067,0.857,0.226,0.459
1580136882267880.5 3.03,1.266,1.428,0.097,0.875,0.242,0.409
1580136882365438.8 2.976,1.28,1.457,0.104,0.9,0.23,0.356
1580136882493450.5 2.915,1.29,1.496,0.107,0.928,0.211,0.289
1580136882644132.5 2.883,1.296,1.53,0.103,0.95,0.177,0.235
1580136882765458.2 2.866,1.3,1.581,0.109,0.962,0.172,0.182
1580136882896255.2 2.853,1.303,1.643,0.133,0.97,0.152,0.138
1580136882997307.0 2.857,1.299,1.696,0.147,0.975,0.134,0.103
1580136883130759.8 2.866,1.294,1.78,0.169,0.973,0.146,0.05
1580136883258729.2 2.886,1.296,1.842,0.172,0.974,0.148,-0.007
1580136883396946.0 2.931,1.293,1.882,-0.178,-0.971,-0.146,0.073
1580136883529419.2 2.985,1.279,1.928,-0.174,-0.96,-0.139,0.17
1580136883658949.2 3.036,1.266,1.99,-0.185,-0.944,-0.142,0.235
1580136883760312.0 3.062,1.268,2.048,-0.182,-0.935,-0.134,0.274
1580136883865421.5 3.085,1.279,2.108,-0.187,-0.931,-0.131,0.284
1580136883996240.0 3.123,1.292,2.198,-0.185,-0.925,-0.147,0.298
1580136884131372.2 3.167,1.293,2.277,-0.189,-0.918,-0.162,0.309
1580136884265456.5 3.215,1.279,2.357,-0.188,-0.918,-0.174,0.304
1580136884371018.2 3.257,1.268,2.425,-0.185,-0.923,-0.181,0.284
1580136884498713.2 3.32,1.259,2.535,-0.162,-0.94,-0.181,0.238
1580136884600691.8 3.366,1.258,2.62,-0.144,-0.952,-0.19,0.192
1580136884735571.5 3.405,1.269,2.727,-0.129,-0.954,-0.226,0.145
1580136884859810.0 3.435,1.272,2.806,-0.138,-0.953,-0.237,0.125
1580136884966506.0 3.462,1.272,2.844,-0.158,-0.949,-0.243,0.123
1580136885091943.5 3.497,1.261,2.886,-0.169,-0.941,-0.252,0.15
1580136885200105.0 3.512,1.256,2.915,-0.148,-0.95,-0.226,0.158
1580136885328515.2 3.528,1.253,2.977,-0.146,-0.955,-0.217,0.14
1580136885458508.8 3.543,1.241,3.053,-0.141,-0.955,-0.238,0.107
1580136885597464.0 3.555,1.227,3.121,-0.13,-0.953,-0.256,0.101
1580136885698908.2 3.566,1.224,3.156,-0.14,-0.95,-0.264,0.095
1580136885826741.8 3.556,1.233,3.166,-0.131,-0.958,-0.245,0.073
1580136885933054.0 3.522,1.25,3.147,-0.101,-0.972,-0.209,0.037
1580136886059816.8 3.46,1.277,3.102,0.107,0.977,0.179,0.044
1580136886191527.5 3.374,1.301,3.029,0.106,0.965,0.168,0.171
1580136886292324.8 3.307,1.31,2.969,0.103,0.94,0.183,0.27
1580136886434705.5 3.221,1.313,2.869,0.082,0.916,0.19,0.344
1580136886557756.5 3.153,1.32,2.762,0.081,0.902,0.189,0.379
1580136886659515.2 3.095,1.327,2.679,0.089,0.884,0.199,0.412
1580136886768535.2 3.033,1.331,2.598,0.085,0.859,0.223,0.453
1580136886916829.2 2.959,1.334,2.486,0.073,0.823,0.225,0.517
1580136886995952.2 2.895,1.331,2.411,0.051,0.796,0.235,0.555
1580136887135810.2 2.809,1.315,2.323,0.028,0.755,0.247,0.606
1580136887262300.5 2.716,1.283,2.249,0.019,0.744,0.258,0.616
1580136887396439.8 2.615,1.267,2.215,0.023,0.73,0.268,0.628
1580136887500735.5 2.528,1.274,2.198,0.036,0.733,0.285,0.616
1580136887601246.2 2.448,1.288,2.19,0.051,0.733,0.293,0.611
1580136887727192.0 2.342,1.298,2.162,0.045,0.737,0.291,0.608
1580136887831269.0 2.277,1.298,2.139,0.043,0.743,0.282,0.605
1580136887959219.0 2.183,1.281,2.113,0.057,0.749,0.294,0.591
1580136888094134.5 2.069,1.267,2.086,0.07,0.766,0.287,0.571
1580136888195040.0 1.983,1.259,2.076,0.071,0.788,0.284,0.541
1580136888332363.8 1.88,1.255,2.075,0.06,0.806,0.3,0.507
1580136888456999.5 1.785,1.251,2.08,0.043,0.825,0.311,0.47
1580136888559886.0 1.714,1.245,2.084,0.041,0.834,0.303,0.459
1580136888695237.0 1.599,1.228,2.1,0.044,0.833,0.302,0.461
1580136888793505.2 1.5,1.218,2.123,0.037,0.84,0.287,0.459
1580136888927897.5 1.363,1.223,2.173,0.028,0.83,0.304,0.466
1580136889057424.8 1.232,1.243,2.217,0.015,0.835,0.293,0.466
1580136889196144.8 1.108,1.256,2.253,0.019,0.831,0.297,0.469
1580136889333506.5 0.997,1.251,2.291,0.032,0.839,0.284,0.464
1580136889432454.0 0.92,1.242,2.322,0.038,0.849,0.278,0.448
1580136889559489.0 0.818,1.237,2.368,0.031,0.868,0.289,0.403
1580136889658379.2 0.748,1.244,2.404,0.036,0.879,0.278,0.386
1580136889762706.2 0.679,1.243,2.446,0.035,0.888,0.283,0.361
1580136889891094.2 0.59,1.234,2.504,0.032,0.901,0.262,0.343
1580136889991820.2 0.521,1.224,2.562,0.046,0.904,0.262,0.335
1580136890092736.0 0.456,1.223,2.626,0.053,0.907,0.259,0.329
1580136890194372.2 0.387,1.236,2.691,0.052,0.91,0.256,0.322
1580136890326059.8 0.289,1.264,2.768,0.061,0.907,0.245,0.338
1580136890435109.8 0.213,1.283,2.816,0.056,0.908,0.232,0.345
1580136890562353.5 0.11,1.291,2.886,0.059,0.901,0.205,0.378
1580136890660979.5 0.038,1.292,2.943,0.057,0.899,0.194,0.389
1580136890794681.0 -0.055,1.3,3.011,0.038,0.892,0.207,0.399
1580136890932528.8 -0.141,1.305,3.074,0.019,0.888,0.202,0.413
1580136891057836.5 -0.209,1.304,3.127,0.019,0.875,0.182,0.448
1580136891199006.0 -0.264,1.3,3.171,-0.001,0.862,0.169,0.477
1580136891329719.8 -0.284,1.304,3.197,-0.001,0.848,0.156,0.507
1580136891459154.0 -0.29,1.297,3.215,-0.006,0.836,0.176,0.52
1580136891559656.5 -0.285,1.299,3.217,0.003,0.818,0.184,0.545
1580136891661398.8 -0.282,1.304,3.203,0.005,0.795,0.174,0.581
1580136891792081.2 -0.276,1.31,3.158,-0.012,0.76,0.176,0.625
1580136891895067.5 -0.283,1.309,3.123,-0.035,0.73,0.187,0.657
1580136891995749.5 -0.28,1.311,3.094,-0.044,0.702,0.193,0.684
1580136892136521.8 -0.274,1.313,3.067,-0.057,0.682,0.182,0.706
1580136892257611.0 -0.266,1.316,3.053,-0.065,0.676,0.16,0.716
1580136892389909.2 -0.259,1.322,3.025,-0.074,0.664,0.133,0.732
1580136892525468.0 -0.23,1.349,2.966,-0.075,0.604,0.095,0.787
1580136892631113.0 -0.199,1.371,2.908,-0.068,0.54,0.075,0.836
1580136892755488.0 -0.139,1.391,2.835,-0.053,0.442,0.043,0.895
1580136892859837.2 -0.098,1.396,2.786,-0.044,0.385,0.023,0.922
1580136892999811.5 -0.049,1.399,2.725,-0.055,0.288,0.023,0.956
1580136893103019.5 -0.01,1.402,2.684,-0.054,0.239,0.02,0.969
1580136893232880.2 0.03,1.406,2.642,-0.055,0.18,0.018,0.982
1580136893360086.2 0.07,1.41,2.618,-0.05,0.143,0.012,0.988
1580136893493908.5 0.102,1.408,2.6,-0.051,0.099,0.015,0.994
1580136893595414.8 0.123,1.406,2.589,-0.05,0.074,0.01,0.996
1580136893696447.5 0.139,1.404,2.579,-0.05,0.049,0.003,0.998
1580136893826792.5 0.151,1.404,2.573,-0.053,0.017,-0.003,0.998
1580136893958039.2 0.16,1.401,2.571,-0.056,0.001,-0.008,0.998
1580136894061800.2 0.164,1.398,2.569,-0.062,-0.013,-0.008,0.998
1580136894203741.0 0.167,1.396,2.568,-0.066,-0.014,-0.006,0.998
1580136894335836.2 0.169,1.397,2.57,-0.065,-0.021,-0.006,0.998
1580136894457168.2 0.175,1.397,2.572,-0.065,-0.028,-0.007,0.997
1580136894594089.2 0.18,1.397,2.575,-0.066,-0.036,-0.009,0.997
1580136894695776.8 0.182,1.396,2.575,-0.069,-0.045,-0.01,0.997
1580136894833671.5 0.183,1.395,2.575,-0.068,-0.049,-0.01,0.996
1580136894961705.2 0.182,1.394,2.575,-0.07,-0.052,-0.009,0.996
1580136895094073.5 0.181,1.393,2.575,-0.07,-0.053,-0.009,0.996
1580136895223741.5 0.18,1.394,2.574,-0.071,-0.055,-0.008,0.996
1580136895355465.0 0.179,1.392,2.572,-0.07,-0.056,-0.007,0.996
1580136895457435.8 0.178,1.391,2.571,-0.069,-0.057,-0.007,0.996
1580136895597385.5 0.177,1.392,2.569,-0.07,-0.057,-0.006,0.996
1580136895724233.2 0.177,1.391,2.568,-0.068,-0.056,-0.006,0.996
1580136895855396.0 0.176,1.393,2.566,-0.069,-0.057,-0.005,0.996
1580136895955679.5 0.177,1.393,2.566,-0.067,-0.056,-0.005,0.996
1580136896058996.2 0.176,1.393,2.565,-0.068,-0.057,-0.004,0.996
1580136896188849.8 0.176,1.394,2.565,-0.067,-0.058,-0.004,0.996
1580136896287575.8 0.175,1.393,2.563,-0.066,-0.058,-0.004,0.996
1580136896391063.2 0.173,1.393,2.562,-0.065,-0.057,-0.004,0.996
1580136896525108.5 0.172,1.392,2.562,-0.065,-0.056,-0.003,0.996
1580136896625129.8 0.17,1.392,2.561,-0.064,-0.053,-0.003,0.997
1580136896758153.5 0.169,1.392,2.562,-0.063,-0.051,-0.003,0.997
1580136896860021.0 0.168,1.392,2.562,-0.063,-0.052,-0.003,0.997
1580136896994460.8 0.169,1.393,2.562,-0.064,-0.052,-0.003,0.997
1580136897120157.5 0.17,1.393,2.563,-0.064,-0.052,-0.003,0.997
1580136897227097.5 0.171,1.393,2.562,-0.065,-0.053,-0.003,0.996
1580136897356757.2 0.172,1.394,2.562,-0.064,-0.055,-0.002,0.996
1580136897489910.5 0.172,1.395,2.562,-0.064,-0.055,-0.001,0.996
1580136897591888.0 0.173,1.395,2.561,-0.066,-0.059,-0.001,0.996
1580136897724861.5 0.178,1.394,2.558,-0.067,-0.064,-0.003,0.996
1580136897853578.5 0.19,1.393,2.554,-0.07,-0.077,-0.006,0.995
1580136897955144.5 0.205,1.391,2.55,-0.072,-0.089,-0.008,0.993
1580136898066129.0 0.225,1.388,2.546,-0.075,-0.108,-0.01,0.991
1580136898190793.0 0.253,1.382,2.538,-0.08,-0.132,-0.011,0.988
1580136898291015.0 0.273,1.378,2.531,-0.085,-0.147,-0.011,0.985
1580136898423127.8 0.293,1.374,2.519,-0.088,-0.173,-0.009,0.981
1580136898555856.0 0.309,1.371,2.491,-0.091,-0.201,-0.006,0.975
1580136898658284.0 0.319,1.367,2.463,-0.096,-0.224,-0.006,0.97
1580136898801203.5 0.333,1.364,2.422,-0.084,-0.258,-0.015,0.962
1580136898924702.0 0.35,1.375,2.384,-0.073,-0.329,-0.03,0.941
1580136899057669.8 0.365,1.393,2.367,-0.055,-0.401,-0.029,0.914
1580136899158676.8 0.374,1.4,2.362,-0.047,-0.447,-0.03,0.893
1580136899290856.5 0.381,1.402,2.357,-0.037,-0.483,-0.031,0.874
1580136899428032.8 0.384,1.404,2.348,-0.035,-0.505,-0.029,0.862
1580136899555105.5 0.389,1.403,2.34,-0.035,-0.524,-0.028,0.851
1580136899689746.0 0.394,1.402,2.333,-0.037,-0.532,-0.026,0.845
1580136899796327.0 0.394,1.404,2.33,-0.039,-0.536,-0.025,0.843
1580136899925155.2 0.39,1.404,2.328,-0.038,-0.539,-0.025,0.841
1580136900056622.8 0.39,1.403,2.325,-0.04,-0.535,-0.025,0.844
1580136900188351.5 0.386,1.403,2.326,-0.04,-0.531,-0.026,0.846
1580136900289330.2 0.382,1.404,2.329,-0.038,-0.529,-0.025,0.848
1580136900428391.8 0.378,1.405,2.332,-0.038,-0.527,-0.025,0.849
1580136900524023.0 0.376,1.405,2.333,-0.039,-0.525,-0.025,0.85
1580136900657371.2 0.372,1.407,2.335,-0.038,-0.526,-0.024,0.849
1580136900789012.2 0.37,1.408,2.337,-0.037,-0.526,-0.022,0.849
1580136900892043.5 0.369,1.408,2.338,-0.038,-0.527,-0.021,0.848
1580136901025316.5 0.368,1.409,2.34,-0.038,-0.529,-0.021,0.848
1580136901154986.0 0.364,1.407,2.341,-0.037,-0.529,-0.019,0.847
1580136901262525.5 0.364,1.407,2.342,-0.038,-0.53,-0.02,0.847
1580136901389041.8 0.362,1.407,2.342,-0.036,-0.529,-0.019,0.848
1580136901490912.5 0.361,1.407,2.342,-0.037,-0.529,-0.02,0.848
1580136901626453.8 0.36,1.408,2.342,-0.036,-0.528,-0.02,0.848
1580136901753996.2 0.358,1.408,2.344,-0.036,-0.528,-0.02,0.848
1580136901890652.2 0.36,1.408,2.344,-0.036,-0.529,-0.021,0.848
1580136902027227.0 0.362,1.408,2.345,-0.037,-0.53,-0.021,0.847
1580136902124805.8 0.363,1.408,2.345,-0.038,-0.53,-0.022,0.847
1580136902256432.8 0.365,1.407,2.346,-0.037,-0.529,-0.024,0.848
1580136902356184.2 0.366,1.408,2.346,-0.037,-0.527,-0.025,0.848
1580136902489988.8 0.366,1.409,2.346,-0.036,-0.526,-0.023,0.849
1580136902624049.8 0.365,1.409,2.346,-0.033,-0.524,-0.017,0.851
1580136902753659.5 0.367,1.408,2.343,-0.042,-0.52,-0.011,0.853
1580136902855328.5 0.368,1.407,2.344,-0.048,-0.52,-0.011,0.852
1580136902986338.8 0.374,1.405,2.35,-0.048,-0.518,-0.013,0.854
1580136903090807.5 0.375,1.41,2.343,-0.054,-0.509,-0.001,0.859
1580136903234126.2 0.376,1.408,2.344,-0.054,-0.503,-0.005,0.863
1580136903357279.2 0.373,1.406,2.348,-0.054,-0.512,-0.007,0.857
1580136903453349.0 0.374,1.406,2.35,-0.05,-0.51,-0.012,0.859
1580136903600105.5 0.375,1.409,2.355,-0.047,-0.515,-0.017,0.856
1580136903722924.8 0.381,1.406,2.361,-0.053,-0.52,-0.021,0.852
1580136903821397.5 0.384,1.406,2.365,-0.052,-0.51,-0.023,0.858
1580136903924824.0 0.385,1.406,2.365,-0.051,-0.506,-0.027,0.861
1580136904054085.0 0.386,1.403,2.365,-0.05,-0.508,-0.029,0.859
1580136904199228.0 0.386,1.404,2.366,-0.048,-0.506,-0.027,0.861
1580136904297689.2 0.388,1.404,2.366,-0.047,-0.501,-0.027,0.864
1580136904400229.2 0.388,1.404,2.366,-0.047,-0.496,-0.021,0.867
1580136904523423.2 0.39,1.402,2.368,-0.042,-0.483,-0.023,0.875
1580136904655266.5 0.391,1.402,2.367,-0.046,-0.485,-0.024,0.873
1580136904758061.8 0.39,1.403,2.368,-0.045,-0.487,-0.025,0.872
1580136904857606.2 0.39,1.402,2.367,-0.046,-0.485,-0.024,0.873
1580136904959009.5 0.388,1.403,2.367,-0.044,-0.487,-0.023,0.872
1580136905089389.0 0.387,1.404,2.368,-0.042,-0.489,-0.022,0.871
1580136905226463.5 0.388,1.404,2.368,-0.039,-0.487,-0.02,0.872
1580136905353947.2 0.412,1.377,2.368,-0.041,-0.49,-0.021,0.87
1580136905457556.0 0.409,1.375,2.363,-0.045,-0.491,-0.019,0.87
1580136905593531.2 0.411,1.372,2.355,-0.063,-0.504,-0.015,0.861
1580136905726900.0 0.405,1.37,2.34,-0.105,-0.558,-0.016,0.823
1580136905855192.0 0.398,1.371,2.339,-0.112,-0.568,-0.017,0.815
1580136905986743.5 0.398,1.371,2.341,-0.119,-0.574,-0.022,0.81
1580136906085942.2 0.4,1.371,2.339,-0.118,-0.569,-0.022,0.814
1580136906189433.0 0.4,1.369,2.342,-0.1,-0.542,-0.025,0.834
1580136906321365.8 0.41,1.362,2.341,-0.094,-0.51,-0.051,0.854
1580136906422812.2 0.414,1.358,2.343,-0.091,-0.488,-0.059,0.866
1580136906525202.0 0.412,1.356,2.354,-0.061,-0.478,-0.064,0.874
1580136906651882.0 0.408,1.358,2.362,-0.043,-0.468,-0.059,0.881
1580136906795648.2 0.406,1.36,2.363,-0.044,-0.472,-0.052,0.879
1580136906899692.2 0.402,1.361,2.362,-0.044,-0.478,-0.044,0.876
1580136906952935.5 0.4,1.361,2.36,-0.036,-0.484,-0.026,0.874
1580136907088047.5 0.395,1.363,2.358,-0.041,-0.494,-0.008,0.869
1580136907186692.2 0.392,1.363,2.359,-0.035,-0.497,-0.004,0.867
1580136907327016.8 0.39,1.363,2.359,-0.033,-0.501,-0.004,0.865
1580136907455248.5 0.39,1.362,2.36,-0.036,-0.503,-0.004,0.864
1580136907555167.8 0.389,1.363,2.358,-0.042,-0.506,-0.006,0.861
1580136907686779.5 0.392,1.361,2.354,-0.052,-0.507,-0.009,0.86
1580136907823785.5 0.395,1.361,2.352,-0.059,-0.494,-0.015,0.867
1580136907952395.5 0.395,1.364,2.352,-0.064,-0.486,-0.02,0.871
1580136908086748.8 0.397,1.365,2.353,-0.063,-0.492,-0.022,0.868
1580136908220599.5 0.398,1.38,2.356,-0.053,-0.521,-0.002,0.852
1580136908322941.5 0.392,1.403,2.365,-0.021,-0.526,0.014,0.85
1580136908458944.2 0.389,1.416,2.379,-0.003,-0.54,0.017,0.841
1580136908561983.8 0.394,1.413,2.386,-0.001,-0.552,0.014,0.834
1580136908688458.0 0.401,1.405,2.395,-0.006,-0.558,0.005,0.83
1580136908790725.2 0.404,1.402,2.398,-0.013,-0.557,0.003,0.83
1580136908920966.2 0.408,1.399,2.399,-0.023,-0.55,0.005,0.835
1580136909025127.5 0.408,1.397,2.401,-0.021,-0.542,0.005,0.84
1580136909153145.5 0.407,1.394,2.403,-0.018,-0.536,0.002,0.844
1580136909286115.2 0.403,1.393,2.404,-0.013,-0.535,0,0.845
1580136909420539.5 0.402,1.392,2.407,-0.012,-0.537,-0.001,0.844
1580136909522688.8 0.403,1.391,2.408,-0.015,-0.538,-0.002,0.843
1580136909621458.8 0.402,1.392,2.409,-0.011,-0.539,0.001,0.842
1580136909725307.0 0.403,1.392,2.41,-0.01,-0.536,0.004,0.844
1580136909851013.0 0.404,1.392,2.408,-0.008,-0.524,0.008,0.851
1580136909973504.2 0.404,1.392,2.407,-0.01,-0.528,0.01,0.849
1580136910090253.5 0.404,1.393,2.405,-0.015,-0.528,0.009,0.849
1580136910191071.2 0.404,1.394,2.405,-0.012,-0.531,0.009,0.847
1580136910321609.2 0.404,1.395,2.404,-0.012,-0.529,0.009,0.848
1580136910453031.5 0.407,1.394,2.406,-0.013,-0.527,0.005,0.85
1580136910551773.5 0.408,1.394,2.405,-0.015,-0.528,0.005,0.849
1580136910654500.0 0.41,1.394,2.405,-0.016,-0.528,0.005,0.849
1580136910784818.8 0.412,1.394,2.405,-0.016,-0.527,0.004,0.85
1580136910887571.5 0.415,1.394,2.404,-0.017,-0.526,0.004,0.85
1580136911019932.0 0.417,1.392,2.403,-0.018,-0.526,0.005,0.85
1580136911125889.8 0.419,1.391,2.402,-0.019,-0.527,0.005,0.85
1580136911251572.2 0.417,1.391,2.405,-0.019,-0.526,0.005,0.85
1580136911386946.8 0.416,1.391,2.407,-0.019,-0.525,0.006,0.851
1580136911518965.2 0.415,1.391,2.407,-0.019,-0.527,0.007,0.85
1580136911653313.5 0.413,1.39,2.405,-0.021,-0.527,0.008,0.85
1580136911786686.5 0.411,1.391,2.404,-0.019,-0.527,0.009,0.849
1580136911920409.8 0.413,1.392,2.399,-0.028,-0.54,0.004,0.841
1580136912026524.8 0.412,1.393,2.395,-0.027,-0.534,0.005,0.845
1580136912151252.0 0.409,1.396,2.394,-0.018,-0.527,0.009,0.849
1580136912284127.0 0.406,1.397,2.394,-0.013,-0.525,0.007,0.851
1580136912420995.5 0.405,1.398,2.395,-0.011,-0.525,0.005,0.851
1580136912522462.0 0.404,1.397,2.396,-0.011,-0.522,0.004,0.853
1580136912651358.5 0.403,1.396,2.396,-0.022,-0.521,0.004,0.853
1580136912752282.8 0.4,1.397,2.398,-0.018,-0.524,0.008,0.852
1580136912885279.8 0.396,1.4,2.398,-0.016,-0.524,0.01,0.851
1580136912992270.0 0.396,1.4,2.4,-0.015,-0.524,0.009,0.852
1580136913097588.2 0.396,1.4,2.401,-0.016,-0.524,0.008,0.852
1580136913255211.8 0.397,1.401,2.401,-0.017,-0.524,0.007,0.851
1580136913430802.5 0.394,1.401,2.4,-0.017,-0.525,0.008,0.851
1580136913554969.5 0.392,1.401,2.399,-0.019,-0.526,0.008,0.85
1580136913688202.2 0.392,1.4,2.397,-0.02,-0.524,0.008,0.851
1580136913816892.0 0.391,1.4,2.395,-0.021,-0.524,0.008,0.851
1580136913920677.2 0.392,1.399,2.393,-0.023,-0.528,0.007,0.849
1580136914023829.2 0.395,1.398,2.387,-0.04,-0.539,0.005,0.841
1580136914126111.0 0.4,1.398,2.377,-0.059,-0.528,0.004,0.847
1580136914250360.2 0.4,1.399,2.367,-0.06,-0.509,0.004,0.859
1580136914351043.8 0.399,1.396,2.36,-0.067,-0.513,0.001,0.856
1580136914486435.5 0.397,1.393,2.362,-0.057,-0.512,-0.001,0.857
1580136914617377.0 0.396,1.394,2.363,-0.05,-0.509,-0.003,0.859
1580136914719910.5 0.395,1.395,2.364,-0.051,-0.515,-0.003,0.856
1580136914850982.2 0.391,1.394,2.364,-0.052,-0.517,-0.003,0.855
1580136914951881.0 0.391,1.394,2.364,-0.052,-0.516,-0.004,0.855
1580136915083956.8 0.393,1.393,2.362,-0.053,-0.517,-0.003,0.855
1580136915185221.0 0.394,1.392,2.362,-0.054,-0.518,-0.002,0.854
1580136915319751.5 0.398,1.39,2.364,-0.06,-0.523,-0.006,0.851
1580136915449289.0 0.402,1.388,2.363,-0.064,-0.524,-0.01,0.849
1580136915550390.0 0.404,1.387,2.366,-0.054,-0.523,-0.016,0.851
1580136915683275.5 0.405,1.387,2.37,-0.042,-0.504,-0.014,0.863
1580136915785860.2 0.404,1.386,2.378,-0.018,-0.468,-0.021,0.883
1580136915921682.5 0.403,1.389,2.381,-0.019,-0.494,-0.011,0.869
1580136916063509.8 0.398,1.39,2.381,-0.02,-0.514,0,0.858
1580136916185576.8 0.397,1.392,2.383,-0.017,-0.517,0,0.856
1580136916289975.5 0.394,1.396,2.383,-0.01,-0.52,0.004,0.854
1580136916443446.2 0.394,1.399,2.385,-0.007,-0.523,0.006,0.852
1580136916551655.5 0.396,1.399,2.385,-0.006,-0.524,0.006,0.852
1580136916788916.8 0.397,1.4,2.38,-0.006,-0.524,0.008,0.852
1580136916919661.5 0.397,1.401,2.377,-0.006,-0.52,0.01,0.854
1580136917020083.8 0.395,1.399,2.379,0.006,-0.518,0.004,0.855
1580136917128448.5 0.401,1.396,2.372,-0.007,-0.517,-0.005,0.856
1580136917251502.2 0.399,1.393,2.378,-0.006,-0.508,-0.003,0.861
1580136917385859.0 0.398,1.393,2.383,0.004,-0.507,-0.002,0.862
1580136917483980.5 0.398,1.394,2.386,0.006,-0.508,0,0.861
1580136917585911.5 0.398,1.394,2.387,0.007,-0.503,0.001,0.864
1580136917690461.5 0.397,1.395,2.388,0.008,-0.508,0.002,0.861
1580136917821337.0 0.396,1.394,2.389,0.008,-0.508,0.002,0.861
1580136917955493.0 0.396,1.394,2.388,0.007,-0.507,0.001,0.862
1580136918083302.0 0.396,1.394,2.386,0.006,-0.507,0.001,0.862
1580136918187327.2 0.397,1.394,2.382,0.005,-0.509,0.002,0.861
1580136918328251.8 0.399,1.393,2.372,-0.002,-0.507,0.002,0.862
1580136918461674.0 0.399,1.38,2.342,-0.028,-0.5,-0.004,0.865
1580136918562405.0 0.398,1.361,2.305,-0.05,-0.475,-0.012,0.878
1580136918723727.8 0.391,1.338,2.247,-0.069,-0.423,-0.023,0.903
1580136918860106.8 0.378,1.323,2.188,-0.071,-0.376,-0.029,0.924
1580136918986865.0 0.376,1.313,2.131,-0.082,-0.334,-0.031,0.939
1580136919092597.0 0.389,1.296,2.081,-0.09,-0.302,-0.035,0.949
1580136919191251.5 0.413,1.283,2.036,-0.103,-0.276,-0.035,0.955
1580136919322659.2 0.458,1.275,1.972,-0.103,-0.256,-0.034,0.961
1580136919468109.2 0.524,1.275,1.903,-0.094,-0.237,-0.037,0.966
1580136919557292.2 0.571,1.286,1.849,-0.096,-0.218,-0.035,0.971
1580136919684221.5 0.607,1.298,1.799,-0.101,-0.224,-0.02,0.969
1580136919783355.8 0.645,1.31,1.748,-0.092,-0.196,-0.023,0.976
1580136919889008.8 0.665,1.315,1.716,-0.084,-0.196,-0.024,0.977
1580136920022274.8 0.684,1.311,1.669,-0.086,-0.192,-0.022,0.977
1580136920128357.2 0.694,1.304,1.628,-0.094,-0.18,-0.023,0.979
1580136920259820.2 0.698,1.3,1.568,-0.086,-0.156,-0.016,0.984
1580136920407107.5 0.696,1.305,1.5,-0.071,-0.134,-0.01,0.988
1580136920529329.8 0.692,1.311,1.448,-0.067,-0.113,-0.006,0.991
1580136920627563.2 0.688,1.315,1.406,-0.064,-0.097,-0.006,0.993
1580136920764912.0 0.681,1.315,1.361,-0.069,-0.053,-0.006,0.996
1580136920889848.5 0.683,1.317,1.341,-0.066,-0.023,-0.007,0.998
1580136920988594.0 0.695,1.317,1.334,-0.073,-0.004,-0.003,0.997
1580136921095965.0 0.709,1.32,1.33,-0.073,0.005,-0.001,0.997
1580136921194484.5 0.728,1.323,1.334,-0.068,0.007,0.003,0.998
1580136921394655.2 0.743,1.323,1.338,-0.069,0.006,0.003,0.998
1580136921474112.2 0.782,1.324,1.355,-0.068,0.008,0.004,0.998
1580136921579473.0 0.798,1.324,1.372,-0.065,0.013,0.001,0.998
1580136921692176.0 0.816,1.32,1.389,-0.063,0.015,0.002,0.998
1580136921819869.2 0.824,1.32,1.401,-0.064,0.017,0.002,0.998
1580136921941432.5 0.832,1.324,1.413,-0.061,0.018,0.001,0.998
1580136922057009.0 0.838,1.327,1.421,-0.056,0.016,0,0.998
1580136922185991.2 0.839,1.332,1.427,-0.052,0.012,0,0.999
1580136922323267.0 0.842,1.332,1.431,-0.053,0.006,0,0.999
1580136922423253.0 0.845,1.33,1.433,-0.054,0.004,-0.004,0.999
1580136922529763.5 0.847,1.33,1.434,-0.056,0.004,-0.005,0.998
1580136922656645.5 0.846,1.334,1.438,-0.05,0.006,-0.005,0.999
1580136922797190.0 0.847,1.336,1.441,-0.045,0.005,-0.006,0.999
1580136922919488.8 0.846,1.336,1.441,-0.046,0.006,-0.002,0.999
1580136923029294.8 0.847,1.336,1.442,-0.047,0.003,0,0.999
1580136923128042.2 0.849,1.336,1.444,-0.044,-0.001,0.001,0.999
1580136923249916.0 0.85,1.336,1.445,-0.044,0.001,0.002,0.999
1580136923353283.2 0.851,1.336,1.444,-0.046,0.003,0.005,0.999
1580136923495553.8 0.852,1.337,1.446,-0.044,0.003,0.001,0.999
1580136923622313.2 0.853,1.337,1.448,-0.041,0.001,-0.002,0.999
1580136923755425.0 0.851,1.336,1.447,-0.04,-0.003,0.001,0.999
1580136923858113.8 0.852,1.335,1.45,-0.04,-0.004,0,0.999
1580136923974314.8 0.852,1.334,1.45,-0.04,-0.004,0.002,0.999
1580136924073017.2 0.849,1.334,1.453,-0.04,-0.004,0.003,0.999
1580136924191163.0 0.846,1.334,1.453,-0.04,-0.003,0.002,0.999
1580136924319282.5 0.843,1.334,1.454,-0.039,-0.003,0.004,0.999
1580136924457058.2 0.841,1.332,1.453,-0.045,-0.01,0.007,0.999
1580136924564741.2 0.842,1.327,1.448,-0.05,-0.001,-0.003,0.999
1580136924684663.2 0.842,1.329,1.447,-0.051,0,0.003,0.999
1580136924785774.0 0.843,1.331,1.451,-0.041,0.008,0.002,0.999
1580136924926132.8 0.844,1.332,1.452,-0.035,0.016,0.002,0.999
1580136925056129.2 0.846,1.332,1.454,-0.032,0.011,0,0.999
1580136925187599.0 0.845,1.333,1.455,-0.032,0.008,0.002,0.999
1580136925451263.5 0.845,1.331,1.455,-0.033,0.008,0.003,0.999
1580136925549806.8 0.846,1.332,1.455,-0.033,0.006,0.004,0.999
1580136925685592.0 0.846,1.332,1.455,-0.033,0.007,0.003,0.999
1580136925797859.0 0.847,1.333,1.454,-0.032,0.007,0.004,0.999
1580136925918817.2 0.848,1.333,1.455,-0.032,0.009,0.003,0.999
1580136926049869.2 0.849,1.334,1.454,-0.031,0.008,0.002,0.999
1580136926150302.8 0.849,1.334,1.454,-0.031,0.006,0.002,0.999
1580136926282348.5 0.85,1.334,1.453,-0.032,0.006,0.002,0.999
1580136926387226.5 0.85,1.334,1.452,-0.033,0.004,0.002,0.999
1580136926525422.8 0.85,1.335,1.451,-0.033,0.006,0.002,0.999
1580136926653284.0 0.851,1.335,1.45,-0.033,0.005,0.002,0.999
1580136926785865.2 0.852,1.335,1.449,-0.035,0.003,0.002,0.999
1580136926924886.5 0.852,1.336,1.45,-0.034,0.004,0.001,0.999
1580136927051918.0 0.852,1.336,1.449,-0.034,0.004,0,0.999
1580136927164520.8 0.851,1.336,1.449,-0.034,0.004,0.001,0.999
1580136927292768.2 0.849,1.335,1.447,-0.036,0.005,0.001,0.999
1580136927429503.5 0.848,1.335,1.445,-0.038,0.005,0.002,0.999
1580136927531747.0 0.846,1.331,1.443,-0.042,0.007,0.003,0.999
1580136927677004.0 0.839,1.314,1.441,-0.065,0.006,0,0.998
1580136927808324.0 0.823,1.248,1.437,-0.153,0.023,0.008,0.988
1580136927926278.8 0.805,1.188,1.44,-0.216,0.02,0.022,0.976
1580136928048338.8 0.769,1.119,1.443,-0.306,0.055,0.053,0.949
1580136928180566.5 0.726,1.073,1.428,-0.376,0.091,0.091,0.918
1580136928303913.0 0.686,1.061,1.387,-0.392,0.122,0.114,0.905
1580136928423578.2 0.663,1.065,1.341,-0.376,0.136,0.116,0.909
1580136928554043.0 0.642,1.091,1.282,-0.333,0.152,0.101,0.925
1580136928684819.8 0.626,1.112,1.232,-0.3,0.156,0.093,0.936
1580136928786024.8 0.612,1.118,1.176,-0.288,0.157,0.099,0.94
1580136928890484.2 0.604,1.124,1.13,-0.278,0.162,0.095,0.942
1580136929032562.5 0.603,1.126,1.059,-0.297,0.169,0.081,0.936
1580136929161887.8 0.602,1.119,0.966,-0.299,0.17,0.087,0.935
1580136929307225.8 0.603,1.103,0.903,-0.307,0.171,0.089,0.932
1580136929376168.0 0.602,1.101,0.829,-0.313,0.186,0.09,0.927
1580136929483829.5 0.596,1.108,0.728,-0.341,0.208,0.121,0.909
1580136929599513.8 0.591,1.126,0.671,-0.308,0.22,0.122,0.918
1580136929755710.0 0.561,1.154,0.597,-0.255,0.26,0.108,0.925
1580136929847475.0 0.533,1.17,0.56,-0.229,0.277,0.103,0.928
1580136929967075.8 0.488,1.177,0.51,-0.21,0.296,0.106,0.926
1580136930108914.8 0.433,1.182,0.465,-0.187,0.31,0.103,0.927
1580136930214953.0 0.382,1.189,0.424,-0.157,0.325,0.088,0.929
1580136930348899.0 0.296,1.216,0.356,-0.133,0.317,0.072,0.936
1580136930486036.8 0.241,1.232,0.306,-0.119,0.312,0.05,0.941
1580136930613167.5 0.189,1.246,0.26,-0.111,0.326,0.044,0.938
1580136930725818.8 0.153,1.252,0.227,-0.099,0.342,0.032,0.934
1580136930848711.2 0.109,1.259,0.186,-0.092,0.37,0.02,0.924
1580136930947979.5 0.072,1.259,0.16,-0.094,0.39,0.015,0.916
1580136931085294.2 0.016,1.257,0.133,-0.099,0.422,0.028,0.901
1580136931215314.5 -0.038,1.249,0.121,-0.107,0.449,0.036,0.886
1580136931314556.2 -0.083,1.238,0.12,-0.114,0.468,0.039,0.876
1580136931419285.8 -0.13,1.232,0.125,-0.121,0.464,0.05,0.876
1580136931545517.0 -0.191,1.228,0.135,-0.131,0.46,0.053,0.877
1580136931678573.0 -0.244,1.229,0.151,-0.127,0.468,0.051,0.873
1580136931781261.8 -0.28,1.227,0.165,-0.129,0.472,0.053,0.87
1580136931912647.8 -0.308,1.227,0.18,-0.129,0.466,0.055,0.873
1580136932016357.0 -0.314,1.225,0.177,-0.131,0.448,0.059,0.882
1580136932116342.5 -0.302,1.224,0.159,-0.131,0.415,0.061,0.898
1580136932246620.5 -0.278,1.225,0.123,-0.133,0.358,0.057,0.922
1580136932346164.5 -0.246,1.227,0.103,-0.134,0.314,0.054,0.938
1580136932452799.2 -0.221,1.227,0.084,-0.136,0.284,0.053,0.948
1580136932556671.0 -0.203,1.227,0.07,-0.138,0.263,0.046,0.954
1580136932659195.0 -0.192,1.224,0.057,-0.141,0.251,0.042,0.957
1580136932781168.0 -0.189,1.217,0.028,-0.149,0.244,0.043,0.957
1580136932887094.2 -0.193,1.212,-0.001,-0.151,0.247,0.041,0.956
1580136933039207.2 -0.204,1.203,-0.049,-0.152,0.252,0.04,0.955
1580136933157258.0 -0.211,1.193,-0.102,-0.156,0.272,0.03,0.949
1580136933283879.8 -0.218,1.202,-0.129,-0.156,0.278,0.027,0.947
1580136933383097.2 -0.221,1.197,-0.164,-0.164,0.28,0.026,0.946
1580136933485302.5 -0.225,1.196,-0.19,-0.174,0.289,0.024,0.941
1580136933619503.0 -0.235,1.194,-0.215,-0.176,0.292,0.02,0.94
1580136933748086.5 -0.246,1.195,-0.222,-0.176,0.286,0.014,0.942
1580136933853809.8 -0.252,1.196,-0.224,-0.175,0.265,0.014,0.948
1580136933981544.5 -0.258,1.189,-0.222,-0.166,0.264,0.013,0.95
1580136934114913.5 -0.264,1.178,-0.22,-0.179,0.259,0.042,0.948
1580136934217795.0 -0.252,1.171,-0.221,-0.179,0.252,0.042,0.95
1580136934345602.2 -0.224,1.166,-0.228,-0.182,0.279,0.036,0.942
1580136934478582.5 -0.191,1.165,-0.232,-0.173,0.317,0.029,0.932
1580136934577854.5 -0.171,1.168,-0.228,-0.18,0.338,0.047,0.922
1580136934714946.5 -0.131,1.183,-0.216,-0.187,0.348,0.044,0.918
1580136934818878.8 -0.098,1.195,-0.204,-0.177,0.357,0.039,0.916
1580136934948107.5 -0.067,1.204,-0.193,-0.182,0.348,0.057,0.918
1580136935055187.5 -0.053,1.209,-0.189,-0.18,0.354,0.059,0.916
1580136935178812.5 -0.042,1.212,-0.187,-0.183,0.371,0.055,0.909
1580136935288460.5 -0.037,1.216,-0.184,-0.18,0.371,0.052,0.909
1580136935395362.2 -0.036,1.224,-0.183,-0.171,0.371,0.053,0.911
1580136935518617.0 -0.034,1.232,-0.182,-0.159,0.367,0.038,0.916
1580136935620064.5 -0.032,1.236,-0.182,-0.157,0.368,0.034,0.916
1580136935746708.0 -0.03,1.234,-0.184,-0.165,0.375,0.034,0.911
1580136935878287.5 -0.027,1.232,-0.184,-0.169,0.381,0.033,0.908
1580136935983685.5 -0.022,1.233,-0.186,-0.175,0.386,0.036,0.905
1580136936114973.0 -0.009,1.233,-0.194,-0.174,0.397,0.038,0.9
1580136936255238.8 0.014,1.23,-0.204,-0.176,0.417,0.032,0.891
1580136936349575.2 0.042,1.233,-0.204,-0.177,0.42,0.029,0.89
1580136936482368.0 0.089,1.24,-0.197,-0.173,0.398,0.03,0.901
1580136936585364.5 0.131,1.245,-0.192,-0.164,0.406,0.031,0.898
1580136936718584.8 0.202,1.249,-0.179,-0.146,0.413,0.025,0.899
1580136936849143.8 0.273,1.247,-0.166,-0.142,0.413,0.052,0.898
1580136936953544.5 0.327,1.245,-0.164,-0.158,0.416,0.063,0.894
1580136937083298.8 0.403,1.248,-0.172,-0.158,0.422,0.051,0.891
1580136937182692.0 0.461,1.247,-0.195,-0.156,0.425,0.039,0.891
1580136937283563.2 0.522,1.245,-0.233,-0.158,0.437,0.04,0.885
1580136937415655.0 0.624,1.234,-0.306,-0.153,0.437,0.024,0.886
1580136937514150.8 0.711,1.222,-0.369,-0.149,0.431,0.028,0.89
1580136937620235.5 0.789,1.224,-0.429,-0.165,0.418,0.041,0.892
1580136937749785.0 0.899,1.242,-0.496,-0.197,0.393,0.034,0.898
1580136937880669.5 0.987,1.256,-0.534,-0.185,0.382,0.02,0.905
1580136938013733.0 1.066,1.263,-0.564,-0.185,0.386,0.025,0.904
1580136938120234.5 1.104,1.268,-0.569,-0.167,0.382,0.03,0.908
1580136938243536.2 1.116,1.269,-0.583,-0.172,0.432,0.068,0.883
1580136938344879.8 1.124,1.271,-0.607,-0.176,0.445,0.061,0.876
1580136938477705.0 1.134,1.275,-0.653,-0.167,0.447,0.053,0.877
1580136938580721.5 1.134,1.273,-0.704,-0.162,0.458,0.056,0.872
1580136938686253.5 1.131,1.267,-0.776,-0.154,0.468,0.054,0.869
1580136938812716.5 1.12,1.257,-0.895,-0.135,0.48,0.068,0.864
1580136938914813.2 1.105,1.254,-0.976,-0.125,0.538,0.088,0.829
1580136939049324.2 1.076,1.261,-1.031,-0.137,0.626,0.117,0.758
1580136939156420.2 1.07,1.277,-1.04,-0.137,0.651,0.101,0.74
1580136939277227.0 1.063,1.289,-1.037,-0.132,0.688,0.088,0.709
1580136939383558.2 1.06,1.292,-1.034,-0.127,0.696,0.091,0.701
1580136939519373.8 1.053,1.288,-1.034,-0.123,0.694,0.101,0.702
1580136939645792.2 1.048,1.284,-1.047,-0.136,0.713,0.099,0.681
1580136939779361.2 1.044,1.289,-1.057,-0.129,0.727,0.103,0.666
1580136939913763.2 1.041,1.292,-1.069,-0.125,0.721,0.102,0.674
1580136940013146.5 1.043,1.294,-1.072,-0.125,0.734,0.097,0.661
1580136940114927.2 1.043,1.294,-1.063,-0.12,0.726,0.103,0.669
1580136940242717.8 1.048,1.28,-1.026,-0.125,0.746,0.118,0.643
1580136940343176.2 1.047,1.261,-0.988,-0.145,0.77,0.123,0.609
1580136940482611.0 1.041,1.245,-0.915,-0.153,0.788,0.141,0.58
1580136940612829.8 1.036,1.233,-0.825,-0.14,0.79,0.16,0.575
1580136940744605.0 1.031,1.215,-0.719,-0.143,0.799,0.166,0.561
1580136940882533.0 1.024,1.208,-0.612,-0.154,0.796,0.174,0.558
1580136941017753.5 1.016,1.217,-0.521,-0.156,0.795,0.184,0.557
1580136941113803.2 1.01,1.225,-0.471,-0.155,0.798,0.193,0.549
1580136941246579.2 1,1.232,-0.412,-0.141,0.809,0.197,0.536
1580136941344626.8 0.981,1.231,-0.367,-0.142,0.815,0.204,0.523
1580136941484407.5 0.944,1.224,-0.313,-0.15,0.825,0.209,0.503
1580136941610968.0 0.892,1.214,-0.253,-0.147,0.832,0.208,0.492
1580136941713942.8 0.841,1.21,-0.209,-0.14,0.836,0.206,0.488
1580136941843906.0 0.765,1.212,-0.155,-0.153,0.845,0.212,0.467
1580136941981928.5 0.697,1.226,-0.115,-0.147,0.844,0.211,0.471
1580136942113918.8 0.637,1.226,-0.077,-0.155,0.835,0.229,0.476
1580136942242769.8 0.588,1.22,-0.052,-0.163,0.815,0.233,0.506
1580136942343451.0 0.546,1.207,-0.033,-0.17,0.804,0.243,0.516
1580136942444898.8 0.501,1.196,-0.011,-0.175,0.78,0.254,0.545
1580136942584677.2 0.44,1.194,0.006,-0.184,0.733,0.246,0.607
1580136942687640.2 0.407,1.202,0.004,-0.19,0.695,0.23,0.654
1580136942788775.8 0.378,1.205,-0.003,-0.198,0.66,0.208,0.694
1580136942918745.8 0.34,1.206,-0.013,-0.201,0.614,0.221,0.73
1580136943047057.0 0.319,1.206,-0.032,-0.213,0.559,0.216,0.772
1580136943147242.0 0.318,1.208,-0.038,-0.227,0.495,0.195,0.816
1580136943280221.0 0.332,1.208,-0.027,-0.252,0.371,0.195,0.872
1580136943416832.0 0.367,1.195,-0.005,-0.276,0.284,0.147,0.906
1580136943546169.2 0.399,1.175,0.03,-0.305,0.199,0.117,0.924
1580136943681549.8 0.422,1.174,0.074,-0.323,0.155,0.127,0.925
1580136943820292.0 0.436,1.17,0.109,-0.33,0.116,0.127,0.928
1580136943942769.5 0.477,1.167,0.144,-0.341,0.072,0.117,0.93
1580136944046790.5 0.531,1.171,0.171,-0.338,0.04,0.097,0.935
1580136944182125.2 0.609,1.175,0.204,-0.331,-0.024,0.071,0.941
1580136944298527.5 0.744,1.182,0.276,-0.324,-0.133,0.03,0.936
1580136944416430.0 0.879,1.18,0.381,-0.323,-0.247,0.004,0.914
1580136944553033.0 1.017,1.18,0.492,-0.342,-0.331,-0.03,0.879
1580136944680528.0 1.121,1.195,0.583,-0.327,-0.401,-0.074,0.852
1580136944819095.0 1.217,1.227,0.657,-0.26,-0.468,-0.107,0.838
1580136944944380.8 1.3,1.284,0.701,-0.176,-0.535,-0.104,0.819
1580136945082739.5 1.37,1.343,0.734,-0.114,-0.587,-0.078,0.798
1580136945210878.2 1.42,1.398,0.772,-0.067,-0.623,-0.054,0.777
1580136945315051.8 1.444,1.426,0.802,-0.034,-0.637,-0.042,0.769
1580136945445307.2 1.445,1.452,0.825,-0.014,-0.655,-0.026,0.755
1580136945553680.8 1.454,1.458,0.834,-0.007,-0.654,-0.015,0.756
1580136945680100.0 1.46,1.448,0.848,-0.009,-0.664,-0.007,0.747
1580136945781952.0 1.469,1.445,0.872,-0.007,-0.671,-0.01,0.741
1580136945888737.5 1.48,1.443,0.89,-0.009,-0.675,-0.013,0.738
1580136946020904.0 1.486,1.441,0.906,-0.008,-0.684,-0.018,0.73
1580136946142980.2 1.491,1.438,0.917,-0.009,-0.69,-0.022,0.724
1580136946244992.2 1.493,1.437,0.922,-0.007,-0.691,-0.022,0.723
1580136946344371.5 1.498,1.436,0.925,-0.011,-0.693,-0.023,0.721
1580136946445691.8 1.498,1.437,0.927,-0.013,-0.694,-0.024,0.719
1580136946576744.2 1.497,1.436,0.932,-0.011,-0.693,-0.026,0.72
1580136946678056.8 1.499,1.437,0.935,-0.01,-0.692,-0.027,0.721
1580136946781280.2 1.499,1.436,0.938,-0.009,-0.691,-0.026,0.722
1580136946881531.5 1.5,1.435,0.941,-0.009,-0.691,-0.028,0.722
1580136946981526.8 1.504,1.433,0.943,-0.01,-0.691,-0.029,0.722
1580136947077509.0 1.506,1.432,0.946,-0.013,-0.693,-0.029,0.721
1580136947184027.5 1.509,1.433,0.949,-0.012,-0.695,-0.029,0.718
1580136947313426.8 1.515,1.431,0.946,-0.014,-0.694,-0.026,0.719
1580136947415416.8 1.523,1.425,0.938,-0.014,-0.685,-0.02,0.728
1580136947544439.5 1.554,1.409,0.91,-0.035,-0.674,-0.026,0.737
1580136947646001.0 1.588,1.394,0.884,-0.042,-0.663,-0.036,0.747
1580136947776681.0 1.653,1.368,0.833,-0.071,-0.639,-0.039,0.765
1580136947880790.0 1.712,1.349,0.783,-0.085,-0.642,-0.043,0.761
1580136948013704.0 1.797,1.347,0.705,-0.083,-0.641,-0.036,0.763
1580136948143211.5 1.886,1.377,0.64,-0.056,-0.642,-0.049,0.763
1580136948275478.8 1.967,1.42,0.595,-0.044,-0.661,-0.032,0.749
1580136948375823.5 2.02,1.451,0.573,-0.02,-0.677,-0.007,0.735
1580136948510832.2 2.103,1.477,0.556,-0.015,-0.702,0.015,0.712
1580136948644209.5 2.186,1.484,0.556,0.024,-0.698,0.026,0.716
1580136948744664.2 2.245,1.487,0.559,0.038,-0.701,0.027,0.712
1580136948855379.0 2.302,1.499,0.553,0.032,-0.717,0.026,0.696
1580136948978385.2 2.361,1.514,0.533,0.04,-0.728,0.035,0.683
1580136949111283.8 2.406,1.523,0.508,0.041,-0.726,0.045,0.685
1580136949211768.8 2.425,1.52,0.485,0.04,-0.736,0.062,0.673
1580136949340350.2 2.454,1.511,0.466,0.053,-0.754,0.052,0.653
1580136949445291.8 2.466,1.507,0.454,0.065,-0.759,0.053,0.646
1580136949549308.2 2.472,1.504,0.449,0.083,-0.759,0.049,0.644
1580136949674510.5 2.484,1.511,0.434,0.082,-0.741,0.057,0.664
1580136949777948.2 2.49,1.516,0.424,0.081,-0.743,0.062,0.662
1580136949910824.0 2.493,1.518,0.422,0.089,-0.745,0.064,0.658
1580136950044333.2 2.497,1.516,0.422,0.087,-0.742,0.065,0.661
1580136950145355.8 2.5,1.516,0.422,0.082,-0.747,0.062,0.657
1580136950291595.8 2.502,1.514,0.426,0.081,-0.742,0.059,0.663
1580136950410685.2 2.506,1.513,0.426,0.072,-0.745,0.063,0.661
1580136950540669.2 2.508,1.511,0.43,0.074,-0.743,0.063,0.662
1580136950673356.5 2.509,1.51,0.432,0.078,-0.742,0.063,0.663
1580136950776007.0 2.51,1.511,0.432,0.077,-0.741,0.066,0.664
1580136950887646.2 2.512,1.51,0.432,0.082,-0.74,0.066,0.665
1580136950988536.2 2.514,1.511,0.431,0.082,-0.737,0.066,0.668
1580136951135306.2 2.517,1.512,0.429,0.08,-0.736,0.067,0.669
1580136951214029.0 2.518,1.512,0.428,0.08,-0.736,0.066,0.669
1580136951340960.5 2.519,1.51,0.429,0.079,-0.736,0.066,0.67
1580136951478502.0 2.518,1.51,0.429,0.079,-0.734,0.064,0.672
1580136951578917.5 2.518,1.51,0.43,0.083,-0.733,0.064,0.672
1580136951715623.2 2.52,1.509,0.427,0.078,-0.726,0.065,0.681
1580136951815197.2 2.524,1.506,0.424,0.067,-0.734,0.061,0.673
1580136951943335.5 2.519,1.502,0.425,0.079,-0.725,0.077,0.68
1580136952050377.8 2.516,1.503,0.426,0.084,-0.72,0.081,0.684
1580136952181403.8 2.517,1.503,0.425,0.082,-0.716,0.08,0.688
1580136952312083.2 2.52,1.503,0.425,0.081,-0.722,0.079,0.683
1580136952409946.2 2.521,1.502,0.426,0.081,-0.722,0.08,0.683
1580136952539258.2 2.522,1.502,0.426,0.081,-0.723,0.079,0.681
1580136952641363.2 2.523,1.502,0.427,0.08,-0.723,0.079,0.681
1580136952776139.0 2.525,1.502,0.427,0.078,-0.724,0.078,0.681
1580136952909010.0 2.526,1.503,0.428,0.08,-0.724,0.08,0.681
1580136953010440.2 2.526,1.503,0.428,0.08,-0.723,0.08,0.681
1580136953119225.5 2.528,1.502,0.428,0.078,-0.726,0.079,0.679
1580136953243304.8 2.529,1.502,0.429,0.076,-0.727,0.076,0.678
1580136953382360.8 2.529,1.502,0.427,0.079,-0.729,0.078,0.676
1580136953511313.2 2.528,1.503,0.426,0.077,-0.729,0.078,0.676
1580136953615926.2 2.529,1.503,0.425,0.076,-0.731,0.077,0.674
1580136953744589.0 2.527,1.501,0.426,0.076,-0.736,0.073,0.669
1580136953842386.8 2.525,1.498,0.428,0.076,-0.734,0.07,0.671
1580136953975935.2 2.52,1.494,0.433,0.069,-0.729,0.066,0.677
1580136954081692.0 2.512,1.488,0.437,0.062,-0.725,0.061,0.684
1580136954210934.0 2.494,1.477,0.445,0.063,-0.715,0.056,0.694
1580136954339428.0 2.469,1.458,0.454,0.055,-0.701,0.046,0.71
1580136954449115.0 2.441,1.445,0.458,0.044,-0.699,0.029,0.713
1580136954576406.0 2.385,1.436,0.464,0.053,-0.687,0.03,0.724
1580136954708023.2 2.308,1.438,0.463,0.06,-0.687,0.045,0.723
1580136954809960.0 2.24,1.435,0.46,0.06,-0.701,0.05,0.709
1580136954912318.0 2.176,1.433,0.46,0.052,-0.713,0.042,0.698
1580136955011667.0 2.117,1.433,0.459,0.029,-0.704,0.038,0.708
1580136955118943.8 2.06,1.439,0.467,0.041,-0.694,0.035,0.718
1580136955240305.0 1.98,1.439,0.481,0.058,-0.688,0.037,0.723
1580136955373658.5 1.899,1.437,0.501,0.055,-0.682,0.034,0.729
1580136955506634.0 1.806,1.427,0.535,0.065,-0.673,0.024,0.737
1580136955643723.0 1.712,1.413,0.574,0.039,-0.675,0.013,0.736
1580136955739322.5 1.652,1.418,0.607,0.023,-0.668,-0.007,0.744
1580136955872886.5 1.569,1.429,0.635,0.031,-0.676,-0.007,0.736
1580136955971685.0 1.503,1.431,0.644,0.024,-0.669,-0.011,0.743
1580136956074946.2 1.441,1.423,0.647,0.024,-0.665,-0.029,0.746
1580136956173133.8 1.384,1.407,0.646,0.009,-0.668,-0.047,0.743
1580136956310687.2 1.324,1.378,0.639,-0.03,-0.677,-0.09,0.73
1580136956437792.2 1.272,1.365,0.632,-0.054,-0.665,-0.091,0.739
1580136956540655.2 1.242,1.368,0.639,-0.054,-0.671,-0.092,0.734
1580136956685029.8 1.208,1.378,0.653,-0.04,-0.669,-0.074,0.739
1580136956805319.5 1.182,1.401,0.666,-0.031,-0.668,-0.053,0.741
1580136956909289.8 1.166,1.419,0.68,-0.016,-0.671,-0.041,0.74
1580136957011874.0 1.15,1.436,0.696,-0.009,-0.675,-0.026,0.737
1580136957144874.8 1.137,1.46,0.716,0.008,-0.682,-0.01,0.731
1580136957271272.2 1.13,1.484,0.732,0.027,-0.684,-0.001,0.729
1580136957371968.0 1.128,1.498,0.741,0.038,-0.69,0.011,0.723
1580136957475001.0 1.127,1.508,0.749,0.043,-0.686,0.019,0.726
1580136957577376.5 1.124,1.509,0.755,0.053,-0.684,0.024,0.727
1580136957709912.8 1.127,1.506,0.76,0.05,-0.686,0.022,0.726
1580136957840500.8 1.13,1.503,0.767,0.046,-0.684,0.017,0.727
1580136957941542.5 1.13,1.503,0.769,0.042,-0.685,0.017,0.727
1580136958076146.8 1.129,1.504,0.769,0.042,-0.69,0.023,0.723
1580136958210693.5 1.127,1.504,0.772,0.048,-0.684,0.023,0.727
1580136958308965.5 1.128,1.502,0.773,0.049,-0.687,0.019,0.725
1580136958436857.2 1.129,1.503,0.774,0.048,-0.687,0.02,0.724
1580136958541347.8 1.129,1.503,0.774,0.052,-0.686,0.019,0.726
1580136958677926.8 1.129,1.502,0.775,0.056,-0.685,0.019,0.726
1580136958810003.2 1.129,1.503,0.775,0.054,-0.683,0.02,0.728
1580136958921892.0 1.128,1.504,0.776,0.055,-0.682,0.02,0.729
1580136959038564.5 1.123,1.506,0.777,0.063,-0.684,0.018,0.726
1580136959138873.8 1.118,1.506,0.775,0.068,-0.689,0.023,0.721
1580136959272541.0 1.116,1.503,0.774,0.061,-0.687,0.032,0.723
1580136959376670.8 1.112,1.505,0.775,0.064,-0.677,0.039,0.732
1580136959477994.0 1.109,1.507,0.776,0.064,-0.676,0.04,0.733
1580136959616942.2 1.104,1.508,0.777,0.068,-0.676,0.042,0.732
1580136959712270.5 1.101,1.509,0.778,0.065,-0.682,0.041,0.728
1580136959843084.2 1.099,1.509,0.778,0.064,-0.683,0.041,0.727
1580136959977899.5 1.098,1.508,0.778,0.063,-0.681,0.04,0.728
1580136960114790.5 1.098,1.507,0.778,0.064,-0.68,0.04,0.729
1580136960239352.0 1.098,1.507,0.779,0.063,-0.681,0.04,0.729
1580136960374324.8 1.098,1.507,0.78,0.063,-0.681,0.039,0.728
1580136960507015.5 1.098,1.507,0.781,0.062,-0.682,0.039,0.727
1580136960611896.0 1.099,1.508,0.781,0.061,-0.683,0.039,0.727
1580136960737128.8 1.098,1.508,0.781,0.061,-0.684,0.038,0.726
1580136960838390.2 1.098,1.509,0.781,0.061,-0.685,0.037,0.725
1580136960978307.5 1.1,1.509,0.78,0.059,-0.685,0.036,0.725
1580136961126902.5 1.101,1.509,0.779,0.058,-0.687,0.035,0.724
1580136961210889.2 1.103,1.508,0.778,0.057,-0.687,0.034,0.723
1580136961341973.5 1.105,1.507,0.777,0.055,-0.686,0.032,0.725
1580136961473582.0 1.111,1.505,0.773,0.051,-0.684,0.032,0.727
1580136961609872.5 1.118,1.5,0.765,0.048,-0.679,0.029,0.732
1580136961735988.8 1.13,1.493,0.753,0.045,-0.677,0.022,0.734
1580136961836577.2 1.141,1.488,0.74,0.046,-0.676,0.017,0.736
1580136961940938.5 1.155,1.483,0.727,0.042,-0.679,0.011,0.733
1580136962043075.2 1.169,1.472,0.726,0.048,-0.697,0.005,0.716
1580136962170656.0 1.205,1.456,0.743,0.031,-0.723,-0.003,0.69
1580136962284389.2 1.248,1.448,0.763,0.023,-0.746,-0.01,0.665
1580136962407818.2 1.313,1.434,0.802,0.024,-0.771,-0.003,0.636
1580136962508675.8 1.368,1.428,0.834,0.02,-0.784,0.005,0.621
1580136962644467.0 1.439,1.426,0.872,0.022,-0.794,0.01,0.607
1580136962771530.8 1.492,1.432,0.892,0.02,-0.805,0.013,0.593
1580136962877308.5 1.516,1.429,0.903,0.014,-0.807,0.008,0.59
1580136962984856.5 1.524,1.424,0.912,0.011,-0.81,-0.002,0.586
1580136963112800.8 1.511,1.413,0.921,-0.003,-0.826,-0.021,0.563
1580136963238633.5 1.47,1.401,0.944,-0.008,-0.852,-0.029,0.522
1580136963340104.5 1.432,1.393,0.974,-0.023,-0.867,-0.039,0.497
1580136963471191.2 1.366,1.389,1.026,-0.028,-0.89,-0.055,0.452
1580136963580674.8 1.313,1.391,1.067,-0.023,-0.907,-0.057,0.416
1580136963705955.5 1.248,1.384,1.115,-0.03,-0.918,-0.05,0.392
1580136963840641.0 1.203,1.382,1.146,-0.039,-0.925,-0.051,0.374
1580136963974672.0 1.191,1.383,1.154,-0.042,-0.921,-0.053,0.383
1580136964104562.8 1.195,1.382,1.155,-0.052,-0.916,-0.072,0.391
1580136964235323.8 1.201,1.383,1.145,-0.033,-0.913,-0.076,0.4
1580136964340128.5 1.204,1.39,1.132,-0.018,-0.918,-0.07,0.389
1580136964476356.8 1.214,1.397,1.117,-0.016,-0.914,-0.061,0.4
1580136964604536.8 1.221,1.4,1.109,-0.003,-0.918,-0.052,0.392
1580136964706293.0 1.225,1.403,1.104,-0.005,-0.921,-0.045,0.387
1580136964836095.8 1.23,1.402,1.101,-0.006,-0.925,-0.048,0.376
1580136964939897.2 1.234,1.402,1.099,-0.011,-0.926,-0.044,0.375
1580136965071672.0 1.237,1.402,1.096,-0.016,-0.93,-0.036,0.365
1580136965207079.0 1.239,1.401,1.094,-0.019,-0.931,-0.033,0.364
1580136965336178.8 1.24,1.401,1.091,-0.017,-0.925,-0.036,0.378
1580136965440024.5 1.241,1.402,1.087,-0.017,-0.923,-0.033,0.384
1580136965574749.2 1.24,1.403,1.084,-0.015,-0.921,-0.033,0.389
1580136965671920.8 1.239,1.403,1.084,-0.014,-0.921,-0.032,0.389
1580136965805040.2 1.237,1.404,1.084,-0.014,-0.921,-0.032,0.387
1580136965907666.2 1.236,1.404,1.083,-0.016,-0.92,-0.031,0.39
1580136966008455.2 1.238,1.404,1.083,-0.016,-0.918,-0.035,0.394
1580136966111832.8 1.238,1.403,1.081,-0.012,-0.917,-0.03,0.397
1580136966239211.5 1.24,1.4,1.079,-0.021,-0.917,-0.024,0.397
1580136966345073.2 1.239,1.4,1.077,-0.021,-0.915,-0.016,0.403
1580136966441353.0 1.235,1.4,1.076,-0.015,-0.915,-0.011,0.402
1580136966575244.2 1.234,1.4,1.077,-0.014,-0.916,-0.01,0.401
1580136966712115.5 1.234,1.402,1.079,-0.02,-0.917,-0.012,0.399
1580136966837675.2 1.231,1.402,1.077,-0.02,-0.919,-0.01,0.395
1580136966970541.0 1.23,1.403,1.077,-0.02,-0.92,-0.008,0.392
1580136967073930.2 1.229,1.404,1.076,-0.02,-0.92,-0.007,0.391
1580136967207540.0 1.23,1.404,1.075,-0.022,-0.92,-0.008,0.391
1580136967332669.0 1.233,1.404,1.074,-0.023,-0.92,-0.008,0.392
1580136967438773.0 1.233,1.403,1.073,-0.024,-0.92,-0.007,0.392
1580136967574268.0 1.235,1.403,1.073,-0.025,-0.92,-0.008,0.392
1580136967676620.8 1.236,1.402,1.073,-0.026,-0.92,-0.008,0.392
1580136967806537.2 1.237,1.402,1.074,-0.025,-0.919,-0.009,0.394
1580136967907852.2 1.238,1.402,1.074,-0.025,-0.919,-0.008,0.394
1580136968038881.8 1.238,1.401,1.073,-0.024,-0.918,-0.007,0.395
1580136968142413.0 1.239,1.401,1.074,-0.024,-0.918,-0.008,0.395
1580136968275052.2 1.239,1.401,1.073,-0.023,-0.919,-0.008,0.394
1580136968407389.5 1.238,1.402,1.073,-0.023,-0.919,-0.007,0.395
1580136968509559.5 1.238,1.402,1.074,-0.023,-0.918,-0.007,0.396
1580136968612776.0 1.238,1.401,1.073,-0.024,-0.918,-0.007,0.396
1580136968743046.0 1.238,1.401,1.074,-0.024,-0.918,-0.007,0.396
1580136968876045.0 1.238,1.402,1.072,-0.024,-0.918,-0.007,0.395
1580136968981302.0 1.238,1.401,1.071,-0.024,-0.918,-0.007,0.395
1580136969087508.2 1.238,1.399,1.071,-0.021,-0.917,-0.008,0.397
1580136969244297.0 1.24,1.396,1.072,-0.02,-0.918,-0.011,0.396
1580136969333793.5 1.241,1.351,1.076,-0.029,-0.915,-0.051,0.398
1580136969476893.5 1.22,1.265,1.079,-0.044,-0.921,-0.124,0.368
1580136969606153.2 1.17,1.191,1.078,-0.049,-0.932,-0.176,0.313
1580136969726648.0 1.12,1.14,1.088,-0.073,-0.94,-0.249,0.224
1580136969834062.2 1.079,1.124,1.105,-0.071,-0.946,-0.278,0.152
1580136969942726.5 1.024,1.13,1.126,-0.041,-0.96,-0.27,0.07
1580136970072869.5 0.956,1.151,1.162,-0.011,-0.965,-0.26,0.018
1580136970177467.8 0.901,1.164,1.183,-0.01,0.968,0.25,0.035
1580136970304871.8 0.85,1.171,1.191,-0.026,0.963,0.258,0.079
1580136970415300.8 0.815,1.186,1.18,-0.042,0.961,0.239,0.135
1580136970540248.2 0.786,1.194,1.16,-0.066,0.946,0.225,0.225
1580136970647402.5 0.771,1.197,1.133,-0.085,0.921,0.214,0.314
1580136970748802.8 0.765,1.2,1.092,-0.106,0.884,0.201,0.408
1580136970876671.0 0.779,1.199,1.024,-0.131,0.818,0.187,0.528
1580136971023357.0 0.815,1.195,0.948,-0.143,0.737,0.169,0.638
1580136971144206.5 0.847,1.196,0.878,-0.177,0.662,0.165,0.709
1580136971250465.5 0.89,1.205,0.846,-0.184,0.618,0.148,0.75
1580136971381724.0 0.941,1.216,0.799,-0.185,0.558,0.135,0.798
1580136971504337.0 0.994,1.222,0.742,-0.187,0.504,0.126,0.834
1580136971620008.0 1.035,1.227,0.707,-0.187,0.466,0.117,0.857
1580136971755119.0 1.099,1.235,0.661,-0.184,0.42,0.105,0.882
1580136971874853.2 1.162,1.237,0.626,-0.179,0.394,0.094,0.897
1580136971972706.5 1.241,1.237,0.584,-0.183,0.377,0.089,0.903
1580136972084053.2 1.295,1.234,0.559,-0.186,0.367,0.078,0.908
1580136972211210.5 1.35,1.229,0.53,-0.205,0.361,0.075,0.907
1580136972337178.2 1.409,1.238,0.501,-0.211,0.353,0.063,0.909
1580136972442671.8 1.432,1.243,0.495,-0.207,0.344,0.053,0.914
1580136972574327.8 1.457,1.247,0.488,-0.204,0.341,0.043,0.917
1580136972677232.0 1.467,1.251,0.492,-0.197,0.343,0.039,0.918
1580136972815472.5 1.473,1.255,0.494,-0.194,0.351,0.041,0.915
1580136972935730.8 1.479,1.257,0.5,-0.187,0.357,0.04,0.915
1580136973041570.5 1.483,1.259,0.503,-0.184,0.36,0.043,0.914
1580136973181710.2 1.484,1.258,0.507,-0.182,0.363,0.046,0.913
1580136973309594.0 1.485,1.258,0.511,-0.18,0.365,0.049,0.912
1580136973436476.8 1.488,1.259,0.514,-0.179,0.364,0.052,0.913
1580136973535001.2 1.489,1.257,0.516,-0.179,0.365,0.053,0.912
1580136973673708.0 1.49,1.256,0.518,-0.181,0.365,0.054,0.912
1580136973807456.0 1.491,1.255,0.521,-0.183,0.364,0.055,0.911
1580136973937019.2 1.492,1.254,0.524,-0.184,0.365,0.056,0.911
1580136974038055.5 1.49,1.253,0.525,-0.185,0.367,0.059,0.909
1580136974169325.5 1.487,1.252,0.528,-0.187,0.37,0.062,0.908
1580136974304715.2 1.488,1.254,0.532,-0.18,0.368,0.058,0.91
1580136974370888.5 1.49,1.258,0.534,-0.172,0.368,0.055,0.912
1580136974507747.2 1.491,1.258,0.535,-0.171,0.369,0.055,0.912
1580136974636267.2 1.491,1.257,0.536,-0.17,0.369,0.057,0.912
1580136974735569.2 1.492,1.259,0.538,-0.164,0.368,0.057,0.914
1580136974835270.8 1.493,1.261,0.539,-0.161,0.37,0.055,0.913
1580136974937591.8 1.493,1.26,0.539,-0.158,0.37,0.055,0.914
1580136975068010.2 1.493,1.261,0.537,-0.154,0.371,0.053,0.914
1580136975169028.5 1.493,1.264,0.536,-0.15,0.371,0.051,0.915
1580136975305362.5 1.497,1.278,0.538,-0.117,0.377,0.035,0.918
1580136975409504.5 1.504,1.293,0.542,-0.078,0.378,0.02,0.922
1580136975541901.0 1.51,1.303,0.545,-0.055,0.377,0.01,0.924
1580136975637383.2 1.512,1.301,0.544,-0.056,0.372,0.014,0.926
1580136975773200.2 1.508,1.276,0.526,-0.104,0.367,0.035,0.924
1580136975904939.2 1.507,1.225,0.506,-0.176,0.338,0.062,0.922
1580136976005629.8 1.509,1.186,0.491,-0.229,0.321,0.074,0.916
1580136976136249.2 1.509,1.138,0.472,-0.294,0.295,0.09,0.905
1580136976271904.5 1.509,1.117,0.461,-0.32,0.286,0.091,0.898
1580136976375663.8 1.514,1.113,0.459,-0.325,0.287,0.091,0.897
1580136976507527.5 1.508,1.115,0.464,-0.326,0.294,0.095,0.894
1580136976638393.0 1.505,1.106,0.473,-0.326,0.305,0.1,0.889
1580136976770736.2 1.485,1.103,0.487,-0.329,0.329,0.109,0.878
1580136976911223.8 1.458,1.094,0.513,-0.341,0.369,0.128,0.855
1580136977017092.0 1.435,1.087,0.536,-0.346,0.398,0.145,0.837
1580136977136344.8 1.411,1.082,0.558,-0.349,0.428,0.161,0.818
1580136977243518.8 1.388,1.078,0.579,-0.357,0.458,0.174,0.795
1580136977358533.8 1.357,1.073,0.604,-0.362,0.485,0.19,0.773
1580136977469537.5 1.318,1.071,0.625,-0.359,0.499,0.208,0.761
1580136977573622.0 1.284,1.067,0.638,-0.356,0.503,0.217,0.757
1580136977712298.2 1.228,1.067,0.658,-0.347,0.503,0.227,0.758
1580136977837169.0 1.169,1.079,0.688,-0.324,0.511,0.232,0.761
1580136977943967.8 1.124,1.09,0.714,-0.309,0.53,0.232,0.755
1580136978075237.0 1.074,1.098,0.759,-0.286,0.57,0.233,0.734
1580136978215466.0 1.039,1.113,0.812,-0.258,0.618,0.259,0.696
1580136978338885.0 1.007,1.135,0.87,-0.216,0.672,0.283,0.649
1580136978467844.8 0.988,1.161,0.919,-0.16,0.718,0.286,0.614
1580136978567273.5 0.987,1.183,0.946,-0.126,0.741,0.276,0.599
1580136978667216.2 0.98,1.201,0.962,-0.109,0.751,0.265,0.595
1580136978772444.8 0.982,1.216,0.962,-0.091,0.759,0.243,0.597
1580136978908087.8 0.989,1.228,0.964,-0.077,0.767,0.22,0.598
1580136979037422.8 0.995,1.229,0.967,-0.078,0.783,0.207,0.582
1580136979141456.2 0.994,1.233,0.972,-0.079,0.791,0.202,0.572
1580136979276698.2 0.996,1.252,0.982,-0.069,0.802,0.181,0.566
1580136979370028.8 1.002,1.268,0.993,-0.059,0.815,0.159,0.554
1580136979504520.0 1.013,1.289,1.016,-0.047,0.836,0.139,0.529
1580136979638782.0 1.032,1.297,1.046,-0.032,0.859,0.136,0.493
1580136979749757.8 1.048,1.297,1.068,-0.028,0.877,0.135,0.459
1580136979868911.8 1.077,1.3,1.092,-0.024,0.902,0.134,0.411
1580136980005264.5 1.104,1.303,1.106,-0.018,0.916,0.135,0.378
1580136980139201.8 1.128,1.31,1.114,-0.008,0.934,0.133,0.331
1580136980269713.2 1.144,1.315,1.109,-0.008,0.943,0.124,0.309
1580136980408749.8 1.159,1.318,1.105,-0.003,0.953,0.12,0.28
1580136980507665.8 1.164,1.322,1.101,-0.004,0.954,0.124,0.274
1580136980634729.5 1.165,1.33,1.086,-0.002,0.956,0.112,0.271
1580136980734508.5 1.165,1.335,1.076,0,0.956,0.104,0.274
1580136980866254.0 1.163,1.338,1.065,0,0.957,0.098,0.274
1580136980965442.5 1.163,1.337,1.06,0,0.955,0.099,0.28
1580136981065702.2 1.163,1.337,1.057,0,0.954,0.1,0.282
1580136981169445.8 1.162,1.337,1.055,0.001,0.955,0.097,0.281
1580136981306059.5 1.16,1.337,1.053,0.001,0.953,0.099,0.287
1580136981432280.0 1.158,1.337,1.054,0.001,0.953,0.099,0.286
1580136981566928.0 1.16,1.342,1.051,0.006,0.955,0.086,0.284
1580136981667529.5 1.161,1.348,1.047,0.01,0.956,0.072,0.283
1580136981803683.0 1.154,1.356,1.045,0.011,0.957,0.067,0.282
1580136981905718.2 1.146,1.367,1.042,0.009,0.951,0.064,0.301
1580136982035958.2 1.138,1.389,1.036,0.016,0.954,0.048,0.297
1580136982135289.2 1.134,1.406,1.035,0.017,0.948,0.041,0.315
1580136982265908.5 1.132,1.421,1.033,0.019,0.944,0.014,0.33
1580136982365607.0 1.132,1.423,1.035,0.017,0.944,0.008,0.328
1580136982470701.5 1.132,1.421,1.035,0.016,0.947,0.002,0.322
1580136982574940.0 1.13,1.421,1.037,0.015,0.948,0.001,0.318
1580136982708173.5 1.149,1.405,1.044,0.011,0.95,0.009,0.313
1580136982834587.8 1.151,1.398,1.04,0.009,0.948,0.007,0.318
1580136982966137.0 1.148,1.397,1.043,0.013,0.948,0.012,0.318
1580136983072663.0 1.149,1.397,1.043,0.017,0.947,0.011,0.322
1580136983203689.0 1.148,1.398,1.042,0.016,0.948,0.011,0.318
1580136983333553.2 1.145,1.395,1.046,0.017,0.948,0.02,0.318
1580136983465364.2 1.145,1.393,1.047,0.017,0.946,0.023,0.322
1580136983565559.5 1.145,1.394,1.046,0.02,0.947,0.022,0.321
1580136983704369.0 1.146,1.395,1.046,0.024,0.948,0.026,0.318
1580136983838608.2 1.15,1.396,1.044,0.024,0.947,0.024,0.32
1580136983966649.5 1.151,1.397,1.044,0.021,0.946,0.021,0.322
1580136984077746.5 1.152,1.397,1.043,0.021,0.946,0.019,0.322
1580136984199147.2 1.155,1.399,1.046,0.022,0.947,0.022,0.32
1580136984301733.5 1.156,1.398,1.046,0.022,0.947,0.019,0.32
1580136984435472.8 1.157,1.397,1.045,0.024,0.946,0.018,0.322
1580136984535095.2 1.158,1.398,1.047,0.022,0.947,0.02,0.32
1580136984636952.8 1.158,1.397,1.043,0.015,0.947,0.01,0.32
1580136984767503.5 1.156,1.395,1.045,0.014,0.949,0.015,0.315
1580136984865547.0 1.157,1.393,1.041,0.012,0.953,0.002,0.303
1580136984999183.8 1.158,1.392,1.042,0.022,0.951,0.011,0.309
1580136985100531.5 1.159,1.391,1.042,0.022,0.952,0.008,0.304
1580136985234825.8 1.159,1.391,1.04,0.023,0.954,0.002,0.3
1580136985334597.8 1.159,1.392,1.04,0.026,0.954,0.003,0.3
1580136985471280.8 1.159,1.392,1.041,0.026,0.95,0.005,0.311
1580136985570984.2 1.16,1.392,1.044,0.026,0.951,0.004,0.308
1580136985706903.2 1.159,1.393,1.047,0.027,0.951,0.003,0.307
1580136985830902.0 1.16,1.393,1.05,0.028,0.951,0.006,0.309
1580136985934055.8 1.161,1.392,1.051,0.03,0.95,0.004,0.31
1580136986069937.8 1.16,1.39,1.051,0.031,0.95,0.007,0.312
1580136986209312.2 1.158,1.389,1.057,0.033,0.948,0.019,0.314
1580136986312884.5 1.154,1.386,1.067,0.032,0.949,0.051,0.31
1580136986435016.0 1.155,1.385,1.066,0.029,0.95,0.045,0.309
1580136986566921.5 1.155,1.386,1.065,0.032,0.946,0.044,0.318
1580136986669666.2 1.152,1.379,1.064,0.022,0.947,0.042,0.317
1580136986800489.0 1.147,1.34,1.067,-0.007,0.946,0.06,0.319
1580136986908579.5 1.148,1.278,1.065,-0.035,0.941,0.108,0.319
1580136987038133.2 1.152,1.158,1.058,-0.086,0.919,0.249,0.292
1580136987175920.0 1.182,1.048,1.047,-0.101,0.871,0.404,0.259
1580136987294849.0 1.22,1.017,1.037,-0.084,0.864,0.442,0.224
1580136987421360.5 1.28,1.021,1.033,-0.068,0.888,0.44,0.114
1580136987545257.0 1.368,1.018,1.031,-0.033,0.89,0.455,0.022
1580136987672958.5 1.472,1.016,1.029,-0.021,-0.876,-0.481,0.035
1580136987797745.0 1.558,1.006,1.03,-0.052,-0.869,-0.479,0.11
1580136987919507.2 1.688,0.989,1.045,-0.106,-0.846,-0.489,0.185
1580136988063750.5 1.823,0.987,1.065,-0.131,-0.829,-0.485,0.245
1580136988173211.5 1.957,0.994,1.075,-0.157,-0.808,-0.483,0.298
1580136988301642.5 2.032,1.011,1.09,-0.159,-0.801,-0.476,0.326
1580136988402837.2 2.086,1.014,1.104,-0.169,-0.787,-0.481,0.347
1580136988516536.8 2.149,1.022,1.144,-0.183,-0.772,-0.478,0.377
1580136988621713.0 2.204,1.003,1.17,-0.198,-0.761,-0.485,0.383
1580136988737654.2 2.248,1.005,1.226,-0.201,-0.764,-0.479,0.383
1580136988842722.2 2.291,0.988,1.285,-0.202,-0.77,-0.478,0.371
1580136988946918.8 2.377,0.984,1.381,-0.206,-0.761,-0.496,0.364
1580136989064417.5 2.409,0.986,1.455,-0.194,-0.773,-0.48,0.366
1580136989261188.8 2.496,0.999,1.565,-0.178,-0.785,-0.469,0.364
1580136989363371.0 2.562,0.988,1.648,-0.173,-0.795,-0.466,0.349
1580136989472909.5 2.635,0.963,1.725,-0.177,-0.795,-0.474,0.334
1580136989613538.2 2.734,0.952,1.822,-0.174,-0.803,-0.473,0.318
1580136989742310.5 2.829,0.982,1.92,-0.172,-0.814,-0.469,0.297
1580136989872995.8 2.908,0.998,2.018,-0.136,-0.821,-0.468,0.297
1580136989982323.2 2.96,1.001,2.083,-0.13,-0.824,-0.464,0.297
1580136990116090.8 3.041,0.985,2.187,-0.132,-0.821,-0.465,0.304
1580136990239220.0 3.11,0.979,2.265,-0.138,-0.818,-0.457,0.321
1580136990356899.0 3.198,0.996,2.358,-0.157,-0.796,-0.473,0.344
1580136990466165.5 3.248,1.008,2.42,-0.15,-0.813,-0.451,0.337
1580136990584478.8 3.305,1.005,2.501,-0.151,-0.816,-0.46,0.316
1580136990707303.5 3.361,0.984,2.59,-0.12,-0.829,-0.479,0.263
1580136990834751.0 3.405,0.963,2.656,-0.085,-0.84,-0.491,0.216
1580136990967882.2 3.448,0.943,2.733,-0.033,-0.847,-0.516,0.124
1580136991108505.2 3.448,0.954,2.813,0.014,-0.845,-0.533,0.036
1580136991206352.2 3.446,0.957,2.824,0.031,-0.85,-0.526,0.004
1580136991347122.0 3.397,0.964,2.812,-0.065,0.845,0.524,0.078
1580136991502359.5 3.309,0.978,2.76,-0.132,0.83,0.502,0.204
1580136991628558.8 3.234,0.987,2.687,-0.185,0.803,0.476,0.307
1580136991745286.8 3.148,0.995,2.554,-0.253,0.75,0.43,0.435
1580136991873876.5 3.086,0.999,2.406,-0.314,0.687,0.379,0.535
1580136991983013.8 3.049,0.999,2.294,-0.354,0.646,0.348,0.58
1580136992093379.8 3.007,0.996,2.16,-0.38,0.586,0.321,0.639
1580136992249953.2 2.974,0.993,2.038,-0.409,0.543,0.294,0.672
1580136992374088.8 2.944,0.993,1.933,-0.439,0.484,0.259,0.712
1580136992498706.2 2.918,0.975,1.828,-0.463,0.419,0.209,0.753
1580136992609154.2 2.878,0.962,1.717,-0.477,0.359,0.16,0.786
1580136992737719.0 2.835,0.949,1.613,-0.496,0.301,0.096,0.809
1580136992869418.5 2.823,0.962,1.516,-0.518,0.212,0.037,0.828
1580136993003173.8 2.837,0.973,1.45,-0.517,0.145,0,0.844
1580136993114578.8 2.862,0.972,1.385,-0.516,0.077,-0.026,0.853
1580136993221562.8 2.9,0.966,1.289,-0.514,0.01,-0.058,0.856
1580136993342474.0 2.931,0.948,1.161,-0.501,-0.012,-0.097,0.86
1580136993456011.8 2.96,0.944,1.068,-0.51,-0.041,-0.113,0.852
1580136993579857.2 3.014,0.972,0.966,-0.497,-0.101,-0.13,0.852
1580136993679678.2 3.06,0.988,0.901,-0.487,-0.151,-0.15,0.847
1580136993806672.0 3.104,0.984,0.821,-0.476,-0.2,-0.171,0.84
1580136993937504.8 3.138,0.962,0.73,-0.471,-0.239,-0.207,0.823
1580136994065411.2 3.18,0.955,0.614,-0.441,-0.28,-0.24,0.818
1580136994172856.2 3.209,0.969,0.538,-0.443,-0.316,-0.265,0.796
1580136994303011.5 3.246,0.993,0.456,-0.425,-0.337,-0.28,0.792
1580136994410819.2 3.266,0.989,0.38,-0.438,-0.332,-0.269,0.791
1580136994531004.2 3.286,0.975,0.271,-0.449,-0.307,-0.243,0.803
1580136994633128.5 3.293,0.973,0.186,-0.454,-0.274,-0.216,0.82
1580136994764284.5 3.277,0.974,0.074,-0.478,-0.187,-0.184,0.838
1580136994868565.8 3.242,0.973,0.003,-0.491,-0.129,-0.144,0.849
1580136994966260.2 3.197,0.971,-0.064,-0.506,-0.067,-0.105,0.853
1580136995073567.8 3.139,0.969,-0.124,-0.507,-0.022,-0.067,0.859
1580136995204863.0 3.043,0.963,-0.202,-0.507,0.042,-0.015,0.861
1580136995303912.5 2.952,0.96,-0.26,-0.498,0.081,0.019,0.863
1580136995413098.8 2.852,0.962,-0.307,-0.499,0.117,0.059,0.856
1580136995515693.0 2.75,0.976,-0.344,-0.495,0.162,0.082,0.85
1580136995634541.0 2.613,0.993,-0.367,-0.474,0.237,0.116,0.84
1580136995743333.5 2.52,1.001,-0.368,-0.457,0.31,0.142,0.822
1580136995870784.0 2.4,0.997,-0.362,-0.437,0.381,0.194,0.791
1580136995972491.2 2.314,0.99,-0.354,-0.427,0.432,0.228,0.761
1580136996122892.2 2.201,0.98,-0.35,-0.411,0.491,0.251,0.726
1580136996234466.2 2.083,0.972,-0.354,-0.409,0.534,0.274,0.688
1580136996347367.0 1.994,0.98,-0.347,-0.403,0.565,0.295,0.657
1580136996469793.8 1.903,0.984,-0.331,-0.392,0.595,0.314,0.627
1580136996572728.2 1.821,0.979,-0.304,-0.378,0.612,0.36,0.595
1580136996675800.8 1.708,0.951,-0.266,-0.364,0.622,0.393,0.571
1580136996806099.8 1.584,0.923,-0.22,-0.371,0.631,0.415,0.54
1580136996907096.0 1.482,0.917,-0.19,-0.381,0.623,0.438,0.524
1580136997022989.0 1.387,0.949,-0.169,-0.358,0.628,0.433,0.539
1580136997150572.8 1.298,0.974,-0.16,-0.349,0.634,0.422,0.545
1580136997245382.0 1.166,1.001,-0.137,-0.315,0.632,0.432,0.562
1580136997362507.0 1.023,1.012,-0.11,-0.291,0.657,0.414,0.559
1580136997468638.5 0.921,1.023,-0.095,-0.282,0.683,0.402,0.541
1580136997601569.8 0.799,1.045,-0.075,-0.277,0.704,0.408,0.511
1580136997731234.8 0.671,1.058,-0.057,-0.27,0.718,0.397,0.504
1580136997865917.2 0.546,1.063,-0.042,-0.257,0.71,0.411,0.511
1580136997970976.2 0.466,1.061,-0.043,-0.25,0.694,0.419,0.528
1580136998101015.2 0.371,1.058,-0.042,-0.262,0.672,0.44,0.535
1580136998211329.2 0.272,1.061,-0.056,-0.277,0.662,0.447,0.534
1580136998337485.2 0.187,1.059,-0.078,-0.284,0.666,0.432,0.538
1580136998455117.2 0.123,1.049,-0.097,-0.291,0.677,0.432,0.519
1580136998579960.5 0.051,1.043,-0.119,-0.286,0.679,0.474,0.482
1580136998707637.8 -0.018,1.048,-0.141,-0.295,0.688,0.47,0.468
1580136998846584.5 -0.072,1.047,-0.17,-0.296,0.686,0.468,0.472
