1580136857964322.0 0.983839,1.00233,3.465174,0.0,-0.089095,0.0,0.996023
1580136858566053.0 0.835608,0.983516,3.465666,0.0,-0.216481,0.0,0.976287
1580136859168183.8 0.308684,0.669824,1.945143,0.0,-0.984008,0.0,0.178122
1580136859769788.0 0.783709,0.619673,1.757009,0.0,0.990686,0.0,0.136165
1580136860371350.0 0.915561,0.579251,1.686175,0.0,0.973472,0.0,0.228807
1580136860972966.8 1.135499,0.526947,1.683355,0.0,0.937089,0.0,0.34909
1580136861574487.5 0.830476,0.680645,1.619662,0.0,0.999609,0.0,0.027949
1580136862176561.5 0.690976,0.651131,1.53395,0.0,-0.998851,0.0,0.047927
1580136862778539.0 1.180744,0.355962,1.67027,0.0,0.928883,0.0,0.370373
1580136863380219.5 1.19358,0.287734,1.730534,0.0,0.905416,0.0,0.424526
1580136863982270.8 1.162442,0.282249,1.58603,0.0,0.933203,0.0,0.359351
1580136864583922.8 1.082873,0.279354,1.483972,0.0,0.952616,0.0,0.304176
1580136865185569.0 1.089309,0.265048,1.505609,0.0,0.951412,0.0,0.307921
1580136865787274.0 1.182939,0.239326,1.960881,0.0,0.892446,0.0,0.451155
1580136866388956.5 1.186572,0.216174,1.771677,0.0,0.926698,0.0,0.375808
1580136866990950.8 1.171437,0.208164,1.517094,0.0,0.951707,0.0,0.307009
1580136867592169.2 1.163159,0.222557,1.211234,0.0,0.971717,0.0,0.236147
1580136868193986.5 1.125669,0.37065,1.042694,0.0,0.981175,0.0,0.193121
1580136868795963.2 1.159655,0.390514,0.977204,0.0,0.981979,0.0,0.188992
1580136869397666.0 1.161798,0.424482,0.954491,0.0,0.982078,0.0,0.188476
1580136869999732.8 1.140883,0.556942,0.934731,0.0,0.983667,0.0,0.179997
1580136870601227.0 1.141522,0.604805,0.939392,0.0,0.984073,0.0,0.177766
1580136871203199.0 1.148618,0.665437,0.905141,0.0,0.98434,0.0,0.176278
1580136871805050.2 1.149354,0.700099,0.91384,0.0,0.984461,0.0,0.175603
1580136872407039.8 1.144112,0.717788,0.918564,0.0,0.984516,0.0,0.175295
1580136873008602.8 1.159243,0.806795,0.913802,0.0,0.984648,0.0,0.174553
1580136873610292.5 1.170245,0.821522,0.95137,0.0,0.984842,0.0,0.173455
1580136874212091.8 1.199288,0.829184,0.949613,0.0,0.984669,0.0,0.174436
1580136874813884.0 1.237126,0.80296,0.931298,0.0,0.984101,0.0,0.177609
1580136875415428.5 1.32755,0.771987,0.874574,0.0,0.98305,0.0,0.18334
1580136876017104.5 1.42353,0.540597,0.790246,0.0,0.98126,0.0,0.192686
1580136876619024.8 1.543876,0.374553,0.8009,0.0,0.979897,0.0,0.199504
1580136877220730.2 1.582299,0.398667,0.761419,0.0,0.979403,0.0,0.201916
1580136877822334.0 1.614531,0.218122,0.709489,0.0,0.978091,0.0,0.208179
1580136878424386.8 1.594242,-0.130579,0.682259,0.0,0.977215,0.0,0.21225
1580136879026163.2 1.608578,-0.205806,0.628186,0.0,0.976749,0.0,0.214386
1580136879628123.5 1.688619,-0.282365,0.587536,0.0,0.976737,0.0,0.214441
1580136880230093.2 1.68016,-0.33168,0.556051,0.0,0.976695,0.0,0.214631
1580136880832103.2 1.679978,-0.235028,0.561049,0.0,0.976335,0.0,0.216266
1580136881433805.5 1.705714,-0.106224,0.534141,0.0,0.976101,0.0,0.217317
1580136882035769.8 1.700009,-0.111123,0.640789,0.0,0.975175,0.0,0.221434
1580136882637591.0 1.624679,-0.009425,0.74057,0.0,0.974458,0.0,0.224571
1580136883239497.2 1.652145,-0.017896,0.765132,0.0,0.974242,0.0,0.225504
1580136883841146.8 1.590309,0.034532,0.777556,0.0,0.974376,0.0,0.224925
1580136884443062.8 1.586116,0.063669,0.787103,0.0,0.974376,0.0,0.224924
1580136885045831.2 1.623375,0.102291,0.818212,0.0,0.973661,0.0,0.228
1580136885647142.5 1.657235,0.117577,0.823937,0.0,0.972903,0.0,0.231213
1580136886248703.2 1.650183,0.118402,0.820688,0.0,0.972996,0.0,0.230821
1580136886850782.2 1.673758,0.155372,0.864609,0.0,0.972743,0.0,0.231888
1580136887452698.0 1.70586,0.16663,0.907595,0.0,0.972706,0.0,0.232039
1580136888054488.2 1.710391,0.174617,0.928684,0.0,0.972542,0.0,0.232727
1580136888657038.5 1.702961,0.16894,0.943687,0.0,0.972355,0.0,0.233509
1580136889258877.8 1.726195,0.168655,1.012932,0.0,0.971972,0.0,0.235099
1580136889860610.2 1.670176,0.170648,1.070949,0.0,0.971251,0.0,0.238058
1580136890462315.8 1.636412,0.221029,1.118403,0.0,0.970897,0.0,0.239499
1580136891064260.5 1.603925,0.311201,1.222,0.0,0.970415,0.0,0.241442
1580136891665964.0 1.56037,0.342318,1.279997,0.0,0.970242,0.0,0.242138
1580136892267869.0 1.513134,0.271379,1.29142,0.0,0.97019,0.0,0.242344
1580136892869598.5 1.544535,0.300441,1.291855,0.0,0.970257,0.0,0.242077
1580136893471577.0 1.575681,0.266221,1.329006,0.0,0.970227,0.0,0.242198
1580136894073001.5 1.605054,0.264234,1.30751,0.0,0.970245,0.0,0.242125
1580136894675118.0 1.626929,0.27305,1.269731,0.0,0.970271,0.0,0.242021
1580136895276943.5 1.606023,0.286322,1.253857,0.0,0.970275,0.0,0.242004
1580136895878516.0 1.614058,0.298136,1.24297,0.0,0.970291,0.0,0.24194
1580136896480144.0 1.647103,0.314783,1.205254,0.0,0.970319,0.0,0.241827
1580136897082163.5 1.683009,0.315025,1.258103,0.0,0.970307,0.0,0.241875
1580136897683485.0 1.711645,0.327632,1.224888,0.0,0.970321,0.0,0.241819
1580136898285402.5 1.689984,0.30318,1.234074,0.0,0.970315,0.0,0.241843
1580136898887342.8 1.6921,0.294679,1.254109,0.0,0.970329,0.0,0.241787
1580136899489152.8 1.561153,0.249533,1.372356,0.0,0.970323,0.0,0.241814
1580136900091074.0 1.524848,0.24057,1.415602,0.0,0.970307,0.0,0.241877
1580136900692694.5 1.529397,0.226564,1.438524,0.0,0.970302,0.0,0.241897
1580136901294596.8 1.54201,0.208258,1.4499,0.0,0.970309,0.0,0.24187
1580136901896617.0 1.546133,0.18005,1.486157,0.0,0.970321,0.0,0.24182
1580136902498903.5 1.533206,0.165161,1.488776,0.0,0.970327,0.0,0.241797
1580136903100368.8 1.535054,0.162009,1.492175,0.0,0.970328,0.0,0.241794
1580136903700497.0 1.535744,0.161776,1.495964,0.0,0.970329,0.0,0.24179
1580136904302896.2 1.536784,0.16202,1.493834,0.0,0.97033,0.0,0.241783
1580136904904775.2 1.536082,0.16545,1.493041,0.0,0.970331,0.0,0.241782
1580136905506361.2 1.535203,0.166931,1.492337,0.0,0.970331,0.0,0.241781
1580136906108062.2 1.537842,0.153101,1.493627,0.0,0.97034,0.0,0.241744
1580136906709785.8 1.546656,0.133412,1.485994,0.0,0.970324,0.0,0.24181
1580136907311515.5 1.562188,0.112338,1.508811,0.0,0.970338,0.0,0.24175
1580136907913624.0 1.571853,0.104281,1.490307,0.0,0.970344,0.0,0.241729
1580136908515845.8 1.581765,0.089401,1.507328,0.0,0.970346,0.0,0.241719
1580136909117568.8 1.573484,0.099439,1.504519,0.0,0.970345,0.0,0.241723
1580136909719434.0 1.562864,0.123757,1.498771,0.0,0.970342,0.0,0.241735
1580136910321163.8 1.562243,0.143133,1.500056,0.0,0.970337,0.0,0.241755
1580136910923091.5 1.556867,0.168567,1.478277,0.0,0.970329,0.0,0.241789
1580136911525051.0 1.552955,0.175434,1.469379,0.0,0.970319,0.0,0.241828
1580136912127127.2 1.543796,0.181766,1.466194,0.0,0.970315,0.0,0.241846
1580136912728467.2 1.544213,0.185836,1.484682,0.0,0.97031,0.0,0.241863
1580136913330552.2 1.51068,0.223777,1.4679,0.0,0.970277,0.0,0.241998
1580136913932889.2 1.514872,0.245896,1.476619,0.0,0.970259,0.0,0.242067
1580136914534745.8 1.512693,0.245991,1.478605,0.0,0.970265,0.0,0.242047
1580136915136291.2 1.519289,0.243932,1.482467,0.0,0.970261,0.0,0.24206
1580136915738416.2 1.516488,0.240716,1.481295,0.0,0.970262,0.0,0.242058
1580136916340373.5 1.523167,0.21078,1.487025,0.0,0.970261,0.0,0.242059
1580136916940900.2 1.516293,0.207589,1.511074,0.0,0.970263,0.0,0.242053
1580136917543355.8 1.50949,0.210878,1.518438,0.0,0.970254,0.0,0.24209
1580136918145261.8 1.508705,0.209656,1.517193,0.0,0.970254,0.0,0.242089
1580136918747303.8 1.505025,0.187618,1.520636,0.0,0.970234,0.0,0.242168
1580136919349058.8 1.4538,0.073175,1.542491,0.0,0.970146,0.0,0.242523
1580136919951162.2 1.42638,0.016667,1.547635,0.0,0.970114,0.0,0.242649
1580136920553156.2 1.436543,0.011596,1.552073,0.0,0.97014,0.0,0.242546
1580136921154791.2 1.461782,-0.01109,1.560978,0.0,0.970211,0.0,0.242262
1580136921757030.0 1.497976,-0.012637,1.569864,0.0,0.970266,0.0,0.24204
1580136922358499.5 1.554996,-0.060201,1.491184,0.0,0.970185,0.0,0.242366
1580136922961510.2 1.611845,-0.07877,1.49079,0.0,0.970213,0.0,0.242252
1580136923563128.5 1.652186,-0.126362,1.421697,0.0,0.970189,0.0,0.242349
1580136924164959.8 1.674487,-0.153871,1.391126,0.0,0.970195,0.0,0.242326
1580136924766591.0 1.677799,-0.154961,1.387558,0.0,0.970206,0.0,0.242281
1580136925368382.0 1.678764,-0.16339,1.374932,0.0,0.970201,0.0,0.2423
1580136925970529.2 1.682539,-0.164578,1.370311,0.0,0.9702,0.0,0.242305
1580136926572135.0 1.676744,-0.177115,1.356781,0.0,0.970193,0.0,0.242333
1580136927174283.2 1.6873,-0.17864,1.33683,0.0,0.970188,0.0,0.242354
1580136927775797.5 1.681146,-0.172343,1.33181,0.0,0.970183,0.0,0.242375
1580136928378041.8 1.579872,-0.288268,1.360307,0.0,0.970089,0.0,0.242748
1580136928979722.0 1.568116,-0.2549,1.335081,0.0,0.970079,0.0,0.242789
1580136929581605.5 1.47663,-0.158431,1.424622,0.0,0.969946,0.0,0.243321
1580136930183454.0 1.430384,-0.111736,1.418399,0.0,0.969908,0.0,0.243473
1580136930785394.2 1.391597,-0.085029,1.367689,0.0,0.969879,0.0,0.243587
1580136931386906.0 1.365946,-0.061164,1.343822,0.0,0.96987,0.0,0.243621
1580136931988732.8 1.151532,0.036483,1.422698,0.0,0.969764,0.0,0.244045
1580136932590799.8 1.153111,0.038607,1.419921,0.0,0.969731,0.0,0.244177
1580136933192491.0 1.099783,0.074152,1.429866,0.0,0.969681,0.0,0.244376
1580136933794351.5 1.086754,0.107,1.403261,0.0,0.969646,0.0,0.244513
1580136934396434.2 1.016417,0.106777,1.449589,0.0,0.969659,0.0,0.244463
1580136934997982.0 1.006692,0.106889,1.447142,0.0,0.969663,0.0,0.244444
1580136935599922.5 1.074003,0.134785,1.398993,0.0,0.96963,0.0,0.244575
1580136936201402.2 1.02917,0.157309,1.410615,0.0,0.96963,0.0,0.244575
1580136936803723.0 1.041243,0.153634,1.444543,0.0,0.969642,0.0,0.24453
1580136937405583.0 1.073352,0.137033,1.418198,0.0,0.96955,0.0,0.244893
1580136938007245.2 1.102008,0.074406,1.347119,0.0,0.969333,0.0,0.24575
1580136938609373.0 1.079038,0.006847,1.254221,0.0,0.969253,0.0,0.246066
1580136939211065.8 1.051339,-0.021975,1.249584,0.0,0.969322,0.0,0.245794
1580136939811589.8 1.036628,-0.013731,1.234817,0.0,0.969326,0.0,0.245777
1580136940413793.0 1.001339,-0.042684,1.227337,0.0,0.96931,0.0,0.245841
1580136941015812.2 0.949978,-0.092428,1.186372,0.0,0.969323,0.0,0.245791
1580136941617609.8 0.971398,-0.317482,1.072261,0.0,0.96936,0.0,0.245644
1580136942219552.2 1.047582,-0.274014,1.113474,0.0,0.96931,0.0,0.245841
1580136942821355.8 1.083744,-0.241434,1.135829,0.0,0.969256,0.0,0.246054
1580136943422842.8 1.036736,-0.206702,1.196698,0.0,0.969168,0.0,0.2464
1580136944025187.2 0.953041,-0.144997,1.335963,0.0,0.969083,0.0,0.246733
1580136944626985.2 0.958365,-0.180135,1.342165,0.0,0.969087,0.0,0.246721
1580136945228106.0 1.140387,-0.079724,1.347137,0.0,0.968903,0.0,0.24744
1580136945830139.0 1.191174,-0.083942,1.333562,0.0,0.968848,0.0,0.247657
1580136946432111.0 1.254781,0.002018,1.334718,0.0,0.968768,0.0,0.24797
1580136947033924.0 1.27912,0.040428,1.358757,0.0,0.968763,0.0,0.24799
1580136947635860.5 1.279281,0.053262,1.357963,0.0,0.968767,0.0,0.247974
1580136948237806.0 1.296427,0.077538,1.357623,0.0,0.968747,0.0,0.248051
1580136948839542.2 1.320727,0.026969,1.299374,0.0,0.968633,0.0,0.248494
1580136949441386.5 1.343973,-0.086137,1.150979,0.0,0.968545,0.0,0.248838
1580136950043112.5 1.357187,-0.180947,1.082988,0.0,0.96853,0.0,0.248896
1580136950645094.8 1.324029,-0.235254,1.080671,0.0,0.968563,0.0,0.248768
1580136951245661.5 1.307164,-0.310045,1.037684,0.0,0.96859,0.0,0.248664
1580136951848059.0 1.292117,-0.3894,1.010723,0.0,0.968592,0.0,0.248655
1580136952449714.0 1.276013,-0.438599,1.030593,0.0,0.968606,0.0,0.248601
1580136953051888.5 1.268337,-0.44988,1.038239,0.0,0.968606,0.0,0.2486
1580136953653727.5 1.274308,-0.513994,1.030554,0.0,0.968627,0.0,0.248521
1580136954255525.0 1.29405,-0.511144,1.04029,0.0,0.968629,0.0,0.248513
1580136954857656.5 1.317818,-0.529897,1.092685,0.0,0.968613,0.0,0.248575
1580136955459206.8 1.347475,-0.551703,1.14996,0.0,0.968559,0.0,0.248784
1580136956061698.0 1.374762,-0.511793,1.202851,0.0,0.96848,0.0,0.249089
1580136956663142.8 1.336818,-0.469399,1.285443,0.0,0.968399,0.0,0.249405
1580136957265189.5 1.343614,-0.470214,1.287445,0.0,0.968401,0.0,0.249399
1580136957866937.0 1.36888,-0.495113,1.259004,0.0,0.96843,0.0,0.249284
1580136958468782.8 1.377143,-0.508185,1.286319,0.0,0.968422,0.0,0.249317
1580136959070851.0 1.367073,-0.49746,1.278248,0.0,0.968422,0.0,0.249317
1580136959672642.5 1.367823,-0.500014,1.285183,0.0,0.968422,0.0,0.249315
1580136960274335.2 1.351852,-0.504429,1.306963,0.0,0.96841,0.0,0.249361
1580136960876087.5 1.343816,-0.503277,1.296639,0.0,0.96841,0.0,0.249364
1580136961478096.5 1.340789,-0.500531,1.292173,0.0,0.968413,0.0,0.249351
1580136962080367.8 1.35276,-0.492051,1.305404,0.0,0.968408,0.0,0.249372
1580136962682049.8 1.327472,-0.453158,1.298022,0.0,0.9684,0.0,0.249402
1580136963284128.2 1.313603,-0.420009,1.292821,0.0,0.968392,0.0,0.249432
1580136963885829.8 1.314634,-0.361535,1.287333,0.0,0.968364,0.0,0.249544
1580136964487659.0 1.318623,-0.326692,1.322847,0.0,0.96835,0.0,0.249598
1580136965089040.0 1.334859,-0.290159,1.345451,0.0,0.968339,0.0,0.249639
1580136965690860.8 1.354973,-0.312156,1.360936,0.0,0.968342,0.0,0.249627
1580136966294518.2 1.383739,-0.347101,1.380722,0.0,0.968353,0.0,0.249584
1580136966893618.8 1.430426,-0.389992,1.380816,0.0,0.968347,0.0,0.249608
1580136967497204.2 1.431774,-0.392521,1.377575,0.0,0.968346,0.0,0.249612
1580136968098764.8 1.430091,-0.393224,1.370886,0.0,0.96835,0.0,0.249594
1580136968701136.5 1.430167,-0.39714,1.372012,0.0,0.968349,0.0,0.249602
1580136969302953.8 1.418621,-0.426929,1.372257,0.0,0.968357,0.0,0.249568
1580136969904137.8 1.418779,-0.406622,1.364768,0.0,0.96836,0.0,0.249558
1580136970506626.2 1.481917,-0.321688,1.316526,0.0,0.968352,0.0,0.249589
1580136971107748.8 1.452834,-0.321964,1.314407,0.0,0.968359,0.0,0.249562
1580136971709612.8 1.430624,-0.317512,1.291956,0.0,0.968351,0.0,0.249592
1580136972311554.2 1.4257,-0.299073,1.271638,0.0,0.96834,0.0,0.249636
1580136972913910.0 1.430018,-0.305713,1.261039,0.0,0.968336,0.0,0.24965
1580136973514615.8 1.441245,-0.260857,1.234662,0.0,0.96831,0.0,0.24975
1580136974117987.8 1.413047,-0.240952,1.225032,0.0,0.96831,0.0,0.24975
1580136974720057.0 1.392513,-0.217805,1.223487,0.0,0.968308,0.0,0.249759
1580136975321753.5 1.397449,-0.222161,1.223615,0.0,0.968306,0.0,0.249765
1580136975923974.0 1.401424,-0.212853,1.243936,0.0,0.968312,0.0,0.249744
1580136976525246.8 1.399607,-0.202012,1.241732,0.0,0.968314,0.0,0.249736
1580136977127423.8 1.413666,-0.17678,1.214899,0.0,0.968306,0.0,0.249767
1580136977728783.0 1.366699,-0.232466,1.226084,0.0,0.968319,0.0,0.249717
1580136978331446.8 1.352202,-0.25038,1.229014,0.0,0.968321,0.0,0.24971
1580136978931293.8 1.392403,-0.232928,1.23248,0.0,0.968312,0.0,0.249745
1580136979534647.5 1.406624,-0.233799,1.223695,0.0,0.968318,0.0,0.249721
1580136980135853.2 1.430747,-0.207599,1.225612,0.0,0.968306,0.0,0.249765
1580136980738510.5 1.423836,-0.199054,1.228028,0.0,0.96831,0.0,0.249753
1580136981339048.0 1.408392,-0.185245,1.220979,0.0,0.968318,0.0,0.24972
1580136981940862.2 1.399101,-0.172314,1.238532,0.0,0.968319,0.0,0.249718
1580136982542460.0 1.386158,-0.156795,1.264298,0.0,0.968309,0.0,0.249756
1580136983143068.5 1.371846,-0.145341,1.297141,0.0,0.968305,0.0,0.249771
1580136983745219.8 1.385864,-0.124842,1.301864,0.0,0.968305,0.0,0.249771
1580136984346933.5 1.388821,-0.119695,1.301223,0.0,0.968299,0.0,0.249793
1580136984948377.8 1.385877,-0.113573,1.305729,0.0,0.968289,0.0,0.249833
1580136985549984.8 1.379198,-0.106292,1.320814,0.0,0.968273,0.0,0.249894
1580136986152062.8 1.376428,-0.103901,1.317465,0.0,0.968273,0.0,0.249895
1580136986753777.5 1.376375,-0.10413,1.317451,0.0,0.968273,0.0,0.249894
1580136987354572.0 1.374794,-0.102354,1.316115,0.0,0.968275,0.0,0.249887
1580136987956819.2 1.357264,-0.122924,1.262268,0.0,0.968279,0.0,0.249871
1580136988558419.2 1.298678,-0.116285,1.219961,0.0,0.968285,0.0,0.249848
1580136989160488.8 1.30627,-0.075228,1.146657,0.0,0.968246,0.0,0.250001
1580136989762430.5 1.378653,-0.045795,1.096959,0.0,0.968172,0.0,0.250287
1580136990364625.0 1.424779,0.02924,1.067852,0.0,0.968111,0.0,0.250523
1580136990966404.8 1.419728,0.157206,1.040772,0.0,0.968095,0.0,0.250583
1580136991568159.5 1.477764,0.176117,1.001656,0.0,0.968056,0.0,0.250733
1580136992170467.2 1.515605,0.198028,1.049642,0.0,0.968049,0.0,0.250763
1580136992772094.2 1.504252,0.258933,1.11191,0.0,0.96804,0.0,0.250795
1580136993373625.8 1.535809,0.233378,1.078971,0.0,0.968001,0.0,0.250948
1580136993975070.5 1.501151,0.170189,1.137564,0.0,0.968049,0.0,0.250762
1580136994577058.2 1.453771,0.076596,1.113985,0.0,0.968019,0.0,0.250876
1580136995178971.0 1.361318,0.16073,1.074793,0.0,0.967905,0.0,0.251317
1580136995780553.5 1.341549,0.084336,0.991973,0.0,0.967886,0.0,0.251391
1580136996382464.2 1.300426,0.042048,1.00568,0.0,0.967849,0.0,0.251531
1580136996984260.5 1.316558,-0.004336,1.00872,0.0,0.967842,0.0,0.251558
1580136997586487.0 1.44737,-0.108647,0.976486,0.0,0.967961,0.0,0.251099
1580136998188244.8 1.339952,-0.105458,1.133624,0.0,0.967841,0.0,0.251564
1580136998789863.5 1.115099,-0.08262,1.335713,0.0,0.967728,0.0,0.251996
